2023-09-18 12:20:52,796 [INFO] Activator:176 - 


2023-09-18 12:20:52,804 [INFO] Activator:177 - !SESSION log4j initialized
2023-09-18 12:21:00,363 [INFO] LogOutputStream:77 - [STDOUT_REDIRECT] 
2023-09-18 12:21:02,019 [INFO] ApplicationProperties:184 - Using Application install path: C:\ST\STM32CubeIDE_1.13.1\STM32CubeIDE\plugins\com.st.stm32cube.common.mx_6.9.1.202307191849
2023-09-18 12:21:02,049 [INFO] DbMcusXml:78 - Set database path to: C:\ST\STM32CubeIDE_1.13.1\STM32CubeIDE\plugins\com.st.stm32cube.common.mx_6.9.1.202307191849\\db\/mcu/
2023-09-18 12:21:02,050 [INFO] ApiDb:274 - Set plugin database path to: C:\ST\STM32CubeIDE_1.13.1\STM32CubeIDE\plugins\com.st.stm32cube.common.mx_6.9.1.202307191849\\db\/plugins/boardmanager/
2023-09-18 12:21:02,051 [WARN] ApiDb:259 - Overriding images path with different value:  => C:\ST\STM32CubeIDE_1.13.1\STM32CubeIDE\plugins\com.st.stm32cube.common.mx_6.9.1.202307191849\\db\/plugins/mcufinder/images/
2023-09-18 12:21:02,070 [INFO] ApiDb:250 - Set database path to: C:\Users\Admin\.stmcufinder\plugins\mcufinder//mcu/
2023-09-18 12:21:02,071 [INFO] DbMcusAds:125 - Set database path to: C:\Users\Admin\.stmcufinder\plugins\mcufinder//mcu/
2023-09-18 12:21:02,074 [INFO] CrossReferenceDbSqlite:203 - Set database path to: C:\Users\Admin\.stmcufinder\plugins\mcufinder//mcu/cs/
2023-09-18 12:21:02,280 [INFO] RulesReader:64 - Compatibility file has been processed (293 Rules)
2023-09-18 12:21:02,806 [INFO] DbMcusXml:78 - Set database path to: C:\ST\STM32CubeIDE_1.13.1\STM32CubeIDE\plugins\com.st.stm32cube.common.mx_6.9.1.202307191849\\db\/mcu/
2023-09-18 12:21:02,807 [INFO] ApiDb:274 - Set plugin database path to: C:\ST\STM32CubeIDE_1.13.1\STM32CubeIDE\plugins\com.st.stm32cube.common.mx_6.9.1.202307191849\\db\/plugins/boardmanager/
2023-09-18 12:21:02,807 [INFO] ApiDb:261 - Set plugin images path to: C:\ST\STM32CubeIDE_1.13.1\STM32CubeIDE\plugins\com.st.stm32cube.common.mx_6.9.1.202307191849\\db\/plugins/mcufinder/images/
2023-09-18 12:21:02,808 [WARN] DbFile:41 - Overriding database path with different value: C:\Users\Admin\.stmcufinder\plugins\mcufinder/ => C:\Users\Admin\.stmcufinder\plugins\mcufinder
2023-09-18 12:21:02,808 [INFO] ApiDb:250 - Set database path to: C:\Users\Admin\.stmcufinder\plugins\mcufinder//mcu/
2023-09-18 12:21:02,808 [WARN] DbFile:41 - Overriding database path with different value: C:\Users\Admin\.stmcufinder\plugins\mcufinder/ => C:\Users\Admin\.stmcufinder\plugins\mcufinder
2023-09-18 12:21:02,808 [INFO] DbMcusAds:125 - Set database path to: C:\Users\Admin\.stmcufinder\plugins\mcufinder//mcu/
2023-09-18 12:21:02,808 [WARN] DbFile:41 - Overriding database path with different value: C:\Users\Admin\.stmcufinder\plugins\mcufinder/ => C:\Users\Admin\.stmcufinder\plugins\mcufinder
2023-09-18 12:21:02,808 [WARN] DbFile:41 - Overriding database path with different value: C:\Users\Admin\.stmcufinder\plugins\mcufinder/ => C:\Users\Admin\.stmcufinder\plugins\mcufinder
2023-09-18 12:21:02,809 [INFO] CrossReferenceDbSqlite:203 - Set database path to: C:\Users\Admin\.stmcufinder\plugins\mcufinder//mcu/cs/
2023-09-18 12:21:02,971 [INFO] MainPanel:262 - HeapMemory: 268435456
2023-09-18 12:21:03,128 [INFO] DbMcusXml:78 - Set database path to: C:\ST\STM32CubeIDE_1.13.1\STM32CubeIDE\plugins\com.st.stm32cube.common.mx_6.9.1.202307191849\\db\/mcu/
2023-09-18 12:21:03,128 [INFO] ApiDb:274 - Set plugin database path to: C:\ST\STM32CubeIDE_1.13.1\STM32CubeIDE\plugins\com.st.stm32cube.common.mx_6.9.1.202307191849\\db\/plugins/boardmanager/
2023-09-18 12:21:03,128 [INFO] ApiDb:261 - Set plugin images path to: C:\ST\STM32CubeIDE_1.13.1\STM32CubeIDE\plugins\com.st.stm32cube.common.mx_6.9.1.202307191849\\db\/plugins/mcufinder/images/
2023-09-18 12:21:03,129 [WARN] DbFile:41 - Overriding database path with different value: C:\Users\Admin\.stmcufinder\plugins\mcufinder/ => C:\Users\Admin\.stmcufinder\plugins\mcufinder
2023-09-18 12:21:03,129 [INFO] ApiDb:250 - Set database path to: C:\Users\Admin\.stmcufinder\plugins\mcufinder//mcu/
2023-09-18 12:21:03,130 [WARN] DbFile:41 - Overriding database path with different value: C:\Users\Admin\.stmcufinder\plugins\mcufinder/ => C:\Users\Admin\.stmcufinder\plugins\mcufinder
2023-09-18 12:21:03,130 [INFO] DbMcusAds:125 - Set database path to: C:\Users\Admin\.stmcufinder\plugins\mcufinder//mcu/
2023-09-18 12:21:03,130 [WARN] DbFile:41 - Overriding database path with different value: C:\Users\Admin\.stmcufinder\plugins\mcufinder/ => C:\Users\Admin\.stmcufinder\plugins\mcufinder
2023-09-18 12:21:03,130 [WARN] DbFile:41 - Overriding database path with different value: C:\Users\Admin\.stmcufinder\plugins\mcufinder/ => C:\Users\Admin\.stmcufinder\plugins\mcufinder
2023-09-18 12:21:03,130 [INFO] CrossReferenceDbSqlite:203 - Set database path to: C:\Users\Admin\.stmcufinder\plugins\mcufinder//mcu/cs/
2023-09-18 12:21:03,165 [INFO] ApplicationProperties:184 - Using Application install path: C:\ST\STM32CubeIDE_1.13.1\STM32CubeIDE\plugins\com.st.stm32cube.common.mx_6.9.1.202307191849
2023-09-18 12:21:03,170 [INFO] PluginManage:196 - Search for loadable plugins [exclusion list=, ]
2023-09-18 12:21:03,172 [INFO] PluginManage:310 - Check plugin analytics
2023-09-18 12:21:03,451 [INFO] AnalyticsPlugin:253 - Accepted Software Licenses: 
2023-09-18 12:21:03,452 [INFO] AnalyticsPlugin:255 - Accepted CMSIS Pack Licenses: 
2023-09-18 12:21:03,452 [INFO] AnalyticsPlugin:257 - Accepted Firmware Licenses: FW.L4.1.18.0
2023-09-18 12:21:03,456 [INFO] PluginManage:359 - Loaded plugin analytics (category:tool,tabindex:-1)
2023-09-18 12:21:03,456 [INFO] PluginManage:310 - Check plugin cadmodel
2023-09-18 12:21:03,465 [INFO] CADModel:105 - Init CAD model plugin
2023-09-18 12:21:03,466 [INFO] PluginManage:359 - Loaded plugin cadmodel (category:power,tabindex:5)
2023-09-18 12:21:03,466 [INFO] PluginManage:310 - Check plugin clock
2023-09-18 12:21:03,506 [INFO] PluginManage:359 - Loaded plugin clock (category:base,tabindex:2)
2023-09-18 12:21:03,506 [INFO] PluginManage:310 - Check plugin ddr
2023-09-18 12:21:03,514 [INFO] PluginManage:359 - Loaded plugin ddr (category:tool,tabindex:6)
2023-09-18 12:21:03,514 [INFO] PluginManage:310 - Check plugin filemanager
2023-09-18 12:21:03,784 [INFO] PluginManage:359 - Loaded plugin filemanager (category:base,tabindex:10)
2023-09-18 12:21:03,784 [INFO] PluginManage:310 - Check plugin ipmanager
2023-09-18 12:21:03,809 [INFO] PluginManage:359 - Loaded plugin ipmanager (category:base,tabindex:5)
2023-09-18 12:21:03,809 [INFO] PluginManage:310 - Check plugin lpbam
2023-09-18 12:21:03,826 [INFO] PluginManage:359 - Loaded plugin lpbam (category:base,tabindex:0)
2023-09-18 12:21:03,826 [INFO] PluginManage:310 - Check plugin memorymap
2023-09-18 12:21:03,854 [INFO] PluginManage:359 - Loaded plugin memorymap (category:base,tabindex:4)
2023-09-18 12:21:03,855 [INFO] PluginManage:310 - Check plugin pinoutandconfiguration
2023-09-18 12:21:03,869 [INFO] PluginManage:359 - Loaded plugin pinoutandconfiguration (category:base,tabindex:1)
2023-09-18 12:21:03,869 [INFO] PluginManage:310 - Check plugin pinoutconfig
2023-09-18 12:21:04,033 [WARN] SupportedApi:132 - Cannot load RTOS API schema: s4s-elt-must-match.1: The content of 'definitions' must match (annotation?, (simpleType | complexType)?, (unique | key | keyref)*)). A problem was found starting at: attribute.
2023-09-18 12:21:04,274 [INFO] PluginManage:359 - Loaded plugin pinoutconfig (category:base,tabindex:0)
2023-09-18 12:21:04,274 [INFO] PluginManage:310 - Check plugin power
2023-09-18 12:21:04,290 [INFO] PluginManage:359 - Loaded plugin power (category:power,tabindex:4)
2023-09-18 12:21:04,291 [INFO] PluginManage:310 - Check plugin projectmanager
2023-09-18 12:21:04,315 [INFO] PluginManage:359 - Loaded plugin projectmanager (category:projectmanager,tabindex:3)
2023-09-18 12:21:04,315 [INFO] PluginManage:310 - Check plugin thirdparty
2023-09-18 12:21:04,570 [WARN] IntegrityCheckThread:84 - waiting for thirdparty lock release [integrity check]
2023-09-18 12:21:04,572 [INFO] IntegrityCheckThread:86 - entering critical section [integrity check]
2023-09-18 12:21:04,572 [INFO] PluginManage:359 - Loaded plugin thirdparty (category:base,tabindex:-1)
2023-09-18 12:21:04,573 [INFO] ThirdPartyUpdaterWithRetryManager:70 - Updater plugin not ready yet. [1/15]
2023-09-18 12:21:04,573 [INFO] PluginManage:310 - Check plugin tools
2023-09-18 12:21:04,578 [INFO] PluginManage:359 - Loaded plugin tools (category:base,tabindex:7)
2023-09-18 12:21:04,579 [INFO] PluginManage:310 - Check plugin tutovideos
2023-09-18 12:21:04,946 [INFO] PluginManage:359 - Loaded plugin tutovideos (category:base,tabindex:-1)
2023-09-18 12:21:04,947 [INFO] PluginManage:310 - Check plugin updater
2023-09-18 12:21:04,969 [INFO] PluginManage:359 - Loaded plugin updater (category:base,tabindex:12)
2023-09-18 12:21:04,969 [INFO] PluginManage:310 - Check plugin userauth
2023-09-18 12:21:04,979 [INFO] UserAuth:113 - Init User Auth plugin
2023-09-18 12:21:04,979 [INFO] PluginManage:359 - Loaded plugin userauth (category:base,tabindex:14)
2023-09-18 12:21:04,980 [INFO] PluginManage:283 - PluginManage : Loaded plugins [17]
2023-09-18 12:21:05,443 [INFO] PinOutPanel:1499 - setPackage(No Configuration,No Configuration)
2023-09-18 12:21:05,706 [INFO] CADModel:165 - CPN selected for project level
2023-09-18 12:21:05,707 [INFO] CADModel:114 - Register for checkConnection events
2023-09-18 12:21:05,733 [INFO] IPUIPlugin:80 - create IPUIPlugin
2023-09-18 12:21:05,734 [INFO] PluginManager:220 - loadIPPluginJar : add adc
2023-09-18 12:21:05,737 [INFO] IPUIPlugin:80 - create IPUIPlugin
2023-09-18 12:21:05,737 [INFO] PluginManager:220 - loadIPPluginJar : add aes
2023-09-18 12:21:05,743 [INFO] IPUIPlugin:80 - create IPUIPlugin
2023-09-18 12:21:05,743 [INFO] PluginManager:220 - loadIPPluginJar : add can
2023-09-18 12:21:05,747 [INFO] IPUIPlugin:80 - create IPUIPlugin
2023-09-18 12:21:05,747 [INFO] PluginManager:220 - loadIPPluginJar : add comp
2023-09-18 12:21:05,750 [INFO] IPUIPlugin:80 - create IPUIPlugin
2023-09-18 12:21:05,750 [INFO] PluginManager:220 - loadIPPluginJar : add cryp
2023-09-18 12:21:05,756 [INFO] IPUIPlugin:80 - create IPUIPlugin
2023-09-18 12:21:05,756 [INFO] PluginManager:220 - loadIPPluginJar : add dfsdm
2023-09-18 12:21:05,765 [INFO] IPUIPlugin:80 - create IPUIPlugin
2023-09-18 12:21:05,766 [INFO] PluginManager:220 - loadIPPluginJar : add dma
2023-09-18 12:21:05,771 [INFO] IPUIPlugin:80 - create IPUIPlugin
2023-09-18 12:21:05,771 [INFO] PluginManager:220 - loadIPPluginJar : add dma3
2023-09-18 12:21:05,775 [INFO] IPUIPlugin:80 - create IPUIPlugin
2023-09-18 12:21:05,775 [INFO] PluginManager:220 - loadIPPluginJar : add fatfs
2023-09-18 12:21:05,781 [INFO] IPUIPlugin:80 - create IPUIPlugin
2023-09-18 12:21:05,781 [INFO] PluginManager:220 - loadIPPluginJar : add fmc
2023-09-18 12:21:05,793 [INFO] IPUIPlugin:80 - create IPUIPlugin
2023-09-18 12:21:05,793 [INFO] PluginManager:220 - loadIPPluginJar : add freertos
2023-09-18 12:21:05,796 [INFO] IPUIPlugin:80 - create IPUIPlugin
2023-09-18 12:21:05,797 [INFO] PluginManager:220 - loadIPPluginJar : add genericplugin
2023-09-18 12:21:05,802 [INFO] IPUIPlugin:80 - create IPUIPlugin
2023-09-18 12:21:05,802 [INFO] PluginManager:220 - loadIPPluginJar : add gfxmmu
2023-09-18 12:21:05,810 [INFO] IPUIPlugin:80 - create IPUIPlugin
2023-09-18 12:21:05,810 [INFO] PluginManager:220 - loadIPPluginJar : add gic
2023-09-18 12:21:05,815 [INFO] IPUIPlugin:80 - create IPUIPlugin
2023-09-18 12:21:05,815 [INFO] PluginManager:220 - loadIPPluginJar : add gpio
2023-09-18 12:21:05,821 [INFO] IPUIPlugin:80 - create IPUIPlugin
2023-09-18 12:21:05,821 [INFO] PluginManager:220 - loadIPPluginJar : add gtzc
2023-09-18 12:21:05,826 [INFO] IPUIPlugin:80 - create IPUIPlugin
2023-09-18 12:21:05,827 [INFO] PluginManager:220 - loadIPPluginJar : add hash
2023-09-18 12:21:05,831 [INFO] IPUIPlugin:80 - create IPUIPlugin
2023-09-18 12:21:05,831 [INFO] PluginManager:220 - loadIPPluginJar : add i2c
2023-09-18 12:21:05,835 [INFO] IPUIPlugin:80 - create IPUIPlugin
2023-09-18 12:21:05,836 [INFO] PluginManager:220 - loadIPPluginJar : add i2s
2023-09-18 12:21:05,839 [INFO] IPUIPlugin:80 - create IPUIPlugin
2023-09-18 12:21:05,839 [INFO] PluginManager:220 - loadIPPluginJar : add i3c
2023-09-18 12:21:05,846 [INFO] IPUIPlugin:80 - create IPUIPlugin
2023-09-18 12:21:05,846 [INFO] PluginManager:220 - loadIPPluginJar : add ipddr
2023-09-18 12:21:05,856 [INFO] IPUIPlugin:80 - create IPUIPlugin
2023-09-18 12:21:05,856 [INFO] PluginManager:220 - loadIPPluginJar : add linkedlist
2023-09-18 12:21:05,861 [INFO] IPUIPlugin:80 - create IPUIPlugin
2023-09-18 12:21:05,861 [INFO] PluginManager:220 - loadIPPluginJar : add lorawan
2023-09-18 12:21:05,865 [INFO] IPUIPlugin:80 - create IPUIPlugin
2023-09-18 12:21:05,865 [INFO] PluginManager:220 - loadIPPluginJar : add ltdc
2023-09-18 12:21:05,874 [INFO] IPUIPlugin:80 - create IPUIPlugin
2023-09-18 12:21:05,874 [INFO] PluginManager:220 - loadIPPluginJar : add mdma
2023-09-18 12:21:05,879 [INFO] IPUIPlugin:80 - create IPUIPlugin
2023-09-18 12:21:05,880 [INFO] PluginManager:220 - loadIPPluginJar : add nvic
2023-09-18 12:21:05,886 [INFO] IPUIPlugin:80 - create IPUIPlugin
2023-09-18 12:21:05,886 [INFO] PluginManager:220 - loadIPPluginJar : add opamp
2023-09-18 12:21:05,892 [INFO] IPUIPlugin:80 - create IPUIPlugin
2023-09-18 12:21:05,893 [INFO] PluginManager:220 - loadIPPluginJar : add openamp
2023-09-18 12:21:05,899 [INFO] IPUIPlugin:80 - create IPUIPlugin
2023-09-18 12:21:05,900 [INFO] PluginManager:220 - loadIPPluginJar : add pdm2pcm
2023-09-18 12:21:05,910 [INFO] IPUIPlugin:80 - create IPUIPlugin
2023-09-18 12:21:05,915 [INFO] PluginManager:220 - loadIPPluginJar : add plateformsettings
2023-09-18 12:21:05,918 [INFO] IPUIPlugin:80 - create IPUIPlugin
2023-09-18 12:21:05,919 [INFO] PluginManager:220 - loadIPPluginJar : add quadspi
2023-09-18 12:21:05,926 [INFO] IPUIPlugin:80 - create IPUIPlugin
2023-09-18 12:21:05,926 [INFO] PluginManager:220 - loadIPPluginJar : add resmgrutility
2023-09-18 12:21:05,931 [INFO] IPUIPlugin:80 - create IPUIPlugin
2023-09-18 12:21:05,931 [INFO] PluginManager:220 - loadIPPluginJar : add sai
2023-09-18 12:21:05,936 [INFO] IPUIPlugin:80 - create IPUIPlugin
2023-09-18 12:21:05,936 [INFO] PluginManager:220 - loadIPPluginJar : add spi
2023-09-18 12:21:05,944 [INFO] IPUIPlugin:80 - create IPUIPlugin
2023-09-18 12:21:05,944 [INFO] PluginManager:220 - loadIPPluginJar : add stm32_wpan
2023-09-18 12:21:05,948 [INFO] IPUIPlugin:80 - create IPUIPlugin
2023-09-18 12:21:05,948 [INFO] PluginManager:220 - loadIPPluginJar : add tim
2023-09-18 12:21:05,953 [INFO] IPUIPlugin:80 - create IPUIPlugin
2023-09-18 12:21:05,954 [INFO] PluginManager:220 - loadIPPluginJar : add touchsensing
2023-09-18 12:21:05,959 [INFO] IPUIPlugin:80 - create IPUIPlugin
2023-09-18 12:21:05,959 [INFO] PluginManager:220 - loadIPPluginJar : add tracer_emb
2023-09-18 12:21:05,963 [INFO] IPUIPlugin:80 - create IPUIPlugin
2023-09-18 12:21:05,963 [INFO] PluginManager:220 - loadIPPluginJar : add ts
2023-09-18 12:21:05,967 [INFO] IPUIPlugin:80 - create IPUIPlugin
2023-09-18 12:21:05,967 [INFO] PluginManager:220 - loadIPPluginJar : add tsc
2023-09-18 12:21:05,971 [INFO] IPUIPlugin:80 - create IPUIPlugin
2023-09-18 12:21:05,971 [INFO] PluginManager:220 - loadIPPluginJar : add ucpd
2023-09-18 12:21:05,976 [INFO] IPUIPlugin:80 - create IPUIPlugin
2023-09-18 12:21:05,976 [INFO] PluginManager:220 - loadIPPluginJar : add usart
2023-09-18 12:21:05,982 [INFO] IPUIPlugin:80 - create IPUIPlugin
2023-09-18 12:21:05,983 [INFO] PluginManager:220 - loadIPPluginJar : add usbx
2023-09-18 12:21:06,151 [INFO] CADModel:165 - CPN selected for project level
2023-09-18 12:21:06,151 [INFO] CADModel:114 - Register for checkConnection events
2023-09-18 12:21:06,151 [FATAL] Updater:308 - Updater called before beeing initialized
2023-09-18 12:21:06,151 [ERROR] CADModel:125 - Updater not yet initialized, retry later 
2023-09-18 12:21:06,547 [INFO] CADModel:165 - CPN selected for project level
2023-09-18 12:21:06,547 [INFO] CADModel:114 - Register for checkConnection events
2023-09-18 12:21:06,547 [FATAL] Updater:308 - Updater called before beeing initialized
2023-09-18 12:21:06,548 [ERROR] CADModel:125 - Updater not yet initialized, retry later 
2023-09-18 12:21:06,553 [FATAL] Updater:308 - Updater called before beeing initialized
2023-09-18 12:21:06,764 [FATAL] Updater:308 - Updater called before beeing initialized
2023-09-18 12:21:06,773 [INFO] DbMcusAds:53 - JSON generation date=Tue Mar 07 03:50:55 EST 2023 (1678179055114)
2023-09-18 12:21:06,773 [FATAL] Updater:308 - Updater called before beeing initialized
2023-09-18 12:21:06,829 [WARN] DetailPanel:346 - Failed to get advertising image, set to default
2023-09-18 12:21:06,955 [FATAL] Updater:308 - Updater called before beeing initialized
2023-09-18 12:21:06,958 [FATAL] Updater:308 - Updater called before beeing initialized
2023-09-18 12:21:06,958 [FATAL] Updater:308 - Updater called before beeing initialized
2023-09-18 12:21:06,958 [WARN] DetailPanel:346 - Failed to get advertising image, set to default
2023-09-18 12:21:06,959 [FATAL] Updater:308 - Updater called before beeing initialized
2023-09-18 12:21:07,016 [ERROR] Updater:1120 - MainUpdater not yet initialized. External WinMGr cannot be set.
2023-09-18 12:21:07,023 [INFO] Updater:1056 - Updater Version found : 6.9.1
2023-09-18 12:21:07,032 [INFO] ApplicationProperties:184 - Using Application install path: C:\ST\STM32CubeIDE_1.13.1\STM32CubeIDE\plugins\com.st.stm32cube.common.mx_6.9.1.202307191849
2023-09-18 12:21:07,310 [INFO] MainUpdater:2868 - connection check result : 10
2023-09-18 12:21:07,310 [INFO] MainUpdater:285 - Updater Check For Update Now.
2023-09-18 12:21:07,310 [INFO] MicroXplorer:498 - Change Database Version : DB.6.0.91
2023-09-18 12:21:07,314 [INFO] McuFinderGlobals:63 - Set McuFinder mode to 2 (CubeIDE integrated)
2023-09-18 12:21:07,314 [INFO] UserAuth:179 - activating auth plugin
2023-09-18 12:21:07,322 [INFO] UserAuth:393 - Internet connection configuration mode: 1
2023-09-18 12:21:07,350 [INFO] JxBrowserEngine:151 - Initiate JxBrowser Engine with user profile folder
2023-09-18 12:21:07,557 [INFO] CheckServerUpdateThread:120 - End of CheckServer Thread
2023-09-18 12:21:07,834 [WARN] PackLoader:240 - Cannot read IP mode file for STMicroelectronics.X-CUBE-SMBUS.2.1.0
2023-09-18 12:21:07,882 [WARN] PackLoader:240 - Cannot read IP mode file for STMicroelectronics.X-CUBE-AZRTOS-F7.1.1.0
2023-09-18 12:21:07,901 [WARN] PackLoader:240 - Cannot read IP mode file for STMicroelectronics.FP-SNS-MOTENV1.4.3.2
2023-09-18 12:21:07,912 [WARN] PackLoader:240 - Cannot read IP mode file for STMicroelectronics.FP-SNS-FLIGHT1.5.0.2
2023-09-18 12:21:07,926 [WARN] PackLoader:240 - Cannot read IP mode file for STMicroelectronics.X-CUBE-DISPLAY.3.0.0
2023-09-18 12:21:07,947 [WARN] PackLoader:240 - Cannot read IP mode file for STMicroelectronics.X-CUBE-BLE1.7.0.0
2023-09-18 12:21:07,960 [WARN] PackLoader:240 - Cannot read IP mode file for emotas.I-CUBE-CANOPEN.1.3.0
2023-09-18 12:21:07,969 [WARN] PackLoader:240 - Cannot read IP mode file for STMicroelectronics.X-CUBE-TOUCHGFX.4.22.0
2023-09-18 12:21:07,977 [WARN] PackLoader:240 - Cannot read IP mode file for STMicroelectronics.FP-SNS-SMARTAG2.1.2.0
2023-09-18 12:21:07,992 [INFO] LogOutputStream:77 - [STDOUT_REDIRECT] 1 : Invalid condition id : UX_CORESTACK_Condition cause : null
2023-09-18 12:21:07,992 [INFO] LogOutputStream:77 - [STDOUT_REDIRECT] 1 : Invalid condition id : UX_CORESTACK_Condition cause : null
2023-09-18 12:21:07,992 [INFO] LogOutputStream:77 - [STDOUT_REDIRECT] 1 : Invalid condition id : UX_CORESTACK_Condition cause : null
2023-09-18 12:21:07,992 [INFO] LogOutputStream:77 - [STDOUT_REDIRECT] 1 : Invalid condition id : UX_CORESTACK_Condition cause : null
2023-09-18 12:21:07,992 [INFO] LogOutputStream:77 - [STDOUT_REDIRECT] 1 : Invalid condition id : UX_CORESTACK_Condition cause : null
2023-09-18 12:21:08,002 [WARN] PackLoader:240 - Cannot read IP mode file for STMicroelectronics.X-CUBE-AZRTOS-WL.2.0.0
2023-09-18 12:21:08,018 [WARN] PackLoader:240 - Cannot read IP mode file for WES.I-CUBE-Cesium.1.3.0
2023-09-18 12:21:08,025 [WARN] PackLoader:240 - Cannot read IP mode file for STMicroelectronics.X-CUBE-BLE2.3.3.0
2023-09-18 12:21:08,036 [WARN] PackLoader:240 - Cannot read IP mode file for STMicroelectronics.X-CUBE-ALGOBUILD.1.3.0
2023-09-18 12:21:08,065 [WARN] PackLoader:240 - Cannot read IP mode file for STMicroelectronics.X-CUBE-AZRTOS-G0.1.1.0
2023-09-18 12:21:08,082 [WARN] PackLoader:240 - Cannot read IP mode file for STMicroelectronics.X-CUBE-NFC4.3.0.0
2023-09-18 12:21:08,090 [WARN] PackLoader:240 - Cannot read IP mode file for STMicroelectronics.FP-ATR-SIGFOX1.3.2.0
2023-09-18 12:21:08,130 [WARN] PackLoader:240 - Cannot read IP mode file for SEGGER.I-CUBE-embOS.1.3.1
2023-09-18 12:21:08,181 [WARN] PackLoader:240 - Cannot read IP mode file for STMicroelectronics.X-CUBE-GNSS1.6.0.0
2023-09-18 12:21:08,197 [WARN] PackLoader:240 - Cannot read IP mode file for STMicroelectronics.X-CUBE-AZRTOS-F4.1.1.0
2023-09-18 12:21:08,205 [WARN] PackLoader:240 - Cannot read IP mode file for wolfSSL.I-CUBE-wolfSSL.5.6.3
2023-09-18 12:21:08,221 [WARN] PackLoader:240 - Cannot read IP mode file for STMicroelectronics.X-CUBE-AZRTOS-L5.2.0.0
2023-09-18 12:21:08,269 [WARN] PackLoader:240 - Cannot read IP mode file for STMicroelectronics.X-CUBE-MEMS1.9.6.0
2023-09-18 12:21:08,399 [WARN] PackLoader:240 - Cannot read IP mode file for STMicroelectronics.X-CUBE-BLEMGR.2.0.0
2023-09-18 12:21:08,424 [WARN] ConditionMgr:438 - getConditionDescription Invalid condition id : UX DEVICE CLASS RTOS Condition cause : null
2023-09-18 12:21:08,424 [WARN] ConditionMgr:438 - getConditionDescription Invalid condition id : UX DEVICE CLASS RTOS Condition cause : null
2023-09-18 12:21:08,429 [WARN] PackLoader:240 - Cannot read IP mode file for STMicroelectronics.X-CUBE-AZRTOS-H7.3.1.0
2023-09-18 12:21:08,430 [WARN] ConditionMgr:1039 - genDependencies : Invalid condition id : UX DEVICE CLASS RTOS Condition cause : null
2023-09-18 12:21:08,430 [WARN] ConditionMgr:1039 - genDependencies : Invalid condition id : UX DEVICE CLASS RTOS Condition cause : null
2023-09-18 12:21:08,430 [WARN] ConditionMgr:1039 - genDependencies : Invalid condition id : UX DEVICE CLASS RTOS Condition cause : null
2023-09-18 12:21:08,430 [WARN] ConditionMgr:1039 - genDependencies : Invalid condition id : UX DEVICE CLASS RTOS Condition cause : null
2023-09-18 12:21:08,430 [WARN] ConditionMgr:1039 - genDependencies : Invalid condition id : UX DEVICE CLASS RTOS Condition cause : null
2023-09-18 12:21:08,462 [WARN] PackLoader:240 - Cannot read IP mode file for STMicroelectronics.X-CUBE-NFC7.1.0.1
2023-09-18 12:21:08,474 [WARN] PackLoader:240 - Cannot read IP mode file for STMicroelectronics.X-CUBE-NFC6.3.0.0
2023-09-18 12:21:08,486 [WARN] PackLoader:240 - Cannot read IP mode file for STMicroelectronics.X-CUBE-EEPRMA1.4.1.0
2023-09-18 12:21:08,494 [WARN] PackLoader:240 - Cannot read IP mode file for STMicroelectronics.X-CUBE-AI.8.1.0
2023-09-18 12:21:08,526 [WARN] ConditionMgr:438 - getConditionDescription Invalid condition id : LAN8742 Phy interface Condition cause : null
2023-09-18 12:21:08,526 [WARN] PackLoader:240 - Cannot read IP mode file for STMicroelectronics.X-CUBE-AZRTOS-L4.2.0.0
2023-09-18 12:21:08,526 [WARN] ConditionMgr:1039 - genDependencies : Invalid condition id : LAN8742 Phy interface Condition cause : null
2023-09-18 12:21:08,526 [WARN] ConditionMgr:1039 - genDependencies : Invalid condition id : LAN8742 Phy interface Condition cause : null
2023-09-18 12:21:08,526 [WARN] ConditionMgr:1039 - genDependencies : Invalid condition id : LAN8742 Phy interface Condition cause : null
2023-09-18 12:21:08,543 [WARN] PackLoader:240 - Cannot read IP mode file for STMicroelectronics.X-CUBE-SFXS2LP1.4.0.0
2023-09-18 12:21:08,551 [WARN] PackLoader:240 - Cannot read IP mode file for STMicroelectronics.X-CUBE-ISPU.1.1.0
2023-09-18 12:21:08,575 [WARN] ConditionMgr:438 - getConditionDescription Invalid condition id : UX DEVICE CLASS RTOS Condition cause : null
2023-09-18 12:21:08,575 [WARN] ConditionMgr:438 - getConditionDescription Invalid condition id : UX DEVICE CLASS RTOS Condition cause : null
2023-09-18 12:21:08,575 [WARN] PackLoader:240 - Cannot read IP mode file for STMicroelectronics.X-CUBE-AZRTOS-WB.2.0.0
2023-09-18 12:21:08,575 [WARN] ConditionMgr:1039 - genDependencies : Invalid condition id : UX DEVICE CLASS RTOS Condition cause : null
2023-09-18 12:21:08,575 [WARN] ConditionMgr:1039 - genDependencies : Invalid condition id : UX DEVICE CLASS RTOS Condition cause : null
2023-09-18 12:21:08,583 [WARN] ConditionMgr:1039 - genDependencies : Invalid condition id : UX DEVICE CLASS RTOS Condition cause : null
2023-09-18 12:21:08,583 [WARN] ConditionMgr:1039 - genDependencies : Invalid condition id : UX DEVICE CLASS RTOS Condition cause : null
2023-09-18 12:21:08,583 [WARN] ConditionMgr:1039 - genDependencies : Invalid condition id : UX DEVICE CLASS RTOS Condition cause : null
2023-09-18 12:21:08,600 [WARN] PackLoader:240 - Cannot read IP mode file for STMicroelectronics.X-CUBE-SUBG2.5.0.0
2023-09-18 12:21:08,616 [WARN] PackLoader:240 - Cannot read IP mode file for STMicroelectronics.X-CUBE-TOF1.3.3.1
2023-09-18 12:21:08,648 [WARN] PackLoader:240 - Cannot read IP mode file for STMicroelectronics.X-CUBE-AZRTOS-G4.2.0.0
2023-09-18 12:21:08,666 [WARN] PackLoader:240 - Cannot read IP mode file for STMicroelectronics.X-CUBE-FREERTOS.1.1.0
2023-09-18 12:21:08,674 [WARN] PackLoader:240 - Cannot read IP mode file for portGmbH.I-Cube-SoM-uGOAL.1.1.0
2023-09-18 12:21:08,686 [WARN] PackLoader:240 - Cannot read IP mode file for STMicroelectronics.X-CUBE-ALS.1.0.1
2023-09-18 12:21:08,690 [WARN] PackLoader:240 - Cannot read IP mode file for STMicroelectronics.FP-ATR-ASTRA1.2.0.0
2023-09-18 12:21:08,690 [INFO] ThirdParty:978 - Integrity check success = true
2023-09-18 12:21:08,690 [INFO] IntegrityCheckThread:100 - exiting critical section [integrity check]
2023-09-18 12:21:08,698 [INFO] IntegrityCheckThread:103 - End integrity checks thread
2023-09-18 12:21:08,874 [INFO] WebApp:157 - Instantiating new browser for Auth
2023-09-18 12:21:09,741 [INFO] WebApp:753 - Register for checkConnection events
2023-09-18 12:21:09,741 [INFO] WebApp:390 - Apply proxy settings
2023-09-18 12:21:09,741 [INFO] WebApp:475 - Chromium requires no authentication
2023-09-18 12:21:09,749 [INFO] WebApp:418 - Direct internet connection detected
2023-09-18 12:21:09,902 [INFO] WebApp:188 - Starting web application
2023-09-18 12:21:09,902 [INFO] WebApp:520 - Web application path used C:\ST\STM32CubeIDE_1.13.1\STM32CubeIDE\plugins\com.st.stm32cube.common.mx_6.9.1.202307191849\db\plugins\mcufinder\reactClient1\index.html
2023-09-18 12:21:30,756 [ERROR] LogOutputStream:75 - [STDERR_REDIRECT] SLF4J: Failed to load class "org.slf4j.impl.StaticLoggerBinder".
2023-09-18 12:21:30,756 [ERROR] LogOutputStream:75 - [STDERR_REDIRECT] SLF4J: Defaulting to no-operation (NOP) logger implementation
2023-09-18 12:21:30,757 [ERROR] LogOutputStream:75 - [STDERR_REDIRECT] SLF4J: See http://www.slf4j.org/codes.html#StaticLoggerBinder for further details.
2023-09-18 12:22:08,635 [INFO] LogOutputStream:77 - [STDOUT_REDIRECT] Exception in update check thread
2023-09-18 12:22:08,638 [ERROR] LogOutputStream:75 - [STDERR_REDIRECT] java.lang.IllegalStateException: bundle org.eclipse.equinox.p2.repositoryis not started
2023-09-18 12:22:08,639 [ERROR] LogOutputStream:75 - [STDERR_REDIRECT] 	at org.eclipse.equinox.internal.p2.repository.Activator.getContext(Activator.java:65)
2023-09-18 12:22:08,642 [ERROR] LogOutputStream:75 - [STDERR_REDIRECT] 	at org.eclipse.equinox.internal.p2.repository.helpers.AbstractRepositoryManager.restoreFromSystemProperty(AbstractRepositoryManager.java:1013)
2023-09-18 12:22:08,645 [ERROR] LogOutputStream:75 - [STDERR_REDIRECT] 	at org.eclipse.equinox.internal.p2.repository.helpers.AbstractRepositoryManager.restoreRepositories(AbstractRepositoryManager.java:1033)
2023-09-18 12:22:08,649 [ERROR] LogOutputStream:75 - [STDERR_REDIRECT] 	at org.eclipse.equinox.internal.p2.repository.helpers.AbstractRepositoryManager.sortSuffixes(AbstractRepositoryManager.java:1112)
2023-09-18 12:22:08,652 [ERROR] LogOutputStream:75 - [STDERR_REDIRECT] 	at org.eclipse.equinox.internal.p2.repository.helpers.AbstractRepositoryManager.loadRepository(AbstractRepositoryManager.java:676)
2023-09-18 12:22:08,654 [ERROR] LogOutputStream:75 - [STDERR_REDIRECT] 	at org.eclipse.equinox.internal.p2.metadata.repository.MetadataRepositoryManager.loadRepository(MetadataRepositoryManager.java:110)
2023-09-18 12:22:08,659 [ERROR] LogOutputStream:75 - [STDERR_REDIRECT] 	at org.eclipse.equinox.internal.p2.metadata.repository.MetadataRepositoryManager.loadRepository(MetadataRepositoryManager.java:105)
2023-09-18 12:22:08,660 [ERROR] LogOutputStream:75 - [STDERR_REDIRECT] 	at org.eclipse.equinox.internal.p2.updatechecker.UpdateChecker.getAvailableRepositories(UpdateChecker.java:152)
2023-09-18 12:22:08,664 [ERROR] LogOutputStream:75 - [STDERR_REDIRECT] 	at org.eclipse.equinox.internal.p2.updatechecker.UpdateChecker.checkForUpdates(UpdateChecker.java:130)
2023-09-18 12:22:08,667 [ERROR] LogOutputStream:75 - [STDERR_REDIRECT] 	at org.eclipse.equinox.internal.p2.updatechecker.UpdateChecker$UpdateCheckThread.run(UpdateChecker.java:78)
