2023-10-26 15:49:33,980 [INFO] Activator:176 - 


2023-10-26 15:49:33,989 [INFO] Activator:177 - !SESSION log4j initialized
2023-10-26 15:49:40,976 [INFO] LogOutputStream:77 - [STDOUT_REDIRECT] 
2023-10-26 15:49:42,755 [INFO] ApplicationProperties:184 - Using Application install path: C:\ST\STM32CubeIDE_1.13.1\STM32CubeIDE\plugins\com.st.stm32cube.common.mx_6.9.1.202307191849
2023-10-26 15:49:42,785 [INFO] DbMcusXml:78 - Set database path to: C:\ST\STM32CubeIDE_1.13.1\STM32CubeIDE\plugins\com.st.stm32cube.common.mx_6.9.1.202307191849\\db\/mcu/
2023-10-26 15:49:42,785 [INFO] ApiDb:274 - Set plugin database path to: C:\ST\STM32CubeIDE_1.13.1\STM32CubeIDE\plugins\com.st.stm32cube.common.mx_6.9.1.202307191849\\db\/plugins/boardmanager/
2023-10-26 15:49:42,786 [WARN] ApiDb:259 - Overriding images path with different value:  => C:\ST\STM32CubeIDE_1.13.1\STM32CubeIDE\plugins\com.st.stm32cube.common.mx_6.9.1.202307191849\\db\/plugins/mcufinder/images/
2023-10-26 15:49:42,804 [INFO] ApiDb:250 - Set database path to: C:\Users\Admin\.stmcufinder\plugins\mcufinder//mcu/
2023-10-26 15:49:42,806 [INFO] DbMcusAds:125 - Set database path to: C:\Users\Admin\.stmcufinder\plugins\mcufinder//mcu/
2023-10-26 15:49:42,808 [INFO] CrossReferenceDbSqlite:203 - Set database path to: C:\Users\Admin\.stmcufinder\plugins\mcufinder//mcu/cs/
2023-10-26 15:49:42,986 [INFO] RulesReader:64 - Compatibility file has been processed (293 Rules)
2023-10-26 15:49:43,117 [INFO] DbMcusXml:78 - Set database path to: C:\ST\STM32CubeIDE_1.13.1\STM32CubeIDE\plugins\com.st.stm32cube.common.mx_6.9.1.202307191849\\db\/mcu/
2023-10-26 15:49:43,117 [INFO] ApiDb:274 - Set plugin database path to: C:\ST\STM32CubeIDE_1.13.1\STM32CubeIDE\plugins\com.st.stm32cube.common.mx_6.9.1.202307191849\\db\/plugins/boardmanager/
2023-10-26 15:49:43,118 [INFO] ApiDb:261 - Set plugin images path to: C:\ST\STM32CubeIDE_1.13.1\STM32CubeIDE\plugins\com.st.stm32cube.common.mx_6.9.1.202307191849\\db\/plugins/mcufinder/images/
2023-10-26 15:49:43,118 [WARN] DbFile:41 - Overriding database path with different value: C:\Users\Admin\.stmcufinder\plugins\mcufinder/ => C:\Users\Admin\.stmcufinder\plugins\mcufinder
2023-10-26 15:49:43,118 [INFO] ApiDb:250 - Set database path to: C:\Users\Admin\.stmcufinder\plugins\mcufinder//mcu/
2023-10-26 15:49:43,118 [WARN] DbFile:41 - Overriding database path with different value: C:\Users\Admin\.stmcufinder\plugins\mcufinder/ => C:\Users\Admin\.stmcufinder\plugins\mcufinder
2023-10-26 15:49:43,118 [INFO] DbMcusAds:125 - Set database path to: C:\Users\Admin\.stmcufinder\plugins\mcufinder//mcu/
2023-10-26 15:49:43,118 [WARN] DbFile:41 - Overriding database path with different value: C:\Users\Admin\.stmcufinder\plugins\mcufinder/ => C:\Users\Admin\.stmcufinder\plugins\mcufinder
2023-10-26 15:49:43,118 [WARN] DbFile:41 - Overriding database path with different value: C:\Users\Admin\.stmcufinder\plugins\mcufinder/ => C:\Users\Admin\.stmcufinder\plugins\mcufinder
2023-10-26 15:49:43,119 [INFO] CrossReferenceDbSqlite:203 - Set database path to: C:\Users\Admin\.stmcufinder\plugins\mcufinder//mcu/cs/
2023-10-26 15:49:43,229 [INFO] MainPanel:262 - HeapMemory: 268435456
2023-10-26 15:49:43,353 [INFO] DbMcusXml:78 - Set database path to: C:\ST\STM32CubeIDE_1.13.1\STM32CubeIDE\plugins\com.st.stm32cube.common.mx_6.9.1.202307191849\\db\/mcu/
2023-10-26 15:49:43,353 [INFO] ApiDb:274 - Set plugin database path to: C:\ST\STM32CubeIDE_1.13.1\STM32CubeIDE\plugins\com.st.stm32cube.common.mx_6.9.1.202307191849\\db\/plugins/boardmanager/
2023-10-26 15:49:43,353 [INFO] ApiDb:261 - Set plugin images path to: C:\ST\STM32CubeIDE_1.13.1\STM32CubeIDE\plugins\com.st.stm32cube.common.mx_6.9.1.202307191849\\db\/plugins/mcufinder/images/
2023-10-26 15:49:43,354 [WARN] DbFile:41 - Overriding database path with different value: C:\Users\Admin\.stmcufinder\plugins\mcufinder/ => C:\Users\Admin\.stmcufinder\plugins\mcufinder
2023-10-26 15:49:43,354 [INFO] ApiDb:250 - Set database path to: C:\Users\Admin\.stmcufinder\plugins\mcufinder//mcu/
2023-10-26 15:49:43,354 [WARN] DbFile:41 - Overriding database path with different value: C:\Users\Admin\.stmcufinder\plugins\mcufinder/ => C:\Users\Admin\.stmcufinder\plugins\mcufinder
2023-10-26 15:49:43,354 [INFO] DbMcusAds:125 - Set database path to: C:\Users\Admin\.stmcufinder\plugins\mcufinder//mcu/
2023-10-26 15:49:43,355 [WARN] DbFile:41 - Overriding database path with different value: C:\Users\Admin\.stmcufinder\plugins\mcufinder/ => C:\Users\Admin\.stmcufinder\plugins\mcufinder
2023-10-26 15:49:43,355 [WARN] DbFile:41 - Overriding database path with different value: C:\Users\Admin\.stmcufinder\plugins\mcufinder/ => C:\Users\Admin\.stmcufinder\plugins\mcufinder
2023-10-26 15:49:43,355 [INFO] CrossReferenceDbSqlite:203 - Set database path to: C:\Users\Admin\.stmcufinder\plugins\mcufinder//mcu/cs/
2023-10-26 15:49:43,404 [INFO] ApplicationProperties:184 - Using Application install path: C:\ST\STM32CubeIDE_1.13.1\STM32CubeIDE\plugins\com.st.stm32cube.common.mx_6.9.1.202307191849
2023-10-26 15:49:43,406 [INFO] PluginManage:196 - Search for loadable plugins [exclusion list=, ]
2023-10-26 15:49:43,408 [INFO] PluginManage:310 - Check plugin analytics
2023-10-26 15:49:43,628 [INFO] AnalyticsPlugin:253 - Accepted Software Licenses: 
2023-10-26 15:49:43,628 [INFO] AnalyticsPlugin:255 - Accepted CMSIS Pack Licenses: 
2023-10-26 15:49:43,628 [INFO] AnalyticsPlugin:257 - Accepted Firmware Licenses: FW.L4.1.18.0
2023-10-26 15:49:43,632 [INFO] PluginManage:359 - Loaded plugin analytics (category:tool,tabindex:-1)
2023-10-26 15:49:43,632 [INFO] PluginManage:310 - Check plugin cadmodel
2023-10-26 15:49:43,642 [INFO] CADModel:105 - Init CAD model plugin
2023-10-26 15:49:43,642 [INFO] PluginManage:359 - Loaded plugin cadmodel (category:power,tabindex:5)
2023-10-26 15:49:43,642 [INFO] PluginManage:310 - Check plugin clock
2023-10-26 15:49:43,659 [INFO] PluginManage:359 - Loaded plugin clock (category:base,tabindex:2)
2023-10-26 15:49:43,660 [INFO] PluginManage:310 - Check plugin ddr
2023-10-26 15:49:43,664 [INFO] PluginManage:359 - Loaded plugin ddr (category:tool,tabindex:6)
2023-10-26 15:49:43,665 [INFO] PluginManage:310 - Check plugin filemanager
2023-10-26 15:49:43,864 [INFO] PluginManage:359 - Loaded plugin filemanager (category:base,tabindex:10)
2023-10-26 15:49:43,865 [INFO] PluginManage:310 - Check plugin ipmanager
2023-10-26 15:49:43,876 [INFO] PluginManage:359 - Loaded plugin ipmanager (category:base,tabindex:5)
2023-10-26 15:49:43,876 [INFO] PluginManage:310 - Check plugin lpbam
2023-10-26 15:49:43,886 [INFO] PluginManage:359 - Loaded plugin lpbam (category:base,tabindex:0)
2023-10-26 15:49:43,886 [INFO] PluginManage:310 - Check plugin memorymap
2023-10-26 15:49:43,907 [INFO] PluginManage:359 - Loaded plugin memorymap (category:base,tabindex:4)
2023-10-26 15:49:43,908 [INFO] PluginManage:310 - Check plugin pinoutandconfiguration
2023-10-26 15:49:43,919 [INFO] PluginManage:359 - Loaded plugin pinoutandconfiguration (category:base,tabindex:1)
2023-10-26 15:49:43,919 [INFO] PluginManage:310 - Check plugin pinoutconfig
2023-10-26 15:49:44,035 [WARN] SupportedApi:132 - Cannot load RTOS API schema: s4s-elt-must-match.1: The content of 'definitions' must match (annotation?, (simpleType | complexType)?, (unique | key | keyref)*)). A problem was found starting at: attribute.
2023-10-26 15:49:44,206 [INFO] PluginManage:359 - Loaded plugin pinoutconfig (category:base,tabindex:0)
2023-10-26 15:49:44,207 [INFO] PluginManage:310 - Check plugin power
2023-10-26 15:49:44,224 [INFO] PluginManage:359 - Loaded plugin power (category:power,tabindex:4)
2023-10-26 15:49:44,224 [INFO] PluginManage:310 - Check plugin projectmanager
2023-10-26 15:49:44,244 [INFO] PluginManage:359 - Loaded plugin projectmanager (category:projectmanager,tabindex:3)
2023-10-26 15:49:44,244 [INFO] PluginManage:310 - Check plugin thirdparty
2023-10-26 15:49:44,466 [INFO] PluginManage:359 - Loaded plugin thirdparty (category:base,tabindex:-1)
2023-10-26 15:49:44,466 [WARN] IntegrityCheckThread:84 - waiting for thirdparty lock release [integrity check]
2023-10-26 15:49:44,466 [INFO] PluginManage:310 - Check plugin tools
2023-10-26 15:49:44,466 [INFO] IntegrityCheckThread:86 - entering critical section [integrity check]
2023-10-26 15:49:44,467 [INFO] ThirdPartyUpdaterWithRetryManager:70 - Updater plugin not ready yet. [1/15]
2023-10-26 15:49:44,473 [INFO] PluginManage:359 - Loaded plugin tools (category:base,tabindex:7)
2023-10-26 15:49:44,474 [INFO] PluginManage:310 - Check plugin tutovideos
2023-10-26 15:49:44,710 [INFO] PluginManage:359 - Loaded plugin tutovideos (category:base,tabindex:-1)
2023-10-26 15:49:44,711 [INFO] PluginManage:310 - Check plugin updater
2023-10-26 15:49:44,727 [INFO] PluginManage:359 - Loaded plugin updater (category:base,tabindex:12)
2023-10-26 15:49:44,727 [INFO] PluginManage:310 - Check plugin userauth
2023-10-26 15:49:44,737 [INFO] UserAuth:113 - Init User Auth plugin
2023-10-26 15:49:44,737 [INFO] PluginManage:359 - Loaded plugin userauth (category:base,tabindex:14)
2023-10-26 15:49:44,738 [INFO] PluginManage:283 - PluginManage : Loaded plugins [17]
2023-10-26 15:49:45,096 [INFO] PinOutPanel:1499 - setPackage(No Configuration,No Configuration)
2023-10-26 15:49:45,296 [INFO] CADModel:165 - CPN selected for project level
2023-10-26 15:49:45,296 [INFO] CADModel:114 - Register for checkConnection events
2023-10-26 15:49:45,320 [INFO] IPUIPlugin:80 - create IPUIPlugin
2023-10-26 15:49:45,321 [INFO] PluginManager:220 - loadIPPluginJar : add adc
2023-10-26 15:49:45,325 [INFO] IPUIPlugin:80 - create IPUIPlugin
2023-10-26 15:49:45,325 [INFO] PluginManager:220 - loadIPPluginJar : add aes
2023-10-26 15:49:45,331 [INFO] IPUIPlugin:80 - create IPUIPlugin
2023-10-26 15:49:45,331 [INFO] PluginManager:220 - loadIPPluginJar : add can
2023-10-26 15:49:45,334 [INFO] IPUIPlugin:80 - create IPUIPlugin
2023-10-26 15:49:45,334 [INFO] PluginManager:220 - loadIPPluginJar : add comp
2023-10-26 15:49:45,339 [INFO] IPUIPlugin:80 - create IPUIPlugin
2023-10-26 15:49:45,339 [INFO] PluginManager:220 - loadIPPluginJar : add cryp
2023-10-26 15:49:45,343 [INFO] IPUIPlugin:80 - create IPUIPlugin
2023-10-26 15:49:45,343 [INFO] PluginManager:220 - loadIPPluginJar : add dfsdm
2023-10-26 15:49:45,351 [INFO] IPUIPlugin:80 - create IPUIPlugin
2023-10-26 15:49:45,352 [INFO] PluginManager:220 - loadIPPluginJar : add dma
2023-10-26 15:49:45,355 [INFO] IPUIPlugin:80 - create IPUIPlugin
2023-10-26 15:49:45,356 [INFO] PluginManager:220 - loadIPPluginJar : add dma3
2023-10-26 15:49:45,358 [INFO] IPUIPlugin:80 - create IPUIPlugin
2023-10-26 15:49:45,358 [INFO] PluginManager:220 - loadIPPluginJar : add fatfs
2023-10-26 15:49:45,364 [INFO] IPUIPlugin:80 - create IPUIPlugin
2023-10-26 15:49:45,364 [INFO] PluginManager:220 - loadIPPluginJar : add fmc
2023-10-26 15:49:45,371 [INFO] IPUIPlugin:80 - create IPUIPlugin
2023-10-26 15:49:45,371 [INFO] PluginManager:220 - loadIPPluginJar : add freertos
2023-10-26 15:49:45,374 [INFO] IPUIPlugin:80 - create IPUIPlugin
2023-10-26 15:49:45,374 [INFO] PluginManager:220 - loadIPPluginJar : add genericplugin
2023-10-26 15:49:45,377 [INFO] IPUIPlugin:80 - create IPUIPlugin
2023-10-26 15:49:45,377 [INFO] PluginManager:220 - loadIPPluginJar : add gfxmmu
2023-10-26 15:49:45,383 [INFO] IPUIPlugin:80 - create IPUIPlugin
2023-10-26 15:49:45,384 [INFO] PluginManager:220 - loadIPPluginJar : add gic
2023-10-26 15:49:45,389 [INFO] IPUIPlugin:80 - create IPUIPlugin
2023-10-26 15:49:45,389 [INFO] PluginManager:220 - loadIPPluginJar : add gpio
2023-10-26 15:49:45,392 [INFO] IPUIPlugin:80 - create IPUIPlugin
2023-10-26 15:49:45,393 [INFO] PluginManager:220 - loadIPPluginJar : add gtzc
2023-10-26 15:49:45,397 [INFO] IPUIPlugin:80 - create IPUIPlugin
2023-10-26 15:49:45,397 [INFO] PluginManager:220 - loadIPPluginJar : add hash
2023-10-26 15:49:45,401 [INFO] IPUIPlugin:80 - create IPUIPlugin
2023-10-26 15:49:45,401 [INFO] PluginManager:220 - loadIPPluginJar : add i2c
2023-10-26 15:49:45,404 [INFO] IPUIPlugin:80 - create IPUIPlugin
2023-10-26 15:49:45,404 [INFO] PluginManager:220 - loadIPPluginJar : add i2s
2023-10-26 15:49:45,408 [INFO] IPUIPlugin:80 - create IPUIPlugin
2023-10-26 15:49:45,409 [INFO] PluginManager:220 - loadIPPluginJar : add i3c
2023-10-26 15:49:45,413 [INFO] IPUIPlugin:80 - create IPUIPlugin
2023-10-26 15:49:45,413 [INFO] PluginManager:220 - loadIPPluginJar : add ipddr
2023-10-26 15:49:45,422 [INFO] IPUIPlugin:80 - create IPUIPlugin
2023-10-26 15:49:45,422 [INFO] PluginManager:220 - loadIPPluginJar : add linkedlist
2023-10-26 15:49:45,426 [INFO] IPUIPlugin:80 - create IPUIPlugin
2023-10-26 15:49:45,426 [INFO] PluginManager:220 - loadIPPluginJar : add lorawan
2023-10-26 15:49:45,429 [INFO] IPUIPlugin:80 - create IPUIPlugin
2023-10-26 15:49:45,429 [INFO] PluginManager:220 - loadIPPluginJar : add ltdc
2023-10-26 15:49:45,436 [INFO] IPUIPlugin:80 - create IPUIPlugin
2023-10-26 15:49:45,437 [INFO] PluginManager:220 - loadIPPluginJar : add mdma
2023-10-26 15:49:45,442 [INFO] IPUIPlugin:80 - create IPUIPlugin
2023-10-26 15:49:45,442 [INFO] PluginManager:220 - loadIPPluginJar : add nvic
2023-10-26 15:49:45,446 [INFO] IPUIPlugin:80 - create IPUIPlugin
2023-10-26 15:49:45,447 [INFO] PluginManager:220 - loadIPPluginJar : add opamp
2023-10-26 15:49:45,451 [INFO] IPUIPlugin:80 - create IPUIPlugin
2023-10-26 15:49:45,451 [INFO] PluginManager:220 - loadIPPluginJar : add openamp
2023-10-26 15:49:45,455 [INFO] IPUIPlugin:80 - create IPUIPlugin
2023-10-26 15:49:45,456 [INFO] PluginManager:220 - loadIPPluginJar : add pdm2pcm
2023-10-26 15:49:45,463 [INFO] IPUIPlugin:80 - create IPUIPlugin
2023-10-26 15:49:45,466 [INFO] PluginManager:220 - loadIPPluginJar : add plateformsettings
2023-10-26 15:49:45,468 [INFO] IPUIPlugin:80 - create IPUIPlugin
2023-10-26 15:49:45,469 [INFO] PluginManager:220 - loadIPPluginJar : add quadspi
2023-10-26 15:49:45,474 [INFO] IPUIPlugin:80 - create IPUIPlugin
2023-10-26 15:49:45,474 [INFO] PluginManager:220 - loadIPPluginJar : add resmgrutility
2023-10-26 15:49:45,477 [INFO] IPUIPlugin:80 - create IPUIPlugin
2023-10-26 15:49:45,477 [INFO] PluginManager:220 - loadIPPluginJar : add sai
2023-10-26 15:49:45,480 [INFO] IPUIPlugin:80 - create IPUIPlugin
2023-10-26 15:49:45,480 [INFO] PluginManager:220 - loadIPPluginJar : add spi
2023-10-26 15:49:45,486 [INFO] IPUIPlugin:80 - create IPUIPlugin
2023-10-26 15:49:45,486 [INFO] PluginManager:220 - loadIPPluginJar : add stm32_wpan
2023-10-26 15:49:45,488 [INFO] IPUIPlugin:80 - create IPUIPlugin
2023-10-26 15:49:45,489 [INFO] PluginManager:220 - loadIPPluginJar : add tim
2023-10-26 15:49:45,492 [INFO] IPUIPlugin:80 - create IPUIPlugin
2023-10-26 15:49:45,492 [INFO] PluginManager:220 - loadIPPluginJar : add touchsensing
2023-10-26 15:49:45,495 [INFO] IPUIPlugin:80 - create IPUIPlugin
2023-10-26 15:49:45,495 [INFO] PluginManager:220 - loadIPPluginJar : add tracer_emb
2023-10-26 15:49:45,498 [INFO] IPUIPlugin:80 - create IPUIPlugin
2023-10-26 15:49:45,498 [INFO] PluginManager:220 - loadIPPluginJar : add ts
2023-10-26 15:49:45,500 [INFO] IPUIPlugin:80 - create IPUIPlugin
2023-10-26 15:49:45,501 [INFO] PluginManager:220 - loadIPPluginJar : add tsc
2023-10-26 15:49:45,503 [INFO] IPUIPlugin:80 - create IPUIPlugin
2023-10-26 15:49:45,503 [INFO] PluginManager:220 - loadIPPluginJar : add ucpd
2023-10-26 15:49:45,506 [INFO] IPUIPlugin:80 - create IPUIPlugin
2023-10-26 15:49:45,506 [INFO] PluginManager:220 - loadIPPluginJar : add usart
2023-10-26 15:49:45,510 [INFO] IPUIPlugin:80 - create IPUIPlugin
2023-10-26 15:49:45,510 [INFO] PluginManager:220 - loadIPPluginJar : add usbx
2023-10-26 15:49:45,658 [INFO] CADModel:165 - CPN selected for project level
2023-10-26 15:49:45,658 [INFO] CADModel:114 - Register for checkConnection events
2023-10-26 15:49:45,658 [FATAL] Updater:308 - Updater called before beeing initialized
2023-10-26 15:49:45,659 [ERROR] CADModel:125 - Updater not yet initialized, retry later 
2023-10-26 15:49:45,888 [INFO] CADModel:165 - CPN selected for project level
2023-10-26 15:49:45,888 [INFO] CADModel:114 - Register for checkConnection events
2023-10-26 15:49:45,888 [FATAL] Updater:308 - Updater called before beeing initialized
2023-10-26 15:49:45,889 [ERROR] CADModel:125 - Updater not yet initialized, retry later 
2023-10-26 15:49:45,896 [FATAL] Updater:308 - Updater called before beeing initialized
2023-10-26 15:49:46,124 [FATAL] Updater:308 - Updater called before beeing initialized
2023-10-26 15:49:46,134 [INFO] DbMcusAds:53 - JSON generation date=Tue Mar 07 03:50:55 EST 2023 (1678179055114)
2023-10-26 15:49:46,135 [FATAL] Updater:308 - Updater called before beeing initialized
2023-10-26 15:49:46,211 [WARN] DetailPanel:346 - Failed to get advertising image, set to default
2023-10-26 15:49:46,342 [FATAL] Updater:308 - Updater called before beeing initialized
2023-10-26 15:49:46,345 [FATAL] Updater:308 - Updater called before beeing initialized
2023-10-26 15:49:46,345 [FATAL] Updater:308 - Updater called before beeing initialized
2023-10-26 15:49:46,345 [WARN] DetailPanel:346 - Failed to get advertising image, set to default
2023-10-26 15:49:46,346 [FATAL] Updater:308 - Updater called before beeing initialized
2023-10-26 15:49:46,420 [ERROR] Updater:1120 - MainUpdater not yet initialized. External WinMGr cannot be set.
2023-10-26 15:49:46,425 [INFO] Updater:1056 - Updater Version found : 6.9.1
2023-10-26 15:49:46,460 [INFO] ApplicationProperties:184 - Using Application install path: C:\ST\STM32CubeIDE_1.13.1\STM32CubeIDE\plugins\com.st.stm32cube.common.mx_6.9.1.202307191849
2023-10-26 15:49:46,672 [INFO] MainUpdater:2868 - connection check result : 10
2023-10-26 15:49:46,673 [INFO] MainUpdater:3562 - Updater definition file requires update
2023-10-26 15:49:46,675 [INFO] MainUpdater:285 - Updater Check For Update Now.
2023-10-26 15:49:46,675 [INFO] MicroXplorer:498 - Change Database Version : DB.6.0.91
2023-10-26 15:49:46,685 [INFO] McuFinderGlobals:63 - Set McuFinder mode to 2 (CubeIDE integrated)
2023-10-26 15:49:46,685 [INFO] UserAuth:179 - activating auth plugin
2023-10-26 15:49:46,689 [INFO] UserAuth:393 - Internet connection configuration mode: 1
2023-10-26 15:49:46,690 [INFO] ServerAccessManage:473 - Download File updaters.zip
2023-10-26 15:49:46,727 [INFO] JxBrowserEngine:151 - Initiate JxBrowser Engine with user profile folder
2023-10-26 15:49:46,769 [INFO] FileExtend:240 - Unzip File : updaters.zip
2023-10-26 15:49:46,769 [INFO] FileExtend:255 - Standard Zip Deflate
2023-10-26 15:49:47,468 [WARN] MainUpdater:1189 - Updater busy. Cannot search thirdparties
2023-10-26 15:49:47,469 [INFO] ThirdPartyUpdaterWithRetryManager:96 - Updater plugin is busy. [1/15]
2023-10-26 15:49:48,632 [INFO] WebApp:157 - Instantiating new browser for Auth
2023-10-26 15:49:49,437 [INFO] WebApp:753 - Register for checkConnection events
2023-10-26 15:49:49,437 [INFO] WebApp:390 - Apply proxy settings
2023-10-26 15:49:49,437 [INFO] WebApp:475 - Chromium requires no authentication
2023-10-26 15:49:49,452 [INFO] WebApp:418 - Direct internet connection detected
2023-10-26 15:49:49,661 [INFO] WebApp:188 - Starting web application
2023-10-26 15:49:49,661 [INFO] WebApp:520 - Web application path used C:\ST\STM32CubeIDE_1.13.1\STM32CubeIDE\plugins\com.st.stm32cube.common.mx_6.9.1.202307191849\db\plugins\mcufinder\reactClient1\index.html
2023-10-26 15:49:50,471 [WARN] MainUpdater:1189 - Updater busy. Cannot search thirdparties
2023-10-26 15:49:50,471 [INFO] ThirdPartyUpdaterWithRetryManager:96 - Updater plugin is busy. [2/15]
2023-10-26 15:49:50,516 [INFO] ServerAccessManage:473 - Download File PacksControlFlags.xml
2023-10-26 15:49:50,613 [INFO] ServerAccessManage:473 - Download File cubemx.pidx
2023-10-26 15:49:51,466 [INFO] ServerAccessManage:473 - Download File STMicroelectronics.X-CUBE-EEPRMA1.pdsc
2023-10-26 15:49:51,838 [ERROR] ServerAccessManage:1089 - Problem, file not found on Server
2023-10-26 15:49:52,036 [INFO] ServerAccessManage:473 - Download File STMicroelectronics.X-CUBE-MEMS1.pdsc
2023-10-26 15:49:53,472 [WARN] MainUpdater:1189 - Updater busy. Cannot search thirdparties
2023-10-26 15:49:53,472 [INFO] ThirdPartyUpdaterWithRetryManager:96 - Updater plugin is busy. [3/15]
2023-10-26 15:49:53,791 [ERROR] ServerAccessManage:1096 - Problem, Http access forbiden
2023-10-26 15:49:53,792 [ERROR] ServerAccessManage:651 - Problem, Http access forbiden : RoweBots.I-CUBE-UNISONRTOS.pdsc.
2023-10-26 15:49:54,244 [WARN] PackLoader:240 - Cannot read IP mode file for STMicroelectronics.X-CUBE-EEPRMA1.4.2.0
2023-10-26 15:49:54,290 [WARN] PackLoader:240 - Cannot read IP mode file for STMicroelectronics.X-CUBE-MEMS1.10.0.0
2023-10-26 15:49:54,386 [INFO] PopulateThirdPartyThread:66 - Ending populate Thread
2023-10-26 15:49:54,388 [INFO] ThirdParty:1030 - CMSIS Pack Vendor :STMicroelectronics X-CUBE-MEMS1 10.0.0
2023-10-26 15:49:54,388 [INFO] ThirdParty:1030 - CMSIS Pack Vendor :STMicroelectronics X-CUBE-EEPRMA1 4.2.0
2023-10-26 15:49:54,388 [INFO] LoadServerUpdatesThread:373 - End of LoadServerUpdate Thread
2023-10-26 15:49:54,776 [INFO] CheckServerUpdateThread:120 - End of CheckServer Thread
2023-10-26 15:49:56,988 [WARN] PackLoader:240 - Cannot read IP mode file for STMicroelectronics.X-CUBE-SMBUS.2.1.0
2023-10-26 15:49:57,157 [WARN] PackLoader:240 - Cannot read IP mode file for STMicroelectronics.X-CUBE-AZRTOS-F7.1.1.0
2023-10-26 15:49:57,171 [WARN] PackLoader:240 - Cannot read IP mode file for STMicroelectronics.FP-SNS-MOTENV1.4.3.2
2023-10-26 15:49:57,181 [WARN] PackLoader:240 - Cannot read IP mode file for STMicroelectronics.FP-SNS-FLIGHT1.5.0.2
2023-10-26 15:49:57,231 [WARN] PackLoader:240 - Cannot read IP mode file for STMicroelectronics.X-CUBE-DISPLAY.3.0.0
2023-10-26 15:49:57,415 [WARN] PackLoader:240 - Cannot read IP mode file for STMicroelectronics.X-CUBE-BLE1.7.0.0
2023-10-26 15:49:57,440 [WARN] PackLoader:240 - Cannot read IP mode file for emotas.I-CUBE-CANOPEN.1.3.0
2023-10-26 15:49:57,454 [WARN] PackLoader:240 - Cannot read IP mode file for STMicroelectronics.X-CUBE-TOUCHGFX.4.22.0
2023-10-26 15:49:57,466 [WARN] PackLoader:240 - Cannot read IP mode file for STMicroelectronics.X-CUBE-TOUCHGFX.4.22.1
2023-10-26 15:49:57,478 [WARN] PackLoader:240 - Cannot read IP mode file for STMicroelectronics.FP-SNS-SMARTAG2.1.2.0
2023-10-26 15:49:57,491 [INFO] LogOutputStream:77 - [STDOUT_REDIRECT] 1 : Invalid condition id : UX_CORESTACK_Condition cause : null
2023-10-26 15:49:57,492 [INFO] LogOutputStream:77 - [STDOUT_REDIRECT] 1 : Invalid condition id : UX_CORESTACK_Condition cause : null
2023-10-26 15:49:57,493 [INFO] LogOutputStream:77 - [STDOUT_REDIRECT] 1 : Invalid condition id : UX_CORESTACK_Condition cause : null
2023-10-26 15:49:57,493 [INFO] LogOutputStream:77 - [STDOUT_REDIRECT] 1 : Invalid condition id : UX_CORESTACK_Condition cause : null
2023-10-26 15:49:57,494 [INFO] LogOutputStream:77 - [STDOUT_REDIRECT] 1 : Invalid condition id : UX_CORESTACK_Condition cause : null
2023-10-26 15:49:57,496 [WARN] PackLoader:240 - Cannot read IP mode file for STMicroelectronics.X-CUBE-AZRTOS-WL.2.0.0
2023-10-26 15:49:57,616 [WARN] PackLoader:240 - Cannot read IP mode file for WES.I-CUBE-Cesium.1.3.0
2023-10-26 15:49:58,349 [WARN] PackLoader:240 - Cannot read IP mode file for STMicroelectronics.X-CUBE-BLE2.3.3.0
2023-10-26 15:49:58,388 [WARN] PackLoader:240 - Cannot read IP mode file for STMicroelectronics.X-CUBE-ALGOBUILD.1.3.0
2023-10-26 15:49:58,486 [WARN] PackLoader:240 - Cannot read IP mode file for STMicroelectronics.X-CUBE-AZRTOS-G0.1.1.0
2023-10-26 15:49:58,558 [WARN] PackLoader:240 - Cannot read IP mode file for STMicroelectronics.X-CUBE-NFC4.3.0.0
2023-10-26 15:49:58,569 [WARN] PackLoader:240 - Cannot read IP mode file for STMicroelectronics.FP-ATR-SIGFOX1.3.2.0
2023-10-26 15:49:58,599 [WARN] PackLoader:240 - Cannot read IP mode file for SEGGER.I-CUBE-embOS.1.3.1
2023-10-26 15:49:58,635 [WARN] PackLoader:240 - Cannot read IP mode file for STMicroelectronics.X-CUBE-GNSS1.6.0.0
2023-10-26 15:49:58,654 [WARN] PackLoader:240 - Cannot read IP mode file for STMicroelectronics.X-CUBE-AZRTOS-F4.1.1.0
2023-10-26 15:49:58,674 [WARN] PackLoader:240 - Cannot read IP mode file for wolfSSL.I-CUBE-wolfSSL.5.6.3
2023-10-26 15:49:58,717 [WARN] PackLoader:240 - Cannot read IP mode file for STMicroelectronics.X-CUBE-AZRTOS-L5.2.0.0
2023-10-26 15:49:58,803 [WARN] PackLoader:240 - Cannot read IP mode file for STMicroelectronics.X-CUBE-MEMS1.9.6.0
2023-10-26 15:49:58,986 [WARN] PackLoader:240 - Cannot read IP mode file for STMicroelectronics.X-CUBE-EEPRMA1.4.2.0
2023-10-26 15:49:59,012 [WARN] PackLoader:240 - Cannot read IP mode file for ITTIA_DB.I-CUBE-ITTIADB.8.8.0
2023-10-26 15:49:59,028 [WARN] PackLoader:240 - Cannot read IP mode file for STMicroelectronics.X-CUBE-BLEMGR.2.0.0
2023-10-26 15:49:59,055 [WARN] ConditionMgr:438 - getConditionDescription Invalid condition id : UX DEVICE CLASS RTOS Condition cause : null
2023-10-26 15:49:59,055 [WARN] ConditionMgr:438 - getConditionDescription Invalid condition id : UX DEVICE CLASS RTOS Condition cause : null
2023-10-26 15:49:59,059 [WARN] PackLoader:240 - Cannot read IP mode file for STMicroelectronics.X-CUBE-AZRTOS-H7.3.1.0
2023-10-26 15:49:59,060 [WARN] ConditionMgr:1039 - genDependencies : Invalid condition id : UX DEVICE CLASS RTOS Condition cause : null
2023-10-26 15:49:59,061 [WARN] ConditionMgr:1039 - genDependencies : Invalid condition id : UX DEVICE CLASS RTOS Condition cause : null
2023-10-26 15:49:59,061 [WARN] ConditionMgr:1039 - genDependencies : Invalid condition id : UX DEVICE CLASS RTOS Condition cause : null
2023-10-26 15:49:59,062 [WARN] ConditionMgr:1039 - genDependencies : Invalid condition id : UX DEVICE CLASS RTOS Condition cause : null
2023-10-26 15:49:59,062 [WARN] ConditionMgr:1039 - genDependencies : Invalid condition id : UX DEVICE CLASS RTOS Condition cause : null
2023-10-26 15:49:59,082 [WARN] PackLoader:240 - Cannot read IP mode file for STMicroelectronics.X-CUBE-NFC7.1.0.1
2023-10-26 15:49:59,100 [WARN] PackLoader:240 - Cannot read IP mode file for STMicroelectronics.X-CUBE-NFC6.3.0.0
2023-10-26 15:49:59,112 [WARN] PackLoader:240 - Cannot read IP mode file for STMicroelectronics.X-CUBE-EEPRMA1.4.1.0
2023-10-26 15:49:59,140 [WARN] PackLoader:240 - Cannot read IP mode file for STMicroelectronics.X-CUBE-AI.8.1.0
2023-10-26 15:49:59,165 [WARN] ConditionMgr:438 - getConditionDescription Invalid condition id : LAN8742 Phy interface Condition cause : null
2023-10-26 15:49:59,166 [WARN] PackLoader:240 - Cannot read IP mode file for STMicroelectronics.X-CUBE-AZRTOS-L4.2.0.0
2023-10-26 15:49:59,172 [WARN] ConditionMgr:1039 - genDependencies : Invalid condition id : LAN8742 Phy interface Condition cause : null
2023-10-26 15:49:59,172 [WARN] ConditionMgr:1039 - genDependencies : Invalid condition id : LAN8742 Phy interface Condition cause : null
2023-10-26 15:49:59,173 [WARN] ConditionMgr:1039 - genDependencies : Invalid condition id : LAN8742 Phy interface Condition cause : null
2023-10-26 15:49:59,188 [WARN] PackLoader:240 - Cannot read IP mode file for STMicroelectronics.X-CUBE-SFXS2LP1.4.0.0
2023-10-26 15:49:59,203 [WARN] PackLoader:240 - Cannot read IP mode file for STMicroelectronics.X-CUBE-ISPU.1.1.0
2023-10-26 15:49:59,220 [WARN] ConditionMgr:438 - getConditionDescription Invalid condition id : UX DEVICE CLASS RTOS Condition cause : null
2023-10-26 15:49:59,221 [WARN] ConditionMgr:438 - getConditionDescription Invalid condition id : UX DEVICE CLASS RTOS Condition cause : null
2023-10-26 15:49:59,223 [WARN] PackLoader:240 - Cannot read IP mode file for STMicroelectronics.X-CUBE-AZRTOS-WB.2.0.0
2023-10-26 15:49:59,224 [WARN] ConditionMgr:1039 - genDependencies : Invalid condition id : UX DEVICE CLASS RTOS Condition cause : null
2023-10-26 15:49:59,224 [WARN] ConditionMgr:1039 - genDependencies : Invalid condition id : UX DEVICE CLASS RTOS Condition cause : null
2023-10-26 15:49:59,225 [WARN] ConditionMgr:1039 - genDependencies : Invalid condition id : UX DEVICE CLASS RTOS Condition cause : null
2023-10-26 15:49:59,225 [WARN] ConditionMgr:1039 - genDependencies : Invalid condition id : UX DEVICE CLASS RTOS Condition cause : null
2023-10-26 15:49:59,225 [WARN] ConditionMgr:1039 - genDependencies : Invalid condition id : UX DEVICE CLASS RTOS Condition cause : null
2023-10-26 15:49:59,270 [WARN] PackLoader:240 - Cannot read IP mode file for STMicroelectronics.X-CUBE-SUBG2.5.0.0
2023-10-26 15:49:59,310 [WARN] PackLoader:240 - Cannot read IP mode file for STMicroelectronics.X-CUBE-TOF1.3.3.1
2023-10-26 15:49:59,349 [WARN] PackLoader:240 - Cannot read IP mode file for STMicroelectronics.X-CUBE-AZRTOS-G4.2.0.0
2023-10-26 15:49:59,382 [WARN] PackLoader:240 - Cannot read IP mode file for Infineon.AIROC-Wi-Fi-Bluetooth-STM32.1.5.1
2023-10-26 15:49:59,418 [WARN] PackLoader:240 - Cannot read IP mode file for STMicroelectronics.X-CUBE-MEMS1.10.0.0
2023-10-26 15:49:59,511 [WARN] PackLoader:240 - Cannot read IP mode file for STMicroelectronics.X-CUBE-FREERTOS.1.1.0
2023-10-26 15:49:59,523 [WARN] PackLoader:240 - Cannot read IP mode file for portGmbH.I-Cube-SoM-uGOAL.1.1.0
2023-10-26 15:49:59,532 [WARN] PackLoader:240 - Cannot read IP mode file for STMicroelectronics.X-CUBE-ALS.1.0.1
2023-10-26 15:49:59,539 [WARN] PackLoader:240 - Cannot read IP mode file for STMicroelectronics.FP-ATR-ASTRA1.2.0.0
2023-10-26 15:49:59,540 [INFO] ThirdParty:978 - Integrity check success = true
2023-10-26 15:49:59,540 [INFO] IntegrityCheckThread:100 - exiting critical section [integrity check]
2023-10-26 15:49:59,540 [INFO] IntegrityCheckThread:103 - End integrity checks thread
2023-10-26 15:50:10,516 [ERROR] LogOutputStream:75 - [STDERR_REDIRECT] SLF4J: Failed to load class "org.slf4j.impl.StaticLoggerBinder".
2023-10-26 15:50:10,516 [ERROR] LogOutputStream:75 - [STDERR_REDIRECT] SLF4J: Defaulting to no-operation (NOP) logger implementation
2023-10-26 15:50:10,517 [ERROR] LogOutputStream:75 - [STDERR_REDIRECT] SLF4J: See http://www.slf4j.org/codes.html#StaticLoggerBinder for further details.
2023-10-26 16:03:47,326 [INFO] McuFinderGlobals:63 - Set McuFinder mode to 2 (CubeIDE integrated)
2023-10-26 16:03:47,334 [INFO] MainUpdater:2868 - connection check result : 10
2023-10-26 16:03:47,336 [INFO] MainUpdater:2868 - connection check result : 10
2023-10-26 16:03:47,383 [INFO] MicroXplorer:468 - Change Database Path : 
2023-10-26 16:03:47,383 [INFO] MicroXplorer:498 - Change Database Version : DB.6.0.91
2023-10-26 16:03:47,386 [WARN] ThirdParty:871 - waiting for thirdparty lock release [close project]
2023-10-26 16:03:47,387 [INFO] ThirdParty:873 - entering critical section [close project]
2023-10-26 16:03:47,387 [INFO] ThirdParty:883 - exiting critical section [close project]
2023-10-26 16:03:47,389 [INFO] PinOutPanel:1499 - setPackage(No Configuration,No Configuration)
2023-10-26 16:03:47,402 [INFO] UtilMem:75 - Begin LoadConfig() Used Memory: 582196856 Bytes (880803840)
2023-10-26 16:03:47,403 [INFO] MicroXplorer:468 - Change Database Path : 
2023-10-26 16:03:47,403 [INFO] MicroXplorer:498 - Change Database Version : DB.6.0.91
2023-10-26 16:03:47,403 [INFO] OpenFileManager:308 - Change cursor
2023-10-26 16:03:47,480 [INFO] Mcu:1946 - Initializing MCU STM32L4S5VITx STM32L4S5VITx STM32L4S5VIT6
2023-10-26 16:03:50,103 [INFO] Context:659 - Trying to add GPIOservice into a context  which must be forbidden
2023-10-26 16:03:51,185 [INFO] RtosManager:555 - Registered RTOS mode: class=CMSIS, group=RTOS, mode=CMSIS_V1, owner=FREERTOS
2023-10-26 16:03:51,185 [INFO] RtosManager:555 - Registered RTOS mode: class=CMSIS, group=RTOS2, mode=CMSIS_V2, owner=FREERTOS
2023-10-26 16:03:51,185 [INFO] RtosManager:555 - Registered RTOS mode: class=RTOS, group=Core, mode=CMSIS_V1, owner=FREERTOS
2023-10-26 16:03:51,185 [INFO] RtosManager:555 - Registered RTOS mode: class=RTOS, group=Core, mode=CMSIS_V2, owner=FREERTOS
2023-10-26 16:03:51,186 [WARN] ModelIntegratedComponent:184 - Missing modes for component STMicroelectronics:FreeRTOS:0.0.1:STMicroelectronics:RTOS:FreeRTOS:Core:::10.2.0:
2023-10-26 16:03:51,197 [WARN] ModelIntegratedComponent:63 - No mode defined for component null
2023-10-26 16:03:51,197 [WARN] ModelIntegratedComponent:63 - No mode defined for component null
2023-10-26 16:03:51,197 [WARN] ModelIntegratedComponent:63 - No mode defined for component null
2023-10-26 16:03:51,197 [WARN] ModelIntegratedComponent:63 - No mode defined for component null
2023-10-26 16:03:51,197 [WARN] ModelIntegratedComponent:63 - No mode defined for component null
2023-10-26 16:03:51,198 [WARN] ModelIntegratedComponent:63 - No mode defined for component null
2023-10-26 16:03:51,198 [WARN] ModelIntegratedComponent:63 - No mode defined for component null
2023-10-26 16:03:51,198 [WARN] ModelIntegratedComponent:63 - No mode defined for component null
2023-10-26 16:03:51,198 [WARN] ModelIntegratedComponent:63 - No mode defined for component null
2023-10-26 16:03:51,198 [WARN] ModelIntegratedComponent:63 - No mode defined for component null
2023-10-26 16:03:51,198 [WARN] ModelIntegratedComponent:63 - No mode defined for component null
2023-10-26 16:03:51,198 [WARN] ModelIntegratedComponent:63 - No mode defined for component null
2023-10-26 16:03:51,198 [WARN] ModelIntegratedComponent:63 - No mode defined for component null
2023-10-26 16:03:51,198 [WARN] ModelIntegratedComponent:63 - No mode defined for component null
2023-10-26 16:03:51,198 [WARN] ModelIntegratedComponent:63 - No mode defined for component null
2023-10-26 16:03:51,198 [WARN] ModelIntegratedComponent:63 - No mode defined for component null
2023-10-26 16:03:51,198 [WARN] ModelIntegratedComponent:63 - No mode defined for component null
2023-10-26 16:03:51,198 [WARN] ModelIntegratedComponent:63 - No mode defined for component null
2023-10-26 16:03:51,198 [WARN] ModelIntegratedComponent:63 - No mode defined for component null
2023-10-26 16:03:51,198 [WARN] ModelIntegratedComponent:63 - No mode defined for component null
2023-10-26 16:03:51,198 [WARN] ModelIntegratedComponent:63 - No mode defined for component null
2023-10-26 16:03:51,198 [WARN] ModelIntegratedComponent:63 - No mode defined for component null
2023-10-26 16:03:51,198 [WARN] ModelIntegratedComponent:63 - No mode defined for component null
2023-10-26 16:03:51,198 [WARN] ModelIntegratedComponent:63 - No mode defined for component null
2023-10-26 16:03:51,198 [WARN] ModelIntegratedComponent:63 - No mode defined for component null
2023-10-26 16:03:51,198 [WARN] ModelIntegratedComponent:63 - No mode defined for component null
2023-10-26 16:03:51,198 [WARN] ModelIntegratedComponent:63 - No mode defined for component null
2023-10-26 16:03:51,198 [WARN] ModelIntegratedComponent:63 - No mode defined for component null
2023-10-26 16:03:51,199 [WARN] ModelIntegratedComponent:63 - No mode defined for component null
2023-10-26 16:03:51,199 [WARN] ModelIntegratedComponent:63 - No mode defined for component null
2023-10-26 16:03:51,199 [WARN] ModelIntegratedComponent:63 - No mode defined for component null
2023-10-26 16:03:51,199 [WARN] ModelIntegratedComponent:63 - No mode defined for component null
2023-10-26 16:03:51,199 [WARN] ModelIntegratedComponent:63 - No mode defined for component null
2023-10-26 16:03:51,266 [INFO] ThirdPartyModel:298 - Start build external matchings
2023-10-26 16:03:51,681 [INFO] ThirdPartyModel:316 - End build external matchings
2023-10-26 16:03:51,802 [INFO] ImportTextPane:194 - (OptionalMessage_ERROR) IP (DMA) : Parameter (Instance) has Id (DAC1_CH1) currently not set
2023-10-26 16:03:51,802 [INFO] ImportTextPane:194 - (OptionalMessage_ERROR) IP (DMA) : Parameter (Request) has Id (DAC1_CH1) currently not set
2023-10-26 16:03:51,802 [INFO] ImportTextPane:194 - (OptionalMessage_ERROR) IP (DMA) : Parameter (Direction) has Id (DAC1_CH1) currently not set
2023-10-26 16:03:51,802 [INFO] ImportTextPane:194 - (OptionalMessage_ERROR) IP (DMA) : Parameter (PeriphInc) has Id (DAC1_CH1) currently not set
2023-10-26 16:03:51,802 [INFO] ImportTextPane:194 - (OptionalMessage_ERROR) IP (DMA) : Parameter (MemInc) has Id (DAC1_CH1) currently not set
2023-10-26 16:03:51,802 [INFO] ImportTextPane:194 - (OptionalMessage_ERROR) IP (DMA) : Parameter (PeriphDataAlignment) has Id (DAC1_CH1) currently not set
2023-10-26 16:03:51,802 [INFO] ImportTextPane:194 - (OptionalMessage_ERROR) IP (DMA) : Parameter (MemDataAlignment) has Id (DAC1_CH1) currently not set
2023-10-26 16:03:51,803 [INFO] ImportTextPane:194 - (OptionalMessage_ERROR) IP (DMA) : Parameter (Mode) has Id (DAC1_CH1) currently not set
2023-10-26 16:03:51,803 [INFO] ImportTextPane:194 - (OptionalMessage_ERROR) IP (DMA) : Parameter (Priority) has Id (DAC1_CH1) currently not set
2023-10-26 16:03:51,803 [INFO] ImportTextPane:194 - (OptionalMessage_ERROR) IP (DMA) : Parameter (SignalID) has Id (DAC1_CH1) currently not set
2023-10-26 16:03:51,803 [INFO] ImportTextPane:194 - (OptionalMessage_ERROR) IP (DMA) : Parameter (Polarity) has Id (DAC1_CH1) currently not set
2023-10-26 16:03:51,803 [INFO] ImportTextPane:194 - (OptionalMessage_ERROR) IP (DMA) : Parameter (RequestNumber) has Id (DAC1_CH1) currently not set
2023-10-26 16:03:51,803 [INFO] ImportTextPane:194 - (OptionalMessage_ERROR) IP (DMA) : Parameter (SyncSignalID) has Id (DAC1_CH1) currently not set
2023-10-26 16:03:51,803 [INFO] ImportTextPane:194 - (OptionalMessage_ERROR) IP (DMA) : Parameter (SyncPolarity) has Id (DAC1_CH1) currently not set
2023-10-26 16:03:51,803 [INFO] ImportTextPane:194 - (OptionalMessage_ERROR) IP (DMA) : Parameter (SyncEnable) has Id (DAC1_CH1) currently not set
2023-10-26 16:03:51,803 [INFO] ImportTextPane:194 - (OptionalMessage_ERROR) IP (DMA) : Parameter (EventEnable) has Id (DAC1_CH1) currently not set
2023-10-26 16:03:51,803 [INFO] ImportTextPane:194 - (OptionalMessage_ERROR) IP (DMA) : Parameter (SyncRequestNumber) has Id (DAC1_CH1) currently not set
2023-10-26 16:03:51,803 [INFO] ImportTextPane:194 - (OptionalMessage_ERROR) IP (DMA) : Parameter (Instance) has Id (DFSDM1_FLT0) currently not set
2023-10-26 16:03:51,803 [INFO] ImportTextPane:194 - (OptionalMessage_ERROR) IP (DMA) : Parameter (Request) has Id (DFSDM1_FLT0) currently not set
2023-10-26 16:03:51,803 [INFO] ImportTextPane:194 - (OptionalMessage_ERROR) IP (DMA) : Parameter (Direction) has Id (DFSDM1_FLT0) currently not set
2023-10-26 16:03:51,803 [INFO] ImportTextPane:194 - (OptionalMessage_ERROR) IP (DMA) : Parameter (PeriphInc) has Id (DFSDM1_FLT0) currently not set
2023-10-26 16:03:51,803 [INFO] ImportTextPane:194 - (OptionalMessage_ERROR) IP (DMA) : Parameter (MemInc) has Id (DFSDM1_FLT0) currently not set
2023-10-26 16:03:51,803 [INFO] ImportTextPane:194 - (OptionalMessage_ERROR) IP (DMA) : Parameter (PeriphDataAlignment) has Id (DFSDM1_FLT0) currently not set
2023-10-26 16:03:51,803 [INFO] ImportTextPane:194 - (OptionalMessage_ERROR) IP (DMA) : Parameter (MemDataAlignment) has Id (DFSDM1_FLT0) currently not set
2023-10-26 16:03:51,803 [INFO] ImportTextPane:194 - (OptionalMessage_ERROR) IP (DMA) : Parameter (Mode) has Id (DFSDM1_FLT0) currently not set
2023-10-26 16:03:51,803 [INFO] ImportTextPane:194 - (OptionalMessage_ERROR) IP (DMA) : Parameter (Priority) has Id (DFSDM1_FLT0) currently not set
2023-10-26 16:03:51,803 [INFO] ImportTextPane:194 - (OptionalMessage_ERROR) IP (DMA) : Parameter (SignalID) has Id (DFSDM1_FLT0) currently not set
2023-10-26 16:03:51,803 [INFO] ImportTextPane:194 - (OptionalMessage_ERROR) IP (DMA) : Parameter (Polarity) has Id (DFSDM1_FLT0) currently not set
2023-10-26 16:03:51,803 [INFO] ImportTextPane:194 - (OptionalMessage_ERROR) IP (DMA) : Parameter (RequestNumber) has Id (DFSDM1_FLT0) currently not set
2023-10-26 16:03:51,804 [INFO] ImportTextPane:194 - (OptionalMessage_ERROR) IP (DMA) : Parameter (SyncSignalID) has Id (DFSDM1_FLT0) currently not set
2023-10-26 16:03:51,804 [INFO] ImportTextPane:194 - (OptionalMessage_ERROR) IP (DMA) : Parameter (SyncPolarity) has Id (DFSDM1_FLT0) currently not set
2023-10-26 16:03:51,804 [INFO] ImportTextPane:194 - (OptionalMessage_ERROR) IP (DMA) : Parameter (SyncEnable) has Id (DFSDM1_FLT0) currently not set
2023-10-26 16:03:51,804 [INFO] ImportTextPane:194 - (OptionalMessage_ERROR) IP (DMA) : Parameter (EventEnable) has Id (DFSDM1_FLT0) currently not set
2023-10-26 16:03:51,804 [INFO] ImportTextPane:194 - (OptionalMessage_ERROR) IP (DMA) : Parameter (SyncRequestNumber) has Id (DFSDM1_FLT0) currently not set
2023-10-26 16:03:51,804 [INFO] ImportTextPane:194 - (OptionalMessage_ERROR) IP (DMA) : Parameter (Instance) has Id (DAC1_CH2) currently not set
2023-10-26 16:03:51,804 [INFO] ImportTextPane:194 - (OptionalMessage_ERROR) IP (DMA) : Parameter (Request) has Id (DAC1_CH2) currently not set
2023-10-26 16:03:51,804 [INFO] ImportTextPane:194 - (OptionalMessage_ERROR) IP (DMA) : Parameter (Direction) has Id (DAC1_CH2) currently not set
2023-10-26 16:03:51,804 [INFO] ImportTextPane:194 - (OptionalMessage_ERROR) IP (DMA) : Parameter (PeriphInc) has Id (DAC1_CH2) currently not set
2023-10-26 16:03:51,804 [INFO] ImportTextPane:194 - (OptionalMessage_ERROR) IP (DMA) : Parameter (MemInc) has Id (DAC1_CH2) currently not set
2023-10-26 16:03:51,804 [INFO] ImportTextPane:194 - (OptionalMessage_ERROR) IP (DMA) : Parameter (PeriphDataAlignment) has Id (DAC1_CH2) currently not set
2023-10-26 16:03:51,804 [INFO] ImportTextPane:194 - (OptionalMessage_ERROR) IP (DMA) : Parameter (MemDataAlignment) has Id (DAC1_CH2) currently not set
2023-10-26 16:03:51,804 [INFO] ImportTextPane:194 - (OptionalMessage_ERROR) IP (DMA) : Parameter (Mode) has Id (DAC1_CH2) currently not set
2023-10-26 16:03:51,804 [INFO] ImportTextPane:194 - (OptionalMessage_ERROR) IP (DMA) : Parameter (Priority) has Id (DAC1_CH2) currently not set
2023-10-26 16:03:51,804 [INFO] ImportTextPane:194 - (OptionalMessage_ERROR) IP (DMA) : Parameter (SignalID) has Id (DAC1_CH2) currently not set
2023-10-26 16:03:51,804 [INFO] ImportTextPane:194 - (OptionalMessage_ERROR) IP (DMA) : Parameter (Polarity) has Id (DAC1_CH2) currently not set
2023-10-26 16:03:51,804 [INFO] ImportTextPane:194 - (OptionalMessage_ERROR) IP (DMA) : Parameter (RequestNumber) has Id (DAC1_CH2) currently not set
2023-10-26 16:03:51,804 [INFO] ImportTextPane:194 - (OptionalMessage_ERROR) IP (DMA) : Parameter (SyncSignalID) has Id (DAC1_CH2) currently not set
2023-10-26 16:03:51,804 [INFO] ImportTextPane:194 - (OptionalMessage_ERROR) IP (DMA) : Parameter (SyncPolarity) has Id (DAC1_CH2) currently not set
2023-10-26 16:03:51,804 [INFO] ImportTextPane:194 - (OptionalMessage_ERROR) IP (DMA) : Parameter (SyncEnable) has Id (DAC1_CH2) currently not set
2023-10-26 16:03:51,804 [INFO] ImportTextPane:194 - (OptionalMessage_ERROR) IP (DMA) : Parameter (EventEnable) has Id (DAC1_CH2) currently not set
2023-10-26 16:03:51,805 [INFO] ImportTextPane:194 - (OptionalMessage_ERROR) IP (DMA) : Parameter (SyncRequestNumber) has Id (DAC1_CH2) currently not set
2023-10-26 16:03:52,330 [INFO] UtilMem:75 - End LoadConfig() Used Memory: 503113968 Bytes (1059061760)
2023-10-26 16:03:52,501 [INFO] ApiDb:581 - Connected to CubeFinder SQLite database (C:\Users\Admin\.stmcufinder\plugins\mcufinder\mcu\cube-finder-db.db)
2023-10-26 16:03:52,624 [INFO] ApiDb:668 - CubeFinder database Data Model version=2.1
2023-10-26 16:03:52,624 [INFO] ApiDb:669 - CubeFinder database Configuration version=3.0.37
2023-10-26 16:03:52,625 [INFO] ApiDb:670 - CubeFinder database generation date=2023-08-09 (1691586011)
2023-10-26 16:03:52,626 [INFO] ApiDb:671 - CubeFinder database FW Pack versions=[FP-ATR-ASTRA1_V2.0.0, FP-SNS-FLIGHT1_V5.0.1, FP-SNS-FLIGHT1_V5.0.2, FP-SNS-MOTENV1_V4.3.1, FP-SNS-MOTENV1_V4.3.2, STM32Cube_FW_C0_V1.1.0, STM32Cube_FW_F4_V1.27.1, STM32Cube_FW_F7_V1.17.0, STM32Cube_FW_G0_V1.6.1, STM32Cube_FW_G4_V1.5.1, STM32Cube_FW_H5_V0.5.1, STM32Cube_FW_H5_V1.1.0, STM32Cube_FW_H7_V1.11.0, STM32Cube_FW_L0_V1.12.2, STM32Cube_FW_L5_V1.5.0, STM32Cube_FW_U5_V1.3.0, STM32Cube_FW_U5_V1.3.0RC4, STM32Cube_FW_WBA_V1.0.0RC1, STM32Cube_FW_WBA_V1.1.0, STM32Cube_FW_WBA_V1.1.0RC1, STM32Cube_FW_WB_V1.15.0RC1, STM32Cube_FW_WB_V1.16.0, STM32Cube_FW_WB_V1.16.0RC2, STM32Cube_FW_WB_V1.17.0, STM32Cube_FW_WL_V1.3.0, X-CUBE-ALGOBUILD_V1.3.0, X-CUBE-ALS_V1.0.1, X-CUBE-AZRTOS-F4_V1.1.0, X-CUBE-AZRTOS-F7_V1.1.0, X-CUBE-AZRTOS-G0_V1.1.0, X-CUBE-AZRTOS-G4_V2.0.0, X-CUBE-AZRTOS-H7_V3.1.0, X-CUBE-AZRTOS-L4_V1.0.0, X-CUBE-AZRTOS-L4_V2.0.0, X-CUBE-AZRTOS-L5_V1.1.0, X-CUBE-AZRTOS-WB_V1.1.0, X-CUBE-AZRTOS-WL_V2.0.0, X-CUBE-BLE1_V7.0.0, X-CUBE-BLE2_V3.3.0, X-CUBE-BLEMGR_V2.0.0, X-CUBE-EEPRMA1_V4.1.0, X-CUBE-FREERTOS_V1.1.0, X-CUBE-GNSS1_V6.0.0, X-CUBE-MEMS1_V9.1.0, X-CUBE-MEMS1_V9.4.0, X-CUBE-MEMS1_V9.6.0, X-CUBE-NFC4_V3.0.0, X-CUBE-NFC7_V1.0.0, X-CUBE-SFXS2LP1_V4.0.0, X-CUBE-SUBG2_V5.0.0, X-CUBE-TOF1_V3.3.1]
2023-10-26 16:03:54,719 [INFO] ApiDb:240 - Found 323 in-development CPN: [B-G473E-ZEST1S, B-WB1M-WPAN1, B-WL5M-SUBG1, NUCLEO-C031C6, NUCLEO-H503RB, NUCLEO-H563ZI, NUCLEO-U545RE-Q, NUCLEO-U5A5ZJ-Q, NUCLEO-WBA52CG, STEVAL-PROTEUS1, STEVAL-SMARTAG2, STEVAL-STWINBX1, STM320518-EVAL, STM32C0116-DK, STM32C011D6Y3TR, STM32C011D6Y6TR, STM32C011F4P3, STM32C011F4P6, STM32C011F4U3, STM32C011F4U6TR, STM32C011F6P3, STM32C011F6P6, STM32C011F6U3, STM32C011F6U6TR, STM32C011J4M3, STM32C011J4M6, STM32C011J6M3, STM32C011J6M6, STM32C0316-DK, STM32C031C4T3, STM32C031C4T6, STM32C031C4U3, STM32C031C4U6, STM32C031C6T3, STM32C031C6T6, STM32C031C6U3, STM32C031C6U6, STM32C031F4P3, STM32C031F4P6, STM32C031F6P3, STM32C031F6P6, STM32C031G4U3, STM32C031G4U6, STM32C031G6U3, STM32C031G6U6, STM32C031K4T3, STM32C031K4T6, STM32C031K4U3, STM32C031K4U6, STM32C031K6T3, STM32C031K6T6, STM32C031K6U3, STM32C031K6U6, STM32G071K8TXN, STM32G071K8UXN, STM32G081GBU6N, STM32G081KBT6N, STM32G081KBUXN, STM32G0B1CCT6N, STM32G0B1KCT6, STM32G0B1NEY6TR, STM32G0B1RCT6N, STM32G0C1CCT6, STM32G0C1CCT6N, STM32G0C1CCU6N, STM32G0C1CET6N, STM32G0C1CEU6N, STM32G0C1KCT6, STM32G0C1NEY6TR, STM32G0C1RCI6N, STM32G0C1RCT6N, STM32G0C1REI6N, STM32G0C1RET6N, STM32G0C1VCI6, STM32G0C1VEI6, STM32G471CCT6, STM32G471CCU6, STM32G471CET3, STM32G471CET6, STM32G471CEU3, STM32G471CEU6, STM32G471MCT6, STM32G471MET3, STM32G471MET6, STM32G471MEY6TR, STM32G471QCT6, STM32G471QET3, STM32G471RCT6, STM32G471RET3, STM32G471RET6, STM32G471VCH6, STM32G471VCI6, STM32G471VCT6, STM32G471VEH3, STM32G471VEH6, STM32G471VEI3, STM32G471VEI6, STM32G471VET3, STM32G471VET6, STM32G474CCT6, STM32H503CBT6, STM32H503CBU6, STM32H503EBY6TR, STM32H503KBU6, STM32H503RBT6, STM32H562AGI6, STM32H562AII6, STM32H562IGK6, STM32H562IGT6, STM32H562IIK6, STM32H562IIT6, STM32H562RGT6, STM32H562RGV6, STM32H562RIT6, STM32H562RIV6, STM32H562VGT6, STM32H562VIT6, STM32H562ZGT6, STM32H562ZIT6, STM32H563AGI6, STM32H563AII3Q, STM32H563AII6, STM32H563IGK6, STM32H563IGT6, STM32H563IIK3Q, STM32H563IIK6, STM32H563IIT3Q, STM32H563IIT6, STM32H563MIY3QTR, STM32H563RGT6, STM32H563RGV6, STM32H563RIT6, STM32H563RIV6, STM32H563VGT6, STM32H563VIT3Q, STM32H563VIT6, STM32H563ZGT6, STM32H563ZIT3Q, STM32H563ZIT6, STM32H573AII3Q, STM32H573AII6, STM32H573I-DK, STM32H573IIK3Q, STM32H573IIK6, STM32H573IIT3Q, STM32H573IIT6, STM32H573MIY3QTR, STM32H573RIT6, STM32H573RIV6, STM32H573VIT3Q, STM32H573VIT6, STM32H573ZIT3Q, STM32H573ZIT6, STM32L4R5QGI6STR, STM32MP131AAE3, STM32MP131AAF3, STM32MP131AAG3, STM32MP131CAE3, STM32MP131CAF3, STM32MP131CAG3, STM32MP131DAE7, STM32MP131DAF7, STM32MP131DAG7, STM32MP131FAE7, STM32MP131FAF7, STM32MP131FAG7, STM32MP133AAE3, STM32MP133AAF3, STM32MP133AAG3, STM32MP133CAE3, STM32MP133CAF3, STM32MP133CAG3, STM32MP133DAE7, STM32MP133DAF7, STM32MP133DAG7, STM32MP133FAE7, STM32MP133FAF7, STM32MP133FAG7, STM32MP135AAE3, STM32MP135AAF3, STM32MP135AAG3, STM32MP135CAE3, STM32MP135CAF3, STM32MP135CAG3, STM32MP135DAE7, STM32MP135DAF7, STM32MP135DAG7, STM32MP135F-DK, STM32MP135FAE7, STM32MP135FAF7, STM32MP135FAF7T, STM32MP135FAF7U, STM32MP135FAG7, STM32U535CBT6, STM32U535CBT6Q, STM32U535CBU6, STM32U535CBU6Q, STM32U535CCT6, STM32U535CCT6Q, STM32U535CCU6, STM32U535CCU6Q, STM32U535CET6, STM32U535CET6Q, STM32U535CEU6, STM32U535CEU6Q, STM32U535JEY6QTR, STM32U535NCY6QTR, STM32U535NEY6QTR, STM32U535RBI6, STM32U535RBI6Q, STM32U535RBT6, STM32U535RBT6Q, STM32U535RCI6, STM32U535RCI6Q, STM32U535RCT6, STM32U535RCT6Q, STM32U535REI6, STM32U535REI6Q, STM32U535RET6, STM32U535RET6Q, STM32U535VCI6, STM32U535VCI6Q, STM32U535VCT6, STM32U535VCT6Q, STM32U535VEI6, STM32U535VEI6Q, STM32U535VET6, STM32U535VET6Q, STM32U545CET6, STM32U545CET6Q, STM32U545CEU6, STM32U545CEU6Q, STM32U545JEY6QTR, STM32U545NEY6QTR, STM32U545REI6, STM32U545REI6Q, STM32U545RET6, STM32U545RET6Q, STM32U545VEI6, STM32U545VEI6Q, STM32U545VET6, STM32U545VET6Q, STM32U595AIH6, STM32U595AIH6Q, STM32U595AJH6, STM32U595AJH6Q, STM32U595QII6, STM32U595QII6Q, STM32U595QJI6, STM32U595QJI6Q, STM32U595RIT6, STM32U595RIT6Q, STM32U595RJT6, STM32U595RJT6Q, STM32U595VIT6, STM32U595VIT6Q, STM32U595VJT6, STM32U595VJT6Q, STM32U595ZIT6, STM32U595ZIT6Q, STM32U595ZIY6QTR, STM32U595ZJT6, STM32U595ZJT6Q, STM32U595ZJY6QTR, STM32U599BJY6QTR, STM32U599NIH6Q, STM32U599NJH6Q, STM32U599VIT6Q, STM32U599VJT6, STM32U599VJT6Q, STM32U599ZIT6Q, STM32U599ZIY6QTR, STM32U599ZJT6Q, STM32U599ZJY6QTR, STM32U5A5AJH6, STM32U5A5AJH6Q, STM32U5A5QJI6, STM32U5A5QJI6Q, STM32U5A5RJT6, STM32U5A5RJT6Q, STM32U5A5VJT6, STM32U5A5VJT6Q, STM32U5A5ZJT6, STM32U5A5ZJT6Q, STM32U5A5ZJY6QTR, STM32U5A9BJY6QTR, STM32U5A9J-DK, STM32U5A9NJH6Q, STM32U5A9VJT6Q, STM32U5A9ZJT6Q, STM32U5A9ZJY6QTR, STM32U5F7VIT6, STM32U5F7VIT6Q, STM32U5F7VJT6, STM32U5F7VJT6Q, STM32U5F9BJY6QTR, STM32U5F9NJH6Q, STM32U5F9VIT6Q, STM32U5F9VJT6Q, STM32U5F9ZIJ6QTR, STM32U5F9ZIT6Q, STM32U5F9ZJJ6QTR, STM32U5F9ZJT6Q, STM32U5G7VJT6, STM32U5G7VJT6Q, STM32U5G9BJY6QTR, STM32U5G9J-DK1, STM32U5G9J-DK2, STM32U5G9NJH6Q, STM32U5G9VJT6Q, STM32U5G9ZJJ6QTR, STM32U5G9ZJT6Q, STM32WB1MMCH6, STM32WBA52CEU6, STM32WBA52CEU6T, STM32WBA52CGU6, STM32WBA52CGU6T, STM32WBA52KEU6, STM32WBA52KEU6T, STM32WBA52KGU6, STM32WBA52KGU6T, STM32WL5MOCH6, STM32WL5MOCH6TR]
2023-10-26 16:03:54,722 [INFO] DbMcus:217 - Found 3848 MCUs, 3848 are supported
2023-10-26 16:03:54,723 [INFO] ApiDb:423 - Load user favorites file C:\Users\Admin/.stm32cubeide/favorites.mcus.txt: 0 item(s)
2023-10-26 16:03:54,724 [INFO] ApiDb:427 - User favorites MCUs=[]
2023-10-26 16:03:54,724 [INFO] DbMcus:223 - Set 0 / 0 favorites MCUs
2023-10-26 16:03:55,114 [WARN] ThirdParty:833 - waiting for thirdparty lock release [change project]
2023-10-26 16:03:55,114 [INFO] ThirdParty:835 - entering critical section [change project]
2023-10-26 16:03:55,115 [INFO] ThirdParty:1030 - CMSIS Pack Vendor :STMicroelectronics X-CUBE-ISPU 1.1.0
2023-10-26 16:03:55,115 [INFO] ThirdParty:1030 - CMSIS Pack Vendor :STMicroelectronics USBPD 4.1
2023-10-26 16:03:55,115 [INFO] ThirdParty:1030 - CMSIS Pack Vendor :STMicroelectronics X-CUBE-GNSS1 6.0.0
2023-10-26 16:03:55,115 [INFO] ThirdParty:1030 - CMSIS Pack Vendor :STMicroelectronics USB_HOST 2.0.0
2023-10-26 16:03:55,115 [INFO] ThirdParty:1030 - CMSIS Pack Vendor :STMicroelectronics X-CUBE-AZRTOS-F4 1.1.0
2023-10-26 16:03:55,115 [INFO] ThirdParty:1030 - CMSIS Pack Vendor :STMicroelectronics LIBJPEG 8.0.0
2023-10-26 16:03:55,115 [INFO] ThirdParty:1030 - CMSIS Pack Vendor :wolfSSL I-CUBE-wolfSSL 5.6.3
2023-10-26 16:03:55,115 [INFO] ThirdParty:1030 - CMSIS Pack Vendor :STMicroelectronics X-CUBE-SMBUS 2.1.0
2023-10-26 16:03:55,115 [INFO] ThirdParty:1030 - CMSIS Pack Vendor :STMicroelectronics USB_DEVICE 3.0.0
2023-10-26 16:03:55,115 [INFO] ThirdParty:1030 - CMSIS Pack Vendor :STMicroelectronics X-CUBE-AZRTOS-WB 2.0.0
2023-10-26 16:03:55,115 [INFO] ThirdParty:1030 - CMSIS Pack Vendor :STMicroelectronics X-CUBE-AZRTOS-F7 1.1.0
2023-10-26 16:03:55,115 [INFO] ThirdParty:1030 - CMSIS Pack Vendor :STMicroelectronics X-CUBE-AZRTOS-L5 2.0.0
2023-10-26 16:03:55,115 [INFO] ThirdParty:1030 - CMSIS Pack Vendor :STMicroelectronics USB_DEVICE 2.0.0
2023-10-26 16:03:55,115 [INFO] ThirdParty:1030 - CMSIS Pack Vendor :STMicroelectronics X-CUBE-MEMS1 9.6.0
2023-10-26 16:03:55,115 [INFO] ThirdParty:1030 - CMSIS Pack Vendor :STMicroelectronics X-CUBE-EEPRMA1 4.2.0
2023-10-26 16:03:55,115 [INFO] ThirdParty:1030 - CMSIS Pack Vendor :ITTIA_DB I-CUBE-ITTIADB 8.8.0
2023-10-26 16:03:55,115 [INFO] ThirdParty:1030 - CMSIS Pack Vendor :STMicroelectronics FP-SNS-MOTENV1 4.3.2
2023-10-26 16:03:55,115 [INFO] ThirdParty:1030 - CMSIS Pack Vendor :STMicroelectronics X-CUBE-ALGOBUILD 1.3.0
2023-10-26 16:03:55,115 [INFO] ThirdParty:1030 - CMSIS Pack Vendor :STMicroelectronics FreeRTOS 0.0.1
2023-10-26 16:03:55,115 [INFO] ThirdParty:1030 - CMSIS Pack Vendor :STMicroelectronics X-CUBE-AZRTOS-G0 1.1.0
2023-10-26 16:03:55,115 [INFO] ThirdParty:1030 - CMSIS Pack Vendor :STMicroelectronics X-CUBE-BLEMGR 2.0.0
2023-10-26 16:03:55,115 [INFO] ThirdParty:1030 - CMSIS Pack Vendor :STMicroelectronics X-CUBE-NFC4 3.0.0
2023-10-26 16:03:55,116 [INFO] ThirdParty:1030 - CMSIS Pack Vendor :STMicroelectronics X-CUBE-SUBG2 5.0.0
2023-10-26 16:03:55,116 [INFO] ThirdParty:1030 - CMSIS Pack Vendor :STMicroelectronics STM32_WPAN 1.0.0
2023-10-26 16:03:55,116 [INFO] ThirdParty:1030 - CMSIS Pack Vendor :STMicroelectronics lwIP 2.0.3
2023-10-26 16:03:55,116 [INFO] ThirdParty:1030 - CMSIS Pack Vendor :STMicroelectronics FP-SNS-FLIGHT1 5.0.2
2023-10-26 16:03:55,116 [INFO] ThirdParty:1030 - CMSIS Pack Vendor :STMicroelectronics USB_HOST 1.0.0
2023-10-26 16:03:55,116 [INFO] ThirdParty:1030 - CMSIS Pack Vendor :STMicroelectronics X-CUBE-TOF1 3.3.1
2023-10-26 16:03:55,116 [INFO] ThirdParty:1030 - CMSIS Pack Vendor :STMicroelectronics X-CUBE-AZRTOS-G4 2.0.0
2023-10-26 16:03:55,116 [INFO] ThirdParty:1030 - CMSIS Pack Vendor :STMicroelectronics PDM2PCM 3.1.0
2023-10-26 16:03:55,116 [INFO] ThirdParty:1030 - CMSIS Pack Vendor :STMicroelectronics X-CUBE-AZRTOS-H7 3.1.0
2023-10-26 16:03:55,116 [INFO] ThirdParty:1030 - CMSIS Pack Vendor :Infineon AIROC-Wi-Fi-Bluetooth-STM32 1.5.1
2023-10-26 16:03:55,116 [INFO] ThirdParty:1030 - CMSIS Pack Vendor :STMicroelectronics PDM2PCM 3.3.0
2023-10-26 16:03:55,116 [INFO] ThirdParty:1030 - CMSIS Pack Vendor :STMicroelectronics X-CUBE-DISPLAY 3.0.0
2023-10-26 16:03:55,116 [INFO] ThirdParty:1030 - CMSIS Pack Vendor :STMicroelectronics X-CUBE-BLE1 7.0.0
2023-10-26 16:03:55,116 [INFO] ThirdParty:1030 - CMSIS Pack Vendor :STMicroelectronics FP-ATR-SIGFOX1 3.2.0
2023-10-26 16:03:55,116 [INFO] ThirdParty:1030 - CMSIS Pack Vendor :STMicroelectronics HAL Drivers 0.0.0
2023-10-26 16:03:55,116 [INFO] ThirdParty:1030 - CMSIS Pack Vendor :STMicroelectronics MBEDTLS 2.16.2
2023-10-26 16:03:55,116 [INFO] ThirdParty:1030 - CMSIS Pack Vendor :emotas I-CUBE-CANOPEN 1.3.0
2023-10-26 16:03:55,116 [INFO] ThirdParty:1030 - CMSIS Pack Vendor :STMicroelectronics X-CUBE-MEMS1 10.0.0
2023-10-26 16:03:55,116 [INFO] ThirdParty:1030 - CMSIS Pack Vendor :STMicroelectronics X-CUBE-FREERTOS 1.1.0
2023-10-26 16:03:55,116 [INFO] ThirdParty:1030 - CMSIS Pack Vendor :STMicroelectronics X-CUBE-TOUCHGFX 4.22.0
2023-10-26 16:03:55,116 [INFO] ThirdParty:1030 - CMSIS Pack Vendor :STMicroelectronics X-CUBE-NFC7 1.0.1
2023-10-26 16:03:55,116 [INFO] ThirdParty:1030 - CMSIS Pack Vendor :STMicroelectronics MBEDTLS 2.14.1
2023-10-26 16:03:55,116 [INFO] ThirdParty:1030 - CMSIS Pack Vendor :STMicroelectronics X-CUBE-TOUCHGFX 4.22.1
2023-10-26 16:03:55,116 [INFO] ThirdParty:1030 - CMSIS Pack Vendor :STMicroelectronics X-CUBE-NFC6 3.0.0
2023-10-26 16:03:55,116 [INFO] ThirdParty:1030 - CMSIS Pack Vendor :STMicroelectronics X-CUBE-EEPRMA1 4.1.0
2023-10-26 16:03:55,116 [INFO] ThirdParty:1030 - CMSIS Pack Vendor :portGmbH I-Cube-SoM-uGOAL 1.1.0
2023-10-26 16:03:55,116 [INFO] ThirdParty:1030 - CMSIS Pack Vendor :STMicroelectronics X-CUBE-ALS 1.0.1
2023-10-26 16:03:55,116 [INFO] ThirdParty:1030 - CMSIS Pack Vendor :STMicroelectronics ThreadX 1.0.0
2023-10-26 16:03:55,117 [INFO] ThirdParty:1030 - CMSIS Pack Vendor :STMicroelectronics FP-SNS-SMARTAG2 1.2.0
2023-10-26 16:03:55,117 [INFO] ThirdParty:1030 - CMSIS Pack Vendor :STMicroelectronics X-CUBE-AZRTOS-WL 2.0.0
2023-10-26 16:03:55,117 [INFO] ThirdParty:1030 - CMSIS Pack Vendor :SEGGER I-CUBE-embOS 1.3.1
2023-10-26 16:03:55,117 [INFO] ThirdParty:1030 - CMSIS Pack Vendor :STMicroelectronics USB_DEVICE 1.0.0
2023-10-26 16:03:55,117 [INFO] ThirdParty:1030 - CMSIS Pack Vendor :STMicroelectronics X-CUBE-AI 8.1.0
2023-10-26 16:03:55,117 [INFO] ThirdParty:1030 - CMSIS Pack Vendor :STMicroelectronics X-CUBE-AZRTOS-L4 2.0.0
2023-10-26 16:03:55,117 [INFO] ThirdParty:1030 - CMSIS Pack Vendor :STMicroelectronics ThreadX 0.0.2
2023-10-26 16:03:55,117 [INFO] ThirdParty:1030 - CMSIS Pack Vendor :WES I-CUBE-Cesium 1.3.0
2023-10-26 16:03:55,117 [INFO] ThirdParty:1030 - CMSIS Pack Vendor :STMicroelectronics FP-ATR-ASTRA1 2.0.0
2023-10-26 16:03:55,117 [INFO] ThirdParty:1030 - CMSIS Pack Vendor :STMicroelectronics lwIP 2.1.2
2023-10-26 16:03:55,117 [INFO] ThirdParty:1030 - CMSIS Pack Vendor :STMicroelectronics X-CUBE-SFXS2LP1 4.0.0
2023-10-26 16:03:55,117 [INFO] ThirdParty:1030 - CMSIS Pack Vendor :STMicroelectronics X-CUBE-BLE2 3.3.0
2023-10-26 16:03:55,117 [INFO] ThirdParty:1030 - CMSIS Pack Vendor :STMicroelectronics PDM2PCM 3.2.0
2023-10-26 16:03:55,117 [INFO] ThirdParty:841 - exiting critical section [change project]
2023-10-26 16:03:55,662 [INFO] PinOutPanel:1499 - setPackage(No Configuration,No Configuration)
2023-10-26 16:03:55,664 [INFO] PinOutPanel:1499 - setPackage(STM32L4S5VITx,LQFP100)
2023-10-26 16:03:56,209 [INFO] UtilMem:75 - Before build in PCC Used Memory: 577629544 Bytes (1059061760)
2023-10-26 16:03:57,268 [INFO] UtilMem:75 - After build in PCC Used Memory: 727575912 Bytes (1059061760)
2023-10-26 16:03:57,318 [INFO] IPUIPlugin:80 - create IPUIPlugin
2023-10-26 16:03:57,318 [INFO] IPUIPlugin:80 - create IPUIPlugin
2023-10-26 16:03:57,319 [INFO] IPUIPlugin:80 - create IPUIPlugin
2023-10-26 16:03:57,319 [INFO] IPUIPlugin:80 - create IPUIPlugin
2023-10-26 16:03:57,319 [INFO] IPUIPlugin:80 - create IPUIPlugin
2023-10-26 16:03:57,319 [INFO] IPUIPlugin:80 - create IPUIPlugin
2023-10-26 16:03:57,319 [INFO] IPUIPlugin:80 - create IPUIPlugin
2023-10-26 16:03:57,319 [INFO] IPUIPlugin:80 - create IPUIPlugin
2023-10-26 16:03:57,319 [INFO] IPUIPlugin:80 - create IPUIPlugin
2023-10-26 16:03:57,319 [INFO] IPUIPlugin:80 - create IPUIPlugin
2023-10-26 16:03:57,320 [INFO] IPUIPlugin:80 - create IPUIPlugin
2023-10-26 16:03:57,320 [INFO] IPUIPlugin:80 - create IPUIPlugin
2023-10-26 16:03:57,320 [INFO] IPUIPlugin:80 - create IPUIPlugin
2023-10-26 16:03:57,320 [INFO] IPUIPlugin:80 - create IPUIPlugin
2023-10-26 16:03:57,320 [INFO] IPUIPlugin:80 - create IPUIPlugin
2023-10-26 16:03:57,320 [INFO] IPUIPlugin:80 - create IPUIPlugin
2023-10-26 16:03:57,320 [INFO] IPUIPlugin:80 - create IPUIPlugin
2023-10-26 16:03:57,320 [INFO] IPUIPlugin:80 - create IPUIPlugin
2023-10-26 16:03:57,320 [INFO] IPUIPlugin:80 - create IPUIPlugin
2023-10-26 16:03:57,321 [INFO] IPUIPlugin:80 - create IPUIPlugin
2023-10-26 16:03:57,321 [INFO] IPUIPlugin:80 - create IPUIPlugin
2023-10-26 16:03:57,321 [INFO] IPUIPlugin:80 - create IPUIPlugin
2023-10-26 16:03:57,321 [INFO] IPUIPlugin:80 - create IPUIPlugin
2023-10-26 16:03:57,322 [INFO] IPUIPlugin:80 - create IPUIPlugin
2023-10-26 16:03:57,322 [INFO] IPUIPlugin:80 - create IPUIPlugin
2023-10-26 16:03:57,322 [INFO] IPUIPlugin:80 - create IPUIPlugin
2023-10-26 16:03:57,323 [INFO] IPUIPlugin:80 - create IPUIPlugin
2023-10-26 16:03:57,323 [INFO] IPUIPlugin:80 - create IPUIPlugin
2023-10-26 16:03:57,323 [INFO] IPUIPlugin:80 - create IPUIPlugin
2023-10-26 16:03:57,323 [INFO] IPUIPlugin:80 - create IPUIPlugin
2023-10-26 16:03:57,324 [INFO] IPUIPlugin:80 - create IPUIPlugin
2023-10-26 16:03:57,324 [INFO] IPUIPlugin:80 - create IPUIPlugin
2023-10-26 16:03:57,324 [INFO] IPUIPlugin:80 - create IPUIPlugin
2023-10-26 16:03:57,325 [INFO] IPUIPlugin:80 - create IPUIPlugin
2023-10-26 16:03:57,325 [INFO] IPUIPlugin:80 - create IPUIPlugin
2023-10-26 16:03:57,325 [INFO] IPUIPlugin:80 - create IPUIPlugin
2023-10-26 16:03:57,325 [INFO] IPUIPlugin:80 - create IPUIPlugin
2023-10-26 16:03:57,327 [INFO] IPUIPlugin:80 - create IPUIPlugin
2023-10-26 16:03:57,327 [INFO] IPUIPlugin:80 - create IPUIPlugin
2023-10-26 16:03:57,327 [INFO] IPUIPlugin:80 - create IPUIPlugin
2023-10-26 16:03:57,328 [INFO] IPUIPlugin:80 - create IPUIPlugin
2023-10-26 16:03:57,328 [INFO] IPUIPlugin:80 - create IPUIPlugin
2023-10-26 16:03:57,328 [INFO] IPUIPlugin:80 - create IPUIPlugin
2023-10-26 16:03:57,328 [INFO] IPUIPlugin:80 - create IPUIPlugin
2023-10-26 16:03:57,328 [INFO] IPUIPlugin:80 - create IPUIPlugin
2023-10-26 16:03:57,329 [INFO] IPUIPlugin:80 - create IPUIPlugin
2023-10-26 16:03:57,329 [INFO] IPUIPlugin:80 - create IPUIPlugin
2023-10-26 16:03:57,329 [INFO] IPUIPlugin:80 - create IPUIPlugin
2023-10-26 16:03:57,329 [INFO] IPUIPlugin:80 - create IPUIPlugin
2023-10-26 16:03:57,330 [INFO] IPUIPlugin:80 - create IPUIPlugin
2023-10-26 16:03:57,330 [INFO] IPUIPlugin:80 - create IPUIPlugin
2023-10-26 16:03:57,330 [INFO] IPUIPlugin:80 - create IPUIPlugin
2023-10-26 16:03:57,331 [INFO] IPUIPlugin:80 - create IPUIPlugin
2023-10-26 16:03:57,331 [INFO] IPUIPlugin:80 - create IPUIPlugin
2023-10-26 16:03:57,332 [INFO] IPUIPlugin:80 - create IPUIPlugin
2023-10-26 16:03:57,332 [INFO] IPUIPlugin:80 - create IPUIPlugin
2023-10-26 16:03:57,333 [INFO] IPUIPlugin:80 - create IPUIPlugin
2023-10-26 16:03:57,333 [INFO] IPUIPlugin:80 - create IPUIPlugin
2023-10-26 16:03:57,333 [INFO] IPUIPlugin:80 - create IPUIPlugin
2023-10-26 16:03:57,334 [INFO] IPUIPlugin:80 - create IPUIPlugin
2023-10-26 16:03:57,334 [INFO] IPUIPlugin:80 - create IPUIPlugin
2023-10-26 16:03:57,335 [INFO] IPUIPlugin:80 - create IPUIPlugin
2023-10-26 16:03:57,336 [INFO] IPUIPlugin:80 - create IPUIPlugin
2023-10-26 16:03:57,686 [INFO] CADModel:165 - CPN selected for project levelSTM32L4S5VIT6
2023-10-26 16:03:57,687 [INFO] CADModel:114 - Register for checkConnection events
2023-10-26 16:03:57,755 [INFO] OpenFileManager:328 - Restore cursor
2023-10-26 16:04:21,044 [INFO] UtilMem:75 - End SaveConfig() Used Memory: 726465168 Bytes (1073741824)
2023-10-26 16:04:21,271 [INFO] UtilMem:75 - End SaveConfig() Used Memory: 555370576 Bytes (1073741824)
2023-10-26 16:04:22,282 [INFO] UtilMem:75 - End SaveConfig() Used Memory: 683296848 Bytes (1073741824)
2023-10-26 16:04:22,744 [INFO] BlockDiagram:2759 - set Specific Code input for plugin: SYS
2023-10-26 16:04:22,745 [INFO] BlockDiagram:2759 - set Specific Code input for plugin: RCC
2023-10-26 16:04:22,745 [INFO] BlockDiagram:2759 - set Specific Code input for plugin: NVIC
2023-10-26 16:04:22,748 [INFO] CodeGenerator:799 - code generatio: config db path: C:\ST\STM32CubeIDE_1.13.1\STM32CubeIDE\plugins\com.st.stm32cube.common.mx_6.9.1.202307191849\\db\
2023-10-26 16:04:22,990 [INFO] CodeEngine:255 - oldGeneratedFile, C:\Users\Admin\OneDrive\Documents\GitHub\444\Lab_4\MXTmpFiles\license.tmp_save
2023-10-26 16:04:23,395 [INFO] CodeEngine:279 - Generated code: C:\Users\Admin\OneDrive\Documents\GitHub\444\Lab_4\MXTmpFiles\license.tmp
2023-10-26 16:04:23,638 [INFO] CodeEngine:255 - oldGeneratedFile, C:\Users\Admin\OneDrive\Documents\GitHub\444\Lab_4\Core\Src\stm32l4xx_it.c_save
2023-10-26 16:04:23,903 [INFO] CodeEngine:279 - Generated code: C:\Users\Admin\OneDrive\Documents\GitHub\444\Lab_4\Core\Src\stm32l4xx_it.c
2023-10-26 16:04:24,042 [INFO] CodeEngine:255 - oldGeneratedFile, C:\Users\Admin\OneDrive\Documents\GitHub\444\Lab_4\Core\Inc\stm32l4xx_it.h_save
2023-10-26 16:04:24,240 [INFO] CodeEngine:279 - Generated code: C:\Users\Admin\OneDrive\Documents\GitHub\444\Lab_4\Core\Inc\stm32l4xx_it.h
2023-10-26 16:04:24,432 [INFO] CodeEngine:255 - oldGeneratedFile, C:\Users\Admin\OneDrive\Documents\GitHub\444\Lab_4\Core\Src\stm32l4xx_hal_msp.c_save
2023-10-26 16:04:24,665 [INFO] CodeEngine:279 - Generated code: C:\Users\Admin\OneDrive\Documents\GitHub\444\Lab_4\Core\Src\stm32l4xx_hal_msp.c
2023-10-26 16:04:24,759 [INFO] CodeEngine:255 - oldGeneratedFile, C:\Users\Admin\OneDrive\Documents\GitHub\444\Lab_4\MXTmpFiles\system.tmp_save
2023-10-26 16:04:24,939 [INFO] CodeEngine:279 - Generated code: C:\Users\Admin\OneDrive\Documents\GitHub\444\Lab_4\MXTmpFiles\system.tmp
2023-10-26 16:04:25,050 [INFO] CodeEngine:311 - oldGeneratedFile, C:\Users\Admin\OneDrive\Documents\GitHub\444\Lab_4\Core\Inc\stm32l4xx_hal_conf.h_save
2023-10-26 16:04:25,137 [INFO] CodeEngine:335 - Generated code: C:\Users\Admin\OneDrive\Documents\GitHub\444\Lab_4\Core\Inc\stm32l4xx_hal_conf.h
2023-10-26 16:04:25,447 [INFO] CodeEngine:255 - oldGeneratedFile, C:\Users\Admin\OneDrive\Documents\GitHub\444\Lab_4\Core\Inc\main.h_save
2023-10-26 16:04:25,596 [INFO] CodeEngine:279 - Generated code: C:\Users\Admin\OneDrive\Documents\GitHub\444\Lab_4\Core\Inc\main.h
2023-10-26 16:04:25,725 [INFO] CodeEngine:255 - oldGeneratedFile, C:\Users\Admin\OneDrive\Documents\GitHub\444\Lab_4\Core\Src\main.c_save
2023-10-26 16:04:25,913 [INFO] CodeEngine:279 - Generated code: C:\Users\Admin\OneDrive\Documents\GitHub\444\Lab_4\Core\Src\main.c
2023-10-26 16:04:27,734 [INFO] ProjectBuilder:3064 - Time for Copy HAL[1] : 1253mS.
2023-10-26 16:04:27,741 [INFO] ProjectBuilder:4404 - Project Generator version: 4.1.0
2023-10-26 16:04:27,975 [INFO] ConfigFileManager:1457 - The Die is : DIE470
2023-10-26 16:04:27,998 [INFO] ApiDbMcu:507 - Load IP Config File for FATFS
2023-10-26 16:04:28,081 [INFO] ApiDbMcu:507 - Load IP Config File for FREERTOS
2023-10-26 16:04:28,104 [INFO] ApiDbMcu:507 - Load IP Config File for TOUCHSENSING
2023-10-26 16:04:28,176 [INFO] ApiDbMcu:507 - Load IP Config File for USB_DEVICE
2023-10-26 16:04:28,217 [INFO] ApiDbMcu:507 - Load IP Config File for USB_HOST
2023-10-26 16:04:29,161 [INFO] LogOutputStream:77 - [STDOUT_REDIRECT] 
2023-10-26 16:04:31,050 [INFO] ProjectBuilder:4626 - Time for Generating toolchain IDE Files: 3309mS.
2023-10-26 16:04:31,051 [INFO] ProjectBuilder:2935 - Time for Copy CMSIS : 1mS.
2023-10-26 16:04:31,053 [INFO] ProjectBuilder:2935 - Time for Copy CMSIS : 0mS.
2023-10-26 16:06:33,208 [INFO] I2cTimingTraitement:330 - 0x307075B1
2023-10-26 16:06:57,961 [INFO] I2cTimingTraitement:330 - 0x307075B1
2023-10-26 16:07:00,849 [INFO] I2cTimingTraitement:330 - 0x307075B1
2023-10-26 16:07:03,834 [INFO] I2cTimingTraitement:330 - 0x307075B1
2023-10-26 16:19:18,626 [INFO] NvicIntPanel:101 - NVIC parent = com.st.microxplorer.plugins.ip.nvic.MultiNvicIntPanel[,0,0,450x395,layout=javax.swing.BoxLayout,alignmentX=0.0,alignmentY=0.0,border=,flags=9,maximumSize=,minimumSize=,preferredSize=]
2023-10-26 16:22:51,850 [INFO] UtilMem:75 - End SaveConfig() Used Memory: 683027448 Bytes (1073741824)
2023-10-26 16:22:52,033 [INFO] UtilMem:75 - End SaveConfig() Used Memory: 708715512 Bytes (1073741824)
2023-10-26 16:22:52,762 [INFO] UtilMem:75 - End SaveConfig() Used Memory: 801516536 Bytes (1073741824)
2023-10-26 16:22:53,067 [INFO] BlockDiagram:2759 - set Specific Code input for plugin: SYS
2023-10-26 16:22:53,067 [INFO] BlockDiagram:2759 - set Specific Code input for plugin: RCC
2023-10-26 16:22:53,068 [INFO] BlockDiagram:2759 - set Specific Code input for plugin: I2C
2023-10-26 16:22:53,068 [INFO] BlockDiagram:2759 - set Specific Code input for plugin: I2C
2023-10-26 16:22:53,068 [INFO] BlockDiagram:2759 - set Specific Code input for plugin: I2C
2023-10-26 16:22:53,068 [INFO] BlockDiagram:2759 - set Specific Code input for plugin: I2C
2023-10-26 16:22:53,068 [INFO] BlockDiagram:2759 - set Specific Code input for plugin: NVIC
2023-10-26 16:22:53,068 [INFO] BlockDiagram:2759 - set Specific Code input for plugin: GPIO
2023-10-26 16:22:53,070 [INFO] CodeGenerator:799 - code generatio: config db path: C:\ST\STM32CubeIDE_1.13.1\STM32CubeIDE\plugins\com.st.stm32cube.common.mx_6.9.1.202307191849\\db\
2023-10-26 16:22:53,295 [INFO] CodeEngine:255 - oldGeneratedFile, C:\Users\Admin\OneDrive\Documents\GitHub\444\Lab_4\MXTmpFiles\license.tmp_save
2023-10-26 16:22:53,497 [INFO] CodeEngine:279 - Generated code: C:\Users\Admin\OneDrive\Documents\GitHub\444\Lab_4\MXTmpFiles\license.tmp
2023-10-26 16:22:53,630 [INFO] CodeEngine:255 - oldGeneratedFile, C:\Users\Admin\OneDrive\Documents\GitHub\444\Lab_4\MXTmpFiles\gpio.tmp_save
2023-10-26 16:22:53,703 [INFO] CodeEngine:279 - Generated code: C:\Users\Admin\OneDrive\Documents\GitHub\444\Lab_4\MXTmpFiles\gpio.tmp
2023-10-26 16:22:53,970 [INFO] CodeEngine:255 - oldGeneratedFile, C:\Users\Admin\OneDrive\Documents\GitHub\444\Lab_4\Core\Src\stm32l4xx_it.c_save
2023-10-26 16:22:54,184 [INFO] CodeEngine:279 - Generated code: C:\Users\Admin\OneDrive\Documents\GitHub\444\Lab_4\Core\Src\stm32l4xx_it.c
2023-10-26 16:22:54,225 [INFO] CodeEngine:255 - oldGeneratedFile, C:\Users\Admin\OneDrive\Documents\GitHub\444\Lab_4\Core\Inc\stm32l4xx_it.h_save
2023-10-26 16:22:54,321 [INFO] CodeEngine:279 - Generated code: C:\Users\Admin\OneDrive\Documents\GitHub\444\Lab_4\Core\Inc\stm32l4xx_it.h
2023-10-26 16:22:54,454 [INFO] CodeEngine:255 - oldGeneratedFile, C:\Users\Admin\OneDrive\Documents\GitHub\444\Lab_4\Core\Src\stm32l4xx_hal_msp.c_save
2023-10-26 16:22:54,758 [INFO] CodeEngine:279 - Generated code: C:\Users\Admin\OneDrive\Documents\GitHub\444\Lab_4\Core\Src\stm32l4xx_hal_msp.c
2023-10-26 16:22:54,815 [INFO] CodeEngine:255 - oldGeneratedFile, C:\Users\Admin\OneDrive\Documents\GitHub\444\Lab_4\MXTmpFiles\system.tmp_save
2023-10-26 16:22:54,879 [INFO] CodeEngine:279 - Generated code: C:\Users\Admin\OneDrive\Documents\GitHub\444\Lab_4\MXTmpFiles\system.tmp
2023-10-26 16:22:55,043 [INFO] CodeEngine:311 - oldGeneratedFile, C:\Users\Admin\OneDrive\Documents\GitHub\444\Lab_4\Core\Inc\stm32l4xx_hal_conf.h_save
2023-10-26 16:22:55,222 [INFO] CodeEngine:335 - Generated code: C:\Users\Admin\OneDrive\Documents\GitHub\444\Lab_4\Core\Inc\stm32l4xx_hal_conf.h
2023-10-26 16:22:55,407 [INFO] CodeEngine:255 - oldGeneratedFile, C:\Users\Admin\OneDrive\Documents\GitHub\444\Lab_4\Core\Inc\main.h_save
2023-10-26 16:22:55,527 [INFO] CodeEngine:279 - Generated code: C:\Users\Admin\OneDrive\Documents\GitHub\444\Lab_4\Core\Inc\main.h
2023-10-26 16:22:55,699 [INFO] CodeEngine:255 - oldGeneratedFile, C:\Users\Admin\OneDrive\Documents\GitHub\444\Lab_4\Core\Src\main.c_save
2023-10-26 16:22:55,981 [INFO] CodeEngine:279 - Generated code: C:\Users\Admin\OneDrive\Documents\GitHub\444\Lab_4\Core\Src\main.c
2023-10-26 16:22:57,531 [INFO] ProjectBuilder:3064 - Time for Copy HAL[1] : 1186mS.
2023-10-26 16:22:57,537 [INFO] ProjectBuilder:4404 - Project Generator version: 4.1.0
2023-10-26 16:22:57,737 [INFO] ConfigFileManager:1457 - The Die is : DIE470
2023-10-26 16:22:59,437 [INFO] ProjectBuilder:4626 - Time for Generating toolchain IDE Files: 1900mS.
2023-10-26 16:22:59,438 [INFO] ProjectBuilder:2935 - Time for Copy CMSIS : 1mS.
2023-10-26 16:22:59,443 [INFO] ProjectBuilder:2935 - Time for Copy CMSIS : 1mS.
2023-10-26 16:29:22,952 [INFO] I2cTimingTraitement:330 - 0x307075B1
2023-10-26 16:29:26,368 [INFO] I2cTimingTraitement:330 - 0x307075B1
2023-10-26 16:29:28,694 [INFO] I2cTimingTraitement:330 - 0x307075B1
2023-10-26 16:29:31,916 [INFO] I2cTimingTraitement:330 - 0x307075B1
2023-10-26 16:30:16,740 [INFO] NvicIntPanel:101 - NVIC parent = com.st.microxplorer.plugins.ip.nvic.MultiNvicIntPanel[,0,0,0x0,invalid,layout=javax.swing.BoxLayout,alignmentX=0.0,alignmentY=0.0,border=,flags=9,maximumSize=,minimumSize=,preferredSize=]
2023-10-26 16:30:16,822 [INFO] NvicIntPanel:101 - NVIC parent = com.st.microxplorer.plugins.ip.nvic.MultiNvicIntPanel[,0,0,0x0,invalid,layout=javax.swing.BoxLayout,alignmentX=0.0,alignmentY=0.0,border=,flags=9,maximumSize=,minimumSize=,preferredSize=]
2023-10-26 16:38:31,688 [INFO] UtilMem:75 - End SaveConfig() Used Memory: 788236024 Bytes (1073741824)
2023-10-26 16:38:31,846 [INFO] UtilMem:75 - End SaveConfig() Used Memory: 814450424 Bytes (1073741824)
2023-10-26 16:38:32,114 [INFO] UtilMem:75 - End SaveConfig() Used Memory: 898862840 Bytes (1073741824)
2023-10-26 16:38:32,343 [INFO] BlockDiagram:2759 - set Specific Code input for plugin: SYS
2023-10-26 16:38:32,344 [INFO] BlockDiagram:2759 - set Specific Code input for plugin: RCC
2023-10-26 16:38:32,344 [INFO] BlockDiagram:2759 - set Specific Code input for plugin: I2C
2023-10-26 16:38:32,344 [INFO] BlockDiagram:2759 - set Specific Code input for plugin: NVIC
2023-10-26 16:38:32,344 [INFO] BlockDiagram:2759 - set Specific Code input for plugin: USART
2023-10-26 16:38:32,344 [INFO] BlockDiagram:2759 - set Specific Code input for plugin: GPIO
2023-10-26 16:38:32,346 [INFO] CodeGenerator:799 - code generatio: config db path: C:\ST\STM32CubeIDE_1.13.1\STM32CubeIDE\plugins\com.st.stm32cube.common.mx_6.9.1.202307191849\\db\
2023-10-26 16:38:32,614 [INFO] CodeEngine:255 - oldGeneratedFile, C:\Users\Admin\OneDrive\Documents\GitHub\444\Lab_4\MXTmpFiles\license.tmp_save
2023-10-26 16:38:32,781 [INFO] CodeEngine:279 - Generated code: C:\Users\Admin\OneDrive\Documents\GitHub\444\Lab_4\MXTmpFiles\license.tmp
2023-10-26 16:38:32,875 [INFO] CodeEngine:255 - oldGeneratedFile, C:\Users\Admin\OneDrive\Documents\GitHub\444\Lab_4\MXTmpFiles\gpio.tmp_save
2023-10-26 16:38:33,251 [INFO] CodeEngine:279 - Generated code: C:\Users\Admin\OneDrive\Documents\GitHub\444\Lab_4\MXTmpFiles\gpio.tmp
2023-10-26 16:38:33,943 [INFO] CodeEngine:255 - oldGeneratedFile, C:\Users\Admin\OneDrive\Documents\GitHub\444\Lab_4\Core\Src\stm32l4xx_it.c_save
2023-10-26 16:38:34,166 [INFO] CodeEngine:279 - Generated code: C:\Users\Admin\OneDrive\Documents\GitHub\444\Lab_4\Core\Src\stm32l4xx_it.c
2023-10-26 16:38:34,326 [INFO] CodeEngine:255 - oldGeneratedFile, C:\Users\Admin\OneDrive\Documents\GitHub\444\Lab_4\Core\Inc\stm32l4xx_it.h_save
2023-10-26 16:38:34,533 [INFO] CodeEngine:279 - Generated code: C:\Users\Admin\OneDrive\Documents\GitHub\444\Lab_4\Core\Inc\stm32l4xx_it.h
2023-10-26 16:38:34,803 [INFO] CodeEngine:255 - oldGeneratedFile, C:\Users\Admin\OneDrive\Documents\GitHub\444\Lab_4\Core\Src\stm32l4xx_hal_msp.c_save
2023-10-26 16:38:35,134 [INFO] CodeEngine:279 - Generated code: C:\Users\Admin\OneDrive\Documents\GitHub\444\Lab_4\Core\Src\stm32l4xx_hal_msp.c
2023-10-26 16:38:35,216 [INFO] CodeEngine:255 - oldGeneratedFile, C:\Users\Admin\OneDrive\Documents\GitHub\444\Lab_4\MXTmpFiles\system.tmp_save
2023-10-26 16:38:35,270 [INFO] CodeEngine:279 - Generated code: C:\Users\Admin\OneDrive\Documents\GitHub\444\Lab_4\MXTmpFiles\system.tmp
2023-10-26 16:38:35,332 [INFO] CodeEngine:311 - oldGeneratedFile, C:\Users\Admin\OneDrive\Documents\GitHub\444\Lab_4\Core\Inc\stm32l4xx_hal_conf.h_save
2023-10-26 16:38:35,408 [INFO] CodeEngine:335 - Generated code: C:\Users\Admin\OneDrive\Documents\GitHub\444\Lab_4\Core\Inc\stm32l4xx_hal_conf.h
2023-10-26 16:38:35,489 [INFO] CodeEngine:255 - oldGeneratedFile, C:\Users\Admin\OneDrive\Documents\GitHub\444\Lab_4\Core\Inc\main.h_save
2023-10-26 16:38:35,573 [INFO] CodeEngine:279 - Generated code: C:\Users\Admin\OneDrive\Documents\GitHub\444\Lab_4\Core\Inc\main.h
2023-10-26 16:38:35,595 [INFO] CodeEngine:255 - oldGeneratedFile, C:\Users\Admin\OneDrive\Documents\GitHub\444\Lab_4\Core\Src\main.c_save
2023-10-26 16:38:35,700 [INFO] CodeEngine:279 - Generated code: C:\Users\Admin\OneDrive\Documents\GitHub\444\Lab_4\Core\Src\main.c
2023-10-26 16:38:37,570 [INFO] ProjectBuilder:3064 - Time for Copy HAL[1] : 1582mS.
2023-10-26 16:38:37,576 [INFO] ProjectBuilder:4404 - Project Generator version: 4.1.0
2023-10-26 16:38:37,724 [INFO] ConfigFileManager:1457 - The Die is : DIE470
2023-10-26 16:38:39,546 [INFO] ProjectBuilder:4626 - Time for Generating toolchain IDE Files: 1970mS.
2023-10-26 16:38:39,547 [INFO] ProjectBuilder:2935 - Time for Copy CMSIS : 1mS.
2023-10-26 16:38:39,578 [INFO] ProjectBuilder:2935 - Time for Copy CMSIS : 0mS.
2023-10-26 17:09:14,689 [INFO] NvicIntPanel:101 - NVIC parent = com.st.microxplorer.plugins.ip.nvic.MultiNvicIntPanel[,0,0,0x0,invalid,layout=javax.swing.BoxLayout,alignmentX=0.0,alignmentY=0.0,border=,flags=9,maximumSize=,minimumSize=,preferredSize=]
2023-10-26 17:09:14,860 [INFO] I2cTimingTraitement:330 - 0x307075B1
2023-10-26 17:09:15,020 [INFO] NvicIntPanel:101 - NVIC parent = com.st.microxplorer.plugins.ip.nvic.MultiNvicIntPanel[,0,0,0x0,invalid,layout=javax.swing.BoxLayout,alignmentX=0.0,alignmentY=0.0,border=,flags=9,maximumSize=,minimumSize=,preferredSize=]
2023-10-26 17:09:15,711 [INFO] UtilMem:75 - End SaveConfig() Used Memory: 836079568 Bytes (1073741824)
2023-10-26 17:09:16,016 [INFO] UtilMem:75 - End SaveConfig() Used Memory: 861771728 Bytes (1073741824)
2023-10-26 17:09:18,099 [INFO] UtilMem:75 - End SaveConfig() Used Memory: 679066080 Bytes (1073741824)
2023-10-26 17:09:18,819 [INFO] BlockDiagram:2759 - set Specific Code input for plugin: SYS
2023-10-26 17:09:18,819 [INFO] BlockDiagram:2759 - set Specific Code input for plugin: RCC
2023-10-26 17:09:18,819 [INFO] BlockDiagram:2759 - set Specific Code input for plugin: I2C
2023-10-26 17:09:18,819 [INFO] BlockDiagram:2759 - set Specific Code input for plugin: NVIC
2023-10-26 17:09:18,819 [INFO] BlockDiagram:2759 - set Specific Code input for plugin: USART
2023-10-26 17:09:18,820 [INFO] BlockDiagram:2759 - set Specific Code input for plugin: GPIO
2023-10-26 17:09:18,824 [INFO] CodeGenerator:799 - code generatio: config db path: C:\ST\STM32CubeIDE_1.13.1\STM32CubeIDE\plugins\com.st.stm32cube.common.mx_6.9.1.202307191849\\db\
2023-10-26 17:09:19,324 [INFO] CodeEngine:255 - oldGeneratedFile, C:\Users\Admin\OneDrive\Documents\GitHub\444\Lab_4\MXTmpFiles\license.tmp_save
2023-10-26 17:09:19,512 [INFO] CodeEngine:279 - Generated code: C:\Users\Admin\OneDrive\Documents\GitHub\444\Lab_4\MXTmpFiles\license.tmp
2023-10-26 17:09:19,951 [INFO] CodeEngine:255 - oldGeneratedFile, C:\Users\Admin\OneDrive\Documents\GitHub\444\Lab_4\MXTmpFiles\gpio.tmp_save
2023-10-26 17:09:20,103 [INFO] CodeEngine:279 - Generated code: C:\Users\Admin\OneDrive\Documents\GitHub\444\Lab_4\MXTmpFiles\gpio.tmp
2023-10-26 17:09:20,418 [INFO] CodeEngine:255 - oldGeneratedFile, C:\Users\Admin\OneDrive\Documents\GitHub\444\Lab_4\Core\Src\stm32l4xx_it.c_save
2023-10-26 17:09:20,832 [INFO] CodeEngine:279 - Generated code: C:\Users\Admin\OneDrive\Documents\GitHub\444\Lab_4\Core\Src\stm32l4xx_it.c
2023-10-26 17:09:20,968 [INFO] CodeEngine:255 - oldGeneratedFile, C:\Users\Admin\OneDrive\Documents\GitHub\444\Lab_4\Core\Inc\stm32l4xx_it.h_save
2023-10-26 17:09:21,634 [INFO] CodeEngine:279 - Generated code: C:\Users\Admin\OneDrive\Documents\GitHub\444\Lab_4\Core\Inc\stm32l4xx_it.h
2023-10-26 17:09:22,321 [INFO] CodeEngine:255 - oldGeneratedFile, C:\Users\Admin\OneDrive\Documents\GitHub\444\Lab_4\Core\Src\stm32l4xx_hal_msp.c_save
2023-10-26 17:09:22,760 [INFO] CodeEngine:279 - Generated code: C:\Users\Admin\OneDrive\Documents\GitHub\444\Lab_4\Core\Src\stm32l4xx_hal_msp.c
2023-10-26 17:09:22,812 [INFO] CodeEngine:255 - oldGeneratedFile, C:\Users\Admin\OneDrive\Documents\GitHub\444\Lab_4\MXTmpFiles\system.tmp_save
2023-10-26 17:09:23,045 [INFO] CodeEngine:279 - Generated code: C:\Users\Admin\OneDrive\Documents\GitHub\444\Lab_4\MXTmpFiles\system.tmp
2023-10-26 17:09:23,238 [INFO] CodeEngine:311 - oldGeneratedFile, C:\Users\Admin\OneDrive\Documents\GitHub\444\Lab_4\Core\Inc\stm32l4xx_hal_conf.h_save
2023-10-26 17:09:23,585 [INFO] CodeEngine:335 - Generated code: C:\Users\Admin\OneDrive\Documents\GitHub\444\Lab_4\Core\Inc\stm32l4xx_hal_conf.h
2023-10-26 17:09:23,771 [INFO] CodeEngine:255 - oldGeneratedFile, C:\Users\Admin\OneDrive\Documents\GitHub\444\Lab_4\Core\Inc\main.h_save
2023-10-26 17:09:24,029 [INFO] CodeEngine:279 - Generated code: C:\Users\Admin\OneDrive\Documents\GitHub\444\Lab_4\Core\Inc\main.h
2023-10-26 17:09:24,136 [INFO] CodeEngine:255 - oldGeneratedFile, C:\Users\Admin\OneDrive\Documents\GitHub\444\Lab_4\Core\Src\main.c_save
2023-10-26 17:09:24,461 [INFO] CodeEngine:279 - Generated code: C:\Users\Admin\OneDrive\Documents\GitHub\444\Lab_4\Core\Src\main.c
2023-10-26 17:09:26,820 [INFO] ProjectBuilder:3064 - Time for Copy HAL[1] : 1528mS.
2023-10-26 17:09:26,838 [INFO] ProjectBuilder:4404 - Project Generator version: 4.1.0
2023-10-26 17:09:27,224 [INFO] ConfigFileManager:1457 - The Die is : DIE470
2023-10-26 17:09:31,328 [INFO] ProjectBuilder:4626 - Time for Generating toolchain IDE Files: 4490mS.
2023-10-26 17:09:31,331 [INFO] ProjectBuilder:2935 - Time for Copy CMSIS : 2mS.
2023-10-26 17:09:31,394 [INFO] ProjectBuilder:2935 - Time for Copy CMSIS : 0mS.
