2023-09-12 13:58:20,026 [INFO] Activator:176 - 


2023-09-12 13:58:20,028 [INFO] Activator:177 - !SESSION log4j initialized
2023-09-12 13:58:23,252 [INFO] LogOutputStream:77 - [STDOUT_REDIRECT] 
2023-09-12 13:58:28,696 [INFO] ApplicationProperties:184 - Using Application install path: C:\ST\STM32CubeIDE_1.13.1\STM32CubeIDE\plugins\com.st.stm32cube.common.mx_6.9.1.202307191849
2023-09-12 13:58:28,721 [INFO] DbMcusXml:78 - Set database path to: C:\ST\STM32CubeIDE_1.13.1\STM32CubeIDE\plugins\com.st.stm32cube.common.mx_6.9.1.202307191849\\db\/mcu/
2023-09-12 13:58:28,721 [INFO] ApiDb:274 - Set plugin database path to: C:\ST\STM32CubeIDE_1.13.1\STM32CubeIDE\plugins\com.st.stm32cube.common.mx_6.9.1.202307191849\\db\/plugins/boardmanager/
2023-09-12 13:58:28,754 [WARN] ApiDb:259 - Overriding images path with different value:  => C:\ST\STM32CubeIDE_1.13.1\STM32CubeIDE\plugins\com.st.stm32cube.common.mx_6.9.1.202307191849\\db\/plugins/mcufinder/images/
2023-09-12 13:58:28,767 [INFO] ApiDb:250 - Set database path to: C:\Users\Admin\.stmcufinder\plugins\mcufinder//mcu/
2023-09-12 13:58:28,769 [INFO] DbMcusAds:125 - Set database path to: C:\Users\Admin\.stmcufinder\plugins\mcufinder//mcu/
2023-09-12 13:58:28,774 [INFO] CrossReferenceDbSqlite:203 - Set database path to: C:\Users\Admin\.stmcufinder\plugins\mcufinder//mcu/cs/
2023-09-12 13:58:28,969 [INFO] RulesReader:64 - Compatibility file has been processed (293 Rules)
2023-09-12 13:58:29,200 [INFO] DbMcusXml:78 - Set database path to: C:\ST\STM32CubeIDE_1.13.1\STM32CubeIDE\plugins\com.st.stm32cube.common.mx_6.9.1.202307191849\\db\/mcu/
2023-09-12 13:58:29,201 [INFO] ApiDb:274 - Set plugin database path to: C:\ST\STM32CubeIDE_1.13.1\STM32CubeIDE\plugins\com.st.stm32cube.common.mx_6.9.1.202307191849\\db\/plugins/boardmanager/
2023-09-12 13:58:29,201 [INFO] ApiDb:261 - Set plugin images path to: C:\ST\STM32CubeIDE_1.13.1\STM32CubeIDE\plugins\com.st.stm32cube.common.mx_6.9.1.202307191849\\db\/plugins/mcufinder/images/
2023-09-12 13:58:29,201 [WARN] DbFile:41 - Overriding database path with different value: C:\Users\Admin\.stmcufinder\plugins\mcufinder/ => C:\Users\Admin\.stmcufinder\plugins\mcufinder
2023-09-12 13:58:29,201 [INFO] ApiDb:250 - Set database path to: C:\Users\Admin\.stmcufinder\plugins\mcufinder//mcu/
2023-09-12 13:58:29,201 [WARN] DbFile:41 - Overriding database path with different value: C:\Users\Admin\.stmcufinder\plugins\mcufinder/ => C:\Users\Admin\.stmcufinder\plugins\mcufinder
2023-09-12 13:58:29,202 [INFO] DbMcusAds:125 - Set database path to: C:\Users\Admin\.stmcufinder\plugins\mcufinder//mcu/
2023-09-12 13:58:29,202 [WARN] DbFile:41 - Overriding database path with different value: C:\Users\Admin\.stmcufinder\plugins\mcufinder/ => C:\Users\Admin\.stmcufinder\plugins\mcufinder
2023-09-12 13:58:29,202 [WARN] DbFile:41 - Overriding database path with different value: C:\Users\Admin\.stmcufinder\plugins\mcufinder/ => C:\Users\Admin\.stmcufinder\plugins\mcufinder
2023-09-12 13:58:29,202 [INFO] CrossReferenceDbSqlite:203 - Set database path to: C:\Users\Admin\.stmcufinder\plugins\mcufinder//mcu/cs/
2023-09-12 13:58:29,337 [INFO] MainPanel:262 - HeapMemory: 268435456
2023-09-12 13:58:29,437 [INFO] DbMcusXml:78 - Set database path to: C:\ST\STM32CubeIDE_1.13.1\STM32CubeIDE\plugins\com.st.stm32cube.common.mx_6.9.1.202307191849\\db\/mcu/
2023-09-12 13:58:29,437 [INFO] ApiDb:274 - Set plugin database path to: C:\ST\STM32CubeIDE_1.13.1\STM32CubeIDE\plugins\com.st.stm32cube.common.mx_6.9.1.202307191849\\db\/plugins/boardmanager/
2023-09-12 13:58:29,438 [INFO] ApiDb:261 - Set plugin images path to: C:\ST\STM32CubeIDE_1.13.1\STM32CubeIDE\plugins\com.st.stm32cube.common.mx_6.9.1.202307191849\\db\/plugins/mcufinder/images/
2023-09-12 13:58:29,438 [WARN] DbFile:41 - Overriding database path with different value: C:\Users\Admin\.stmcufinder\plugins\mcufinder/ => C:\Users\Admin\.stmcufinder\plugins\mcufinder
2023-09-12 13:58:29,438 [INFO] ApiDb:250 - Set database path to: C:\Users\Admin\.stmcufinder\plugins\mcufinder//mcu/
2023-09-12 13:58:29,438 [WARN] DbFile:41 - Overriding database path with different value: C:\Users\Admin\.stmcufinder\plugins\mcufinder/ => C:\Users\Admin\.stmcufinder\plugins\mcufinder
2023-09-12 13:58:29,439 [INFO] DbMcusAds:125 - Set database path to: C:\Users\Admin\.stmcufinder\plugins\mcufinder//mcu/
2023-09-12 13:58:29,439 [WARN] DbFile:41 - Overriding database path with different value: C:\Users\Admin\.stmcufinder\plugins\mcufinder/ => C:\Users\Admin\.stmcufinder\plugins\mcufinder
2023-09-12 13:58:29,439 [WARN] DbFile:41 - Overriding database path with different value: C:\Users\Admin\.stmcufinder\plugins\mcufinder/ => C:\Users\Admin\.stmcufinder\plugins\mcufinder
2023-09-12 13:58:29,439 [INFO] CrossReferenceDbSqlite:203 - Set database path to: C:\Users\Admin\.stmcufinder\plugins\mcufinder//mcu/cs/
2023-09-12 13:58:29,499 [INFO] ApplicationProperties:184 - Using Application install path: C:\ST\STM32CubeIDE_1.13.1\STM32CubeIDE\plugins\com.st.stm32cube.common.mx_6.9.1.202307191849
2023-09-12 13:58:29,501 [INFO] PluginManage:196 - Search for loadable plugins [exclusion list=, ]
2023-09-12 13:58:29,504 [INFO] PluginManage:310 - Check plugin analytics
2023-09-12 13:58:29,761 [INFO] AnalyticsPlugin:253 - Accepted Software Licenses: 
2023-09-12 13:58:29,761 [INFO] AnalyticsPlugin:255 - Accepted CMSIS Pack Licenses: 
2023-09-12 13:58:29,762 [INFO] AnalyticsPlugin:257 - Accepted Firmware Licenses: FW.L4.1.18.0
2023-09-12 13:58:29,766 [INFO] PluginManage:359 - Loaded plugin analytics (category:tool,tabindex:-1)
2023-09-12 13:58:29,766 [INFO] PluginManage:310 - Check plugin cadmodel
2023-09-12 13:58:29,772 [INFO] CADModel:105 - Init CAD model plugin
2023-09-12 13:58:29,773 [INFO] PluginManage:359 - Loaded plugin cadmodel (category:power,tabindex:5)
2023-09-12 13:58:29,773 [INFO] PluginManage:310 - Check plugin clock
2023-09-12 13:58:29,791 [INFO] PluginManage:359 - Loaded plugin clock (category:base,tabindex:2)
2023-09-12 13:58:29,791 [INFO] PluginManage:310 - Check plugin ddr
2023-09-12 13:58:29,795 [INFO] PluginManage:359 - Loaded plugin ddr (category:tool,tabindex:6)
2023-09-12 13:58:29,795 [INFO] PluginManage:310 - Check plugin filemanager
2023-09-12 13:58:30,034 [INFO] PluginManage:359 - Loaded plugin filemanager (category:base,tabindex:10)
2023-09-12 13:58:30,034 [INFO] PluginManage:310 - Check plugin ipmanager
2023-09-12 13:58:30,053 [INFO] PluginManage:359 - Loaded plugin ipmanager (category:base,tabindex:5)
2023-09-12 13:58:30,053 [INFO] PluginManage:310 - Check plugin lpbam
2023-09-12 13:58:30,063 [INFO] PluginManage:359 - Loaded plugin lpbam (category:base,tabindex:0)
2023-09-12 13:58:30,063 [INFO] PluginManage:310 - Check plugin memorymap
2023-09-12 13:58:30,081 [INFO] PluginManage:359 - Loaded plugin memorymap (category:base,tabindex:4)
2023-09-12 13:58:30,081 [INFO] PluginManage:310 - Check plugin pinoutandconfiguration
2023-09-12 13:58:30,094 [INFO] PluginManage:359 - Loaded plugin pinoutandconfiguration (category:base,tabindex:1)
2023-09-12 13:58:30,094 [INFO] PluginManage:310 - Check plugin pinoutconfig
2023-09-12 13:58:30,272 [WARN] SupportedApi:132 - Cannot load RTOS API schema: s4s-elt-must-match.1: The content of 'definitions' must match (annotation?, (simpleType | complexType)?, (unique | key | keyref)*)). A problem was found starting at: attribute.
2023-09-12 13:58:30,508 [INFO] PluginManage:359 - Loaded plugin pinoutconfig (category:base,tabindex:0)
2023-09-12 13:58:30,509 [INFO] PluginManage:310 - Check plugin power
2023-09-12 13:58:30,519 [INFO] PluginManage:359 - Loaded plugin power (category:power,tabindex:4)
2023-09-12 13:58:30,520 [INFO] PluginManage:310 - Check plugin projectmanager
2023-09-12 13:58:30,540 [INFO] PluginManage:359 - Loaded plugin projectmanager (category:projectmanager,tabindex:3)
2023-09-12 13:58:30,540 [INFO] PluginManage:310 - Check plugin thirdparty
2023-09-12 13:58:30,727 [WARN] IntegrityCheckThread:84 - waiting for thirdparty lock release [integrity check]
2023-09-12 13:58:30,727 [INFO] PluginManage:359 - Loaded plugin thirdparty (category:base,tabindex:-1)
2023-09-12 13:58:30,727 [INFO] IntegrityCheckThread:86 - entering critical section [integrity check]
2023-09-12 13:58:30,727 [INFO] PluginManage:310 - Check plugin tools
2023-09-12 13:58:30,728 [INFO] ThirdPartyUpdaterWithRetryManager:70 - Updater plugin not ready yet. [1/15]
2023-09-12 13:58:30,731 [INFO] PluginManage:359 - Loaded plugin tools (category:base,tabindex:7)
2023-09-12 13:58:30,732 [INFO] PluginManage:310 - Check plugin tutovideos
2023-09-12 13:58:31,019 [INFO] PluginManage:359 - Loaded plugin tutovideos (category:base,tabindex:-1)
2023-09-12 13:58:31,020 [INFO] PluginManage:310 - Check plugin updater
2023-09-12 13:58:31,040 [INFO] PluginManage:359 - Loaded plugin updater (category:base,tabindex:12)
2023-09-12 13:58:31,040 [INFO] PluginManage:310 - Check plugin userauth
2023-09-12 13:58:31,048 [INFO] UserAuth:113 - Init User Auth plugin
2023-09-12 13:58:31,049 [INFO] PluginManage:359 - Loaded plugin userauth (category:base,tabindex:14)
2023-09-12 13:58:31,049 [INFO] PluginManage:283 - PluginManage : Loaded plugins [17]
2023-09-12 13:58:31,441 [INFO] PinOutPanel:1499 - setPackage(No Configuration,No Configuration)
2023-09-12 13:58:31,646 [INFO] CADModel:165 - CPN selected for project level
2023-09-12 13:58:31,646 [INFO] CADModel:114 - Register for checkConnection events
2023-09-12 13:58:31,665 [INFO] IPUIPlugin:80 - create IPUIPlugin
2023-09-12 13:58:31,666 [INFO] PluginManager:220 - loadIPPluginJar : add adc
2023-09-12 13:58:31,668 [INFO] IPUIPlugin:80 - create IPUIPlugin
2023-09-12 13:58:31,669 [INFO] PluginManager:220 - loadIPPluginJar : add aes
2023-09-12 13:58:31,672 [INFO] IPUIPlugin:80 - create IPUIPlugin
2023-09-12 13:58:31,673 [INFO] PluginManager:220 - loadIPPluginJar : add can
2023-09-12 13:58:31,675 [INFO] IPUIPlugin:80 - create IPUIPlugin
2023-09-12 13:58:31,676 [INFO] PluginManager:220 - loadIPPluginJar : add comp
2023-09-12 13:58:31,679 [INFO] IPUIPlugin:80 - create IPUIPlugin
2023-09-12 13:58:31,679 [INFO] PluginManager:220 - loadIPPluginJar : add cryp
2023-09-12 13:58:31,684 [INFO] IPUIPlugin:80 - create IPUIPlugin
2023-09-12 13:58:31,684 [INFO] PluginManager:220 - loadIPPluginJar : add dfsdm
2023-09-12 13:58:31,692 [INFO] IPUIPlugin:80 - create IPUIPlugin
2023-09-12 13:58:31,693 [INFO] PluginManager:220 - loadIPPluginJar : add dma
2023-09-12 13:58:31,697 [INFO] IPUIPlugin:80 - create IPUIPlugin
2023-09-12 13:58:31,698 [INFO] PluginManager:220 - loadIPPluginJar : add dma3
2023-09-12 13:58:31,700 [INFO] IPUIPlugin:80 - create IPUIPlugin
2023-09-12 13:58:31,701 [INFO] PluginManager:220 - loadIPPluginJar : add fatfs
2023-09-12 13:58:31,707 [INFO] IPUIPlugin:80 - create IPUIPlugin
2023-09-12 13:58:31,707 [INFO] PluginManager:220 - loadIPPluginJar : add fmc
2023-09-12 13:58:31,714 [INFO] IPUIPlugin:80 - create IPUIPlugin
2023-09-12 13:58:31,714 [INFO] PluginManager:220 - loadIPPluginJar : add freertos
2023-09-12 13:58:31,717 [INFO] IPUIPlugin:80 - create IPUIPlugin
2023-09-12 13:58:31,717 [INFO] PluginManager:220 - loadIPPluginJar : add genericplugin
2023-09-12 13:58:31,729 [INFO] IPUIPlugin:80 - create IPUIPlugin
2023-09-12 13:58:31,729 [INFO] PluginManager:220 - loadIPPluginJar : add gfxmmu
2023-09-12 13:58:31,735 [INFO] IPUIPlugin:80 - create IPUIPlugin
2023-09-12 13:58:31,735 [INFO] PluginManager:220 - loadIPPluginJar : add gic
2023-09-12 13:58:31,740 [INFO] IPUIPlugin:80 - create IPUIPlugin
2023-09-12 13:58:31,741 [INFO] PluginManager:220 - loadIPPluginJar : add gpio
2023-09-12 13:58:31,745 [INFO] IPUIPlugin:80 - create IPUIPlugin
2023-09-12 13:58:31,745 [INFO] PluginManager:220 - loadIPPluginJar : add gtzc
2023-09-12 13:58:31,749 [INFO] IPUIPlugin:80 - create IPUIPlugin
2023-09-12 13:58:31,749 [INFO] PluginManager:220 - loadIPPluginJar : add hash
2023-09-12 13:58:31,753 [INFO] IPUIPlugin:80 - create IPUIPlugin
2023-09-12 13:58:31,753 [INFO] PluginManager:220 - loadIPPluginJar : add i2c
2023-09-12 13:58:31,757 [INFO] IPUIPlugin:80 - create IPUIPlugin
2023-09-12 13:58:31,758 [INFO] PluginManager:220 - loadIPPluginJar : add i2s
2023-09-12 13:58:31,763 [INFO] IPUIPlugin:80 - create IPUIPlugin
2023-09-12 13:58:31,763 [INFO] PluginManager:220 - loadIPPluginJar : add i3c
2023-09-12 13:58:31,767 [INFO] IPUIPlugin:80 - create IPUIPlugin
2023-09-12 13:58:31,767 [INFO] PluginManager:220 - loadIPPluginJar : add ipddr
2023-09-12 13:58:31,775 [INFO] IPUIPlugin:80 - create IPUIPlugin
2023-09-12 13:58:31,775 [INFO] PluginManager:220 - loadIPPluginJar : add linkedlist
2023-09-12 13:58:31,777 [INFO] IPUIPlugin:80 - create IPUIPlugin
2023-09-12 13:58:31,777 [INFO] PluginManager:220 - loadIPPluginJar : add lorawan
2023-09-12 13:58:31,779 [INFO] IPUIPlugin:80 - create IPUIPlugin
2023-09-12 13:58:31,779 [INFO] PluginManager:220 - loadIPPluginJar : add ltdc
2023-09-12 13:58:31,786 [INFO] IPUIPlugin:80 - create IPUIPlugin
2023-09-12 13:58:31,786 [INFO] PluginManager:220 - loadIPPluginJar : add mdma
2023-09-12 13:58:31,791 [INFO] IPUIPlugin:80 - create IPUIPlugin
2023-09-12 13:58:31,791 [INFO] PluginManager:220 - loadIPPluginJar : add nvic
2023-09-12 13:58:31,795 [INFO] IPUIPlugin:80 - create IPUIPlugin
2023-09-12 13:58:31,796 [INFO] PluginManager:220 - loadIPPluginJar : add opamp
2023-09-12 13:58:31,799 [INFO] IPUIPlugin:80 - create IPUIPlugin
2023-09-12 13:58:31,800 [INFO] PluginManager:220 - loadIPPluginJar : add openamp
2023-09-12 13:58:31,803 [INFO] IPUIPlugin:80 - create IPUIPlugin
2023-09-12 13:58:31,803 [INFO] PluginManager:220 - loadIPPluginJar : add pdm2pcm
2023-09-12 13:58:31,811 [INFO] IPUIPlugin:80 - create IPUIPlugin
2023-09-12 13:58:31,815 [INFO] PluginManager:220 - loadIPPluginJar : add plateformsettings
2023-09-12 13:58:31,818 [INFO] IPUIPlugin:80 - create IPUIPlugin
2023-09-12 13:58:31,818 [INFO] PluginManager:220 - loadIPPluginJar : add quadspi
2023-09-12 13:58:31,821 [INFO] IPUIPlugin:80 - create IPUIPlugin
2023-09-12 13:58:31,821 [INFO] PluginManager:220 - loadIPPluginJar : add resmgrutility
2023-09-12 13:58:31,825 [INFO] IPUIPlugin:80 - create IPUIPlugin
2023-09-12 13:58:31,825 [INFO] PluginManager:220 - loadIPPluginJar : add sai
2023-09-12 13:58:31,829 [INFO] IPUIPlugin:80 - create IPUIPlugin
2023-09-12 13:58:31,830 [INFO] PluginManager:220 - loadIPPluginJar : add spi
2023-09-12 13:58:31,836 [INFO] IPUIPlugin:80 - create IPUIPlugin
2023-09-12 13:58:31,836 [INFO] PluginManager:220 - loadIPPluginJar : add stm32_wpan
2023-09-12 13:58:31,838 [INFO] IPUIPlugin:80 - create IPUIPlugin
2023-09-12 13:58:31,838 [INFO] PluginManager:220 - loadIPPluginJar : add tim
2023-09-12 13:58:31,842 [INFO] IPUIPlugin:80 - create IPUIPlugin
2023-09-12 13:58:31,842 [INFO] PluginManager:220 - loadIPPluginJar : add touchsensing
2023-09-12 13:58:31,845 [INFO] IPUIPlugin:80 - create IPUIPlugin
2023-09-12 13:58:31,846 [INFO] PluginManager:220 - loadIPPluginJar : add tracer_emb
2023-09-12 13:58:31,849 [INFO] IPUIPlugin:80 - create IPUIPlugin
2023-09-12 13:58:31,849 [INFO] PluginManager:220 - loadIPPluginJar : add ts
2023-09-12 13:58:31,852 [INFO] IPUIPlugin:80 - create IPUIPlugin
2023-09-12 13:58:31,852 [INFO] PluginManager:220 - loadIPPluginJar : add tsc
2023-09-12 13:58:31,856 [INFO] IPUIPlugin:80 - create IPUIPlugin
2023-09-12 13:58:31,856 [INFO] PluginManager:220 - loadIPPluginJar : add ucpd
2023-09-12 13:58:31,860 [INFO] IPUIPlugin:80 - create IPUIPlugin
2023-09-12 13:58:31,860 [INFO] PluginManager:220 - loadIPPluginJar : add usart
2023-09-12 13:58:31,864 [INFO] IPUIPlugin:80 - create IPUIPlugin
2023-09-12 13:58:31,864 [INFO] PluginManager:220 - loadIPPluginJar : add usbx
2023-09-12 13:58:32,059 [INFO] CADModel:165 - CPN selected for project level
2023-09-12 13:58:32,059 [INFO] CADModel:114 - Register for checkConnection events
2023-09-12 13:58:32,061 [FATAL] Updater:308 - Updater called before beeing initialized
2023-09-12 13:58:32,061 [ERROR] CADModel:125 - Updater not yet initialized, retry later 
2023-09-12 13:58:32,335 [INFO] CADModel:165 - CPN selected for project level
2023-09-12 13:58:32,335 [INFO] CADModel:114 - Register for checkConnection events
2023-09-12 13:58:32,335 [FATAL] Updater:308 - Updater called before beeing initialized
2023-09-12 13:58:32,336 [ERROR] CADModel:125 - Updater not yet initialized, retry later 
2023-09-12 13:58:32,340 [FATAL] Updater:308 - Updater called before beeing initialized
2023-09-12 13:58:32,551 [FATAL] Updater:308 - Updater called before beeing initialized
2023-09-12 13:58:32,557 [INFO] DbMcusAds:53 - JSON generation date=Tue Mar 07 03:50:55 EST 2023 (1678179055114)
2023-09-12 13:58:32,558 [FATAL] Updater:308 - Updater called before beeing initialized
2023-09-12 13:58:32,672 [WARN] DetailPanel:346 - Failed to get advertising image, set to default
2023-09-12 13:58:32,805 [FATAL] Updater:308 - Updater called before beeing initialized
2023-09-12 13:58:32,808 [FATAL] Updater:308 - Updater called before beeing initialized
2023-09-12 13:58:32,808 [FATAL] Updater:308 - Updater called before beeing initialized
2023-09-12 13:58:32,808 [WARN] DetailPanel:346 - Failed to get advertising image, set to default
2023-09-12 13:58:32,810 [FATAL] Updater:308 - Updater called before beeing initialized
2023-09-12 13:58:32,886 [ERROR] Updater:1120 - MainUpdater not yet initialized. External WinMGr cannot be set.
2023-09-12 13:58:32,889 [INFO] Updater:1056 - Updater Version found : 6.9.1
2023-09-12 13:58:32,911 [INFO] ApplicationProperties:184 - Using Application install path: C:\ST\STM32CubeIDE_1.13.1\STM32CubeIDE\plugins\com.st.stm32cube.common.mx_6.9.1.202307191849
2023-09-12 13:58:33,682 [INFO] MainUpdater:2868 - connection check result : 10
2023-09-12 13:58:33,683 [INFO] MainUpdater:285 - Updater Check For Update Now.
2023-09-12 13:58:33,683 [INFO] MicroXplorer:498 - Change Database Version : DB.6.0.91
2023-09-12 13:58:33,692 [INFO] McuFinderGlobals:63 - Set McuFinder mode to 2 (CubeIDE integrated)
2023-09-12 13:58:33,692 [INFO] UserAuth:179 - activating auth plugin
2023-09-12 13:58:33,694 [INFO] UserAuth:393 - Internet connection configuration mode: 1
2023-09-12 13:58:33,715 [INFO] JxBrowserEngine:151 - Initiate JxBrowser Engine with user profile folder
2023-09-12 13:58:33,729 [WARN] MainUpdater:1189 - Updater busy. Cannot search thirdparties
2023-09-12 13:58:33,730 [INFO] ThirdPartyUpdaterWithRetryManager:96 - Updater plugin is busy. [1/15]
2023-09-12 13:58:33,938 [INFO] CheckServerUpdateThread:120 - End of CheckServer Thread
2023-09-12 13:58:34,771 [INFO] WebApp:157 - Instantiating new browser for Auth
2023-09-12 13:58:35,721 [INFO] WebApp:753 - Register for checkConnection events
2023-09-12 13:58:35,721 [INFO] WebApp:390 - Apply proxy settings
2023-09-12 13:58:35,721 [INFO] WebApp:475 - Chromium requires no authentication
2023-09-12 13:58:35,728 [INFO] WebApp:418 - Direct internet connection detected
2023-09-12 13:58:36,039 [INFO] WebApp:188 - Starting web application
2023-09-12 13:58:36,040 [INFO] WebApp:520 - Web application path used C:\ST\STM32CubeIDE_1.13.1\STM32CubeIDE\plugins\com.st.stm32cube.common.mx_6.9.1.202307191849\db\plugins\mcufinder\reactClient1\index.html
2023-09-12 13:58:36,933 [WARN] PackLoader:240 - Cannot read IP mode file for STMicroelectronics.X-CUBE-SMBUS.2.1.0
2023-09-12 13:58:36,978 [WARN] PackLoader:240 - Cannot read IP mode file for STMicroelectronics.X-CUBE-AZRTOS-F7.1.1.0
2023-09-12 13:58:36,991 [WARN] PackLoader:240 - Cannot read IP mode file for STMicroelectronics.FP-SNS-MOTENV1.4.3.2
2023-09-12 13:58:36,998 [WARN] PackLoader:240 - Cannot read IP mode file for STMicroelectronics.FP-SNS-FLIGHT1.5.0.2
2023-09-12 13:58:37,011 [WARN] PackLoader:240 - Cannot read IP mode file for STMicroelectronics.X-CUBE-DISPLAY.3.0.0
2023-09-12 13:58:37,024 [WARN] PackLoader:240 - Cannot read IP mode file for STMicroelectronics.X-CUBE-BLE1.7.0.0
2023-09-12 13:58:37,030 [WARN] PackLoader:240 - Cannot read IP mode file for emotas.I-CUBE-CANOPEN.1.3.0
2023-09-12 13:58:37,037 [WARN] PackLoader:240 - Cannot read IP mode file for STMicroelectronics.X-CUBE-TOUCHGFX.4.22.0
2023-09-12 13:58:37,052 [INFO] LogOutputStream:77 - [STDOUT_REDIRECT] 1 : Invalid condition id : UX_CORESTACK_Condition cause : null
2023-09-12 13:58:37,053 [INFO] LogOutputStream:77 - [STDOUT_REDIRECT] 1 : Invalid condition id : UX_CORESTACK_Condition cause : null
2023-09-12 13:58:37,055 [INFO] LogOutputStream:77 - [STDOUT_REDIRECT] 1 : Invalid condition id : UX_CORESTACK_Condition cause : null
2023-09-12 13:58:37,056 [INFO] LogOutputStream:77 - [STDOUT_REDIRECT] 1 : Invalid condition id : UX_CORESTACK_Condition cause : null
2023-09-12 13:58:37,057 [INFO] LogOutputStream:77 - [STDOUT_REDIRECT] 1 : Invalid condition id : UX_CORESTACK_Condition cause : null
2023-09-12 13:58:37,059 [WARN] PackLoader:240 - Cannot read IP mode file for STMicroelectronics.X-CUBE-AZRTOS-WL.2.0.0
2023-09-12 13:58:37,071 [WARN] PackLoader:240 - Cannot read IP mode file for WES.I-CUBE-Cesium.1.3.0
2023-09-12 13:58:37,080 [WARN] PackLoader:240 - Cannot read IP mode file for STMicroelectronics.X-CUBE-BLE2.3.3.0
2023-09-12 13:58:37,089 [WARN] PackLoader:240 - Cannot read IP mode file for STMicroelectronics.X-CUBE-ALGOBUILD.1.3.0
2023-09-12 13:58:37,110 [WARN] PackLoader:240 - Cannot read IP mode file for STMicroelectronics.X-CUBE-AZRTOS-G0.1.1.0
2023-09-12 13:58:37,119 [WARN] PackLoader:240 - Cannot read IP mode file for STMicroelectronics.X-CUBE-NFC4.3.0.0
2023-09-12 13:58:37,125 [WARN] PackLoader:240 - Cannot read IP mode file for STMicroelectronics.FP-ATR-SIGFOX1.3.2.0
2023-09-12 13:58:37,179 [WARN] PackLoader:240 - Cannot read IP mode file for SEGGER.I-CUBE-embOS.1.3.1
2023-09-12 13:58:37,225 [WARN] PackLoader:240 - Cannot read IP mode file for STMicroelectronics.X-CUBE-GNSS1.6.0.0
2023-09-12 13:58:37,248 [WARN] PackLoader:240 - Cannot read IP mode file for STMicroelectronics.X-CUBE-AZRTOS-F4.1.1.0
2023-09-12 13:58:37,258 [WARN] PackLoader:240 - Cannot read IP mode file for wolfSSL.I-CUBE-wolfSSL.5.6.3
2023-09-12 13:58:37,280 [WARN] PackLoader:240 - Cannot read IP mode file for STMicroelectronics.X-CUBE-AZRTOS-L5.2.0.0
2023-09-12 13:58:37,328 [WARN] PackLoader:240 - Cannot read IP mode file for STMicroelectronics.X-CUBE-MEMS1.9.6.0
2023-09-12 13:58:37,467 [WARN] PackLoader:240 - Cannot read IP mode file for STMicroelectronics.X-CUBE-BLEMGR.2.0.0
2023-09-12 13:58:37,486 [WARN] ConditionMgr:438 - getConditionDescription Invalid condition id : UX DEVICE CLASS RTOS Condition cause : null
2023-09-12 13:58:37,487 [WARN] ConditionMgr:438 - getConditionDescription Invalid condition id : UX DEVICE CLASS RTOS Condition cause : null
2023-09-12 13:58:37,488 [WARN] PackLoader:240 - Cannot read IP mode file for STMicroelectronics.X-CUBE-AZRTOS-H7.3.1.0
2023-09-12 13:58:37,489 [WARN] ConditionMgr:1039 - genDependencies : Invalid condition id : UX DEVICE CLASS RTOS Condition cause : null
2023-09-12 13:58:37,489 [WARN] ConditionMgr:1039 - genDependencies : Invalid condition id : UX DEVICE CLASS RTOS Condition cause : null
2023-09-12 13:58:37,489 [WARN] ConditionMgr:1039 - genDependencies : Invalid condition id : UX DEVICE CLASS RTOS Condition cause : null
2023-09-12 13:58:37,490 [WARN] ConditionMgr:1039 - genDependencies : Invalid condition id : UX DEVICE CLASS RTOS Condition cause : null
2023-09-12 13:58:37,490 [WARN] ConditionMgr:1039 - genDependencies : Invalid condition id : UX DEVICE CLASS RTOS Condition cause : null
2023-09-12 13:58:37,497 [WARN] PackLoader:240 - Cannot read IP mode file for STMicroelectronics.X-CUBE-NFC7.1.0.1
2023-09-12 13:58:37,506 [WARN] PackLoader:240 - Cannot read IP mode file for STMicroelectronics.X-CUBE-NFC6.3.0.0
2023-09-12 13:58:37,514 [WARN] PackLoader:240 - Cannot read IP mode file for STMicroelectronics.X-CUBE-EEPRMA1.4.1.0
2023-09-12 13:58:37,519 [WARN] PackLoader:240 - Cannot read IP mode file for STMicroelectronics.X-CUBE-AI.8.1.0
2023-09-12 13:58:37,530 [WARN] ConditionMgr:438 - getConditionDescription Invalid condition id : LAN8742 Phy interface Condition cause : null
2023-09-12 13:58:37,530 [WARN] PackLoader:240 - Cannot read IP mode file for STMicroelectronics.X-CUBE-AZRTOS-L4.2.0.0
2023-09-12 13:58:37,531 [WARN] ConditionMgr:1039 - genDependencies : Invalid condition id : LAN8742 Phy interface Condition cause : null
2023-09-12 13:58:37,531 [WARN] ConditionMgr:1039 - genDependencies : Invalid condition id : LAN8742 Phy interface Condition cause : null
2023-09-12 13:58:37,532 [WARN] ConditionMgr:1039 - genDependencies : Invalid condition id : LAN8742 Phy interface Condition cause : null
2023-09-12 13:58:37,543 [WARN] PackLoader:240 - Cannot read IP mode file for STMicroelectronics.X-CUBE-SFXS2LP1.4.0.0
2023-09-12 13:58:37,551 [WARN] PackLoader:240 - Cannot read IP mode file for STMicroelectronics.X-CUBE-ISPU.1.1.0
2023-09-12 13:58:37,564 [WARN] ConditionMgr:438 - getConditionDescription Invalid condition id : UX DEVICE CLASS RTOS Condition cause : null
2023-09-12 13:58:37,564 [WARN] ConditionMgr:438 - getConditionDescription Invalid condition id : UX DEVICE CLASS RTOS Condition cause : null
2023-09-12 13:58:37,566 [WARN] PackLoader:240 - Cannot read IP mode file for STMicroelectronics.X-CUBE-AZRTOS-WB.2.0.0
2023-09-12 13:58:37,566 [WARN] ConditionMgr:1039 - genDependencies : Invalid condition id : UX DEVICE CLASS RTOS Condition cause : null
2023-09-12 13:58:37,566 [WARN] ConditionMgr:1039 - genDependencies : Invalid condition id : UX DEVICE CLASS RTOS Condition cause : null
2023-09-12 13:58:37,566 [WARN] ConditionMgr:1039 - genDependencies : Invalid condition id : UX DEVICE CLASS RTOS Condition cause : null
2023-09-12 13:58:37,566 [WARN] ConditionMgr:1039 - genDependencies : Invalid condition id : UX DEVICE CLASS RTOS Condition cause : null
2023-09-12 13:58:37,567 [WARN] ConditionMgr:1039 - genDependencies : Invalid condition id : UX DEVICE CLASS RTOS Condition cause : null
2023-09-12 13:58:37,574 [WARN] PackLoader:240 - Cannot read IP mode file for STMicroelectronics.X-CUBE-SUBG2.5.0.0
2023-09-12 13:58:37,585 [WARN] PackLoader:240 - Cannot read IP mode file for STMicroelectronics.X-CUBE-TOF1.3.3.1
2023-09-12 13:58:37,617 [WARN] PackLoader:240 - Cannot read IP mode file for STMicroelectronics.X-CUBE-AZRTOS-G4.2.0.0
2023-09-12 13:58:37,627 [WARN] PackLoader:240 - Cannot read IP mode file for STMicroelectronics.X-CUBE-FREERTOS.1.1.0
2023-09-12 13:58:37,636 [WARN] PackLoader:240 - Cannot read IP mode file for portGmbH.I-Cube-SoM-uGOAL.1.1.0
2023-09-12 13:58:37,643 [WARN] PackLoader:240 - Cannot read IP mode file for STMicroelectronics.X-CUBE-ALS.1.0.1
2023-09-12 13:58:37,658 [WARN] PackLoader:240 - Cannot read IP mode file for STMicroelectronics.FP-ATR-ASTRA1.2.0.0
2023-09-12 13:58:37,659 [INFO] ThirdParty:978 - Integrity check success = true
2023-09-12 13:58:37,659 [INFO] IntegrityCheckThread:100 - exiting critical section [integrity check]
2023-09-12 13:58:37,659 [INFO] IntegrityCheckThread:103 - End integrity checks thread
2023-09-12 13:58:56,922 [ERROR] LogOutputStream:75 - [STDERR_REDIRECT] SLF4J: Failed to load class "org.slf4j.impl.StaticLoggerBinder".
2023-09-12 13:58:56,922 [ERROR] LogOutputStream:75 - [STDERR_REDIRECT] SLF4J: Defaulting to no-operation (NOP) logger implementation
2023-09-12 13:58:56,923 [ERROR] LogOutputStream:75 - [STDERR_REDIRECT] SLF4J: See http://www.slf4j.org/codes.html#StaticLoggerBinder for further details.
2023-09-12 16:08:22,459 [ERROR] LogOutputStream:75 - [STDERR_REDIRECT] 
