2023-10-31 13:44:36,047 [INFO] Activator:176 - 


2023-10-31 13:44:36,056 [INFO] Activator:177 - !SESSION log4j initialized
2023-10-31 13:44:42,395 [INFO] LogOutputStream:77 - [STDOUT_REDIRECT] 
2023-10-31 13:44:44,456 [INFO] ApplicationProperties:184 - Using Application install path: C:\ST\STM32CubeIDE_1.13.1\STM32CubeIDE\plugins\com.st.stm32cube.common.mx_6.9.1.202307191849
2023-10-31 13:44:44,494 [INFO] DbMcusXml:78 - Set database path to: C:\ST\STM32CubeIDE_1.13.1\STM32CubeIDE\plugins\com.st.stm32cube.common.mx_6.9.1.202307191849\\db\/mcu/
2023-10-31 13:44:44,495 [INFO] ApiDb:274 - Set plugin database path to: C:\ST\STM32CubeIDE_1.13.1\STM32CubeIDE\plugins\com.st.stm32cube.common.mx_6.9.1.202307191849\\db\/plugins/boardmanager/
2023-10-31 13:44:44,496 [WARN] ApiDb:259 - Overriding images path with different value:  => C:\ST\STM32CubeIDE_1.13.1\STM32CubeIDE\plugins\com.st.stm32cube.common.mx_6.9.1.202307191849\\db\/plugins/mcufinder/images/
2023-10-31 13:44:44,526 [INFO] ApiDb:250 - Set database path to: C:\Users\Admin\.stmcufinder\plugins\mcufinder//mcu/
2023-10-31 13:44:44,530 [INFO] DbMcusAds:125 - Set database path to: C:\Users\Admin\.stmcufinder\plugins\mcufinder//mcu/
2023-10-31 13:44:44,534 [INFO] CrossReferenceDbSqlite:203 - Set database path to: C:\Users\Admin\.stmcufinder\plugins\mcufinder//mcu/cs/
2023-10-31 13:44:44,749 [INFO] RulesReader:64 - Compatibility file has been processed (293 Rules)
2023-10-31 13:44:44,933 [INFO] DbMcusXml:78 - Set database path to: C:\ST\STM32CubeIDE_1.13.1\STM32CubeIDE\plugins\com.st.stm32cube.common.mx_6.9.1.202307191849\\db\/mcu/
2023-10-31 13:44:44,933 [INFO] ApiDb:274 - Set plugin database path to: C:\ST\STM32CubeIDE_1.13.1\STM32CubeIDE\plugins\com.st.stm32cube.common.mx_6.9.1.202307191849\\db\/plugins/boardmanager/
2023-10-31 13:44:44,934 [INFO] ApiDb:261 - Set plugin images path to: C:\ST\STM32CubeIDE_1.13.1\STM32CubeIDE\plugins\com.st.stm32cube.common.mx_6.9.1.202307191849\\db\/plugins/mcufinder/images/
2023-10-31 13:44:44,934 [WARN] DbFile:41 - Overriding database path with different value: C:\Users\Admin\.stmcufinder\plugins\mcufinder/ => C:\Users\Admin\.stmcufinder\plugins\mcufinder
2023-10-31 13:44:44,935 [INFO] ApiDb:250 - Set database path to: C:\Users\Admin\.stmcufinder\plugins\mcufinder//mcu/
2023-10-31 13:44:44,935 [WARN] DbFile:41 - Overriding database path with different value: C:\Users\Admin\.stmcufinder\plugins\mcufinder/ => C:\Users\Admin\.stmcufinder\plugins\mcufinder
2023-10-31 13:44:44,935 [INFO] DbMcusAds:125 - Set database path to: C:\Users\Admin\.stmcufinder\plugins\mcufinder//mcu/
2023-10-31 13:44:44,935 [WARN] DbFile:41 - Overriding database path with different value: C:\Users\Admin\.stmcufinder\plugins\mcufinder/ => C:\Users\Admin\.stmcufinder\plugins\mcufinder
2023-10-31 13:44:44,935 [WARN] DbFile:41 - Overriding database path with different value: C:\Users\Admin\.stmcufinder\plugins\mcufinder/ => C:\Users\Admin\.stmcufinder\plugins\mcufinder
2023-10-31 13:44:44,935 [INFO] CrossReferenceDbSqlite:203 - Set database path to: C:\Users\Admin\.stmcufinder\plugins\mcufinder//mcu/cs/
2023-10-31 13:44:45,096 [INFO] MainPanel:262 - HeapMemory: 268435456
2023-10-31 13:44:45,297 [INFO] DbMcusXml:78 - Set database path to: C:\ST\STM32CubeIDE_1.13.1\STM32CubeIDE\plugins\com.st.stm32cube.common.mx_6.9.1.202307191849\\db\/mcu/
2023-10-31 13:44:45,297 [INFO] ApiDb:274 - Set plugin database path to: C:\ST\STM32CubeIDE_1.13.1\STM32CubeIDE\plugins\com.st.stm32cube.common.mx_6.9.1.202307191849\\db\/plugins/boardmanager/
2023-10-31 13:44:45,299 [INFO] ApiDb:261 - Set plugin images path to: C:\ST\STM32CubeIDE_1.13.1\STM32CubeIDE\plugins\com.st.stm32cube.common.mx_6.9.1.202307191849\\db\/plugins/mcufinder/images/
2023-10-31 13:44:45,300 [WARN] DbFile:41 - Overriding database path with different value: C:\Users\Admin\.stmcufinder\plugins\mcufinder/ => C:\Users\Admin\.stmcufinder\plugins\mcufinder
2023-10-31 13:44:45,300 [INFO] ApiDb:250 - Set database path to: C:\Users\Admin\.stmcufinder\plugins\mcufinder//mcu/
2023-10-31 13:44:45,300 [WARN] DbFile:41 - Overriding database path with different value: C:\Users\Admin\.stmcufinder\plugins\mcufinder/ => C:\Users\Admin\.stmcufinder\plugins\mcufinder
2023-10-31 13:44:45,300 [INFO] DbMcusAds:125 - Set database path to: C:\Users\Admin\.stmcufinder\plugins\mcufinder//mcu/
2023-10-31 13:44:45,300 [WARN] DbFile:41 - Overriding database path with different value: C:\Users\Admin\.stmcufinder\plugins\mcufinder/ => C:\Users\Admin\.stmcufinder\plugins\mcufinder
2023-10-31 13:44:45,300 [WARN] DbFile:41 - Overriding database path with different value: C:\Users\Admin\.stmcufinder\plugins\mcufinder/ => C:\Users\Admin\.stmcufinder\plugins\mcufinder
2023-10-31 13:44:45,301 [INFO] CrossReferenceDbSqlite:203 - Set database path to: C:\Users\Admin\.stmcufinder\plugins\mcufinder//mcu/cs/
2023-10-31 13:44:45,335 [INFO] ApplicationProperties:184 - Using Application install path: C:\ST\STM32CubeIDE_1.13.1\STM32CubeIDE\plugins\com.st.stm32cube.common.mx_6.9.1.202307191849
2023-10-31 13:44:45,337 [INFO] PluginManage:196 - Search for loadable plugins [exclusion list=, ]
2023-10-31 13:44:45,339 [INFO] PluginManage:310 - Check plugin analytics
2023-10-31 13:44:45,627 [INFO] AnalyticsPlugin:253 - Accepted Software Licenses: 
2023-10-31 13:44:45,627 [INFO] AnalyticsPlugin:255 - Accepted CMSIS Pack Licenses: 
2023-10-31 13:44:45,628 [INFO] AnalyticsPlugin:257 - Accepted Firmware Licenses: FW.L4.1.18.0
2023-10-31 13:44:45,632 [INFO] PluginManage:359 - Loaded plugin analytics (category:tool,tabindex:-1)
2023-10-31 13:44:45,633 [INFO] PluginManage:310 - Check plugin cadmodel
2023-10-31 13:44:45,645 [INFO] CADModel:105 - Init CAD model plugin
2023-10-31 13:44:45,646 [INFO] PluginManage:359 - Loaded plugin cadmodel (category:power,tabindex:5)
2023-10-31 13:44:45,646 [INFO] PluginManage:310 - Check plugin clock
2023-10-31 13:44:45,668 [INFO] PluginManage:359 - Loaded plugin clock (category:base,tabindex:2)
2023-10-31 13:44:45,668 [INFO] PluginManage:310 - Check plugin ddr
2023-10-31 13:44:45,675 [INFO] PluginManage:359 - Loaded plugin ddr (category:tool,tabindex:6)
2023-10-31 13:44:45,675 [INFO] PluginManage:310 - Check plugin filemanager
2023-10-31 13:44:45,923 [INFO] PluginManage:359 - Loaded plugin filemanager (category:base,tabindex:10)
2023-10-31 13:44:45,923 [INFO] PluginManage:310 - Check plugin ipmanager
2023-10-31 13:44:45,937 [INFO] PluginManage:359 - Loaded plugin ipmanager (category:base,tabindex:5)
2023-10-31 13:44:45,938 [INFO] PluginManage:310 - Check plugin lpbam
2023-10-31 13:44:45,954 [INFO] PluginManage:359 - Loaded plugin lpbam (category:base,tabindex:0)
2023-10-31 13:44:45,955 [INFO] PluginManage:310 - Check plugin memorymap
2023-10-31 13:44:45,982 [INFO] PluginManage:359 - Loaded plugin memorymap (category:base,tabindex:4)
2023-10-31 13:44:45,983 [INFO] PluginManage:310 - Check plugin pinoutandconfiguration
2023-10-31 13:44:45,994 [INFO] PluginManage:359 - Loaded plugin pinoutandconfiguration (category:base,tabindex:1)
2023-10-31 13:44:45,995 [INFO] PluginManage:310 - Check plugin pinoutconfig
2023-10-31 13:44:46,151 [WARN] SupportedApi:132 - Cannot load RTOS API schema: s4s-elt-must-match.1: The content of 'definitions' must match (annotation?, (simpleType | complexType)?, (unique | key | keyref)*)). A problem was found starting at: attribute.
2023-10-31 13:44:46,370 [INFO] PluginManage:359 - Loaded plugin pinoutconfig (category:base,tabindex:0)
2023-10-31 13:44:46,371 [INFO] PluginManage:310 - Check plugin power
2023-10-31 13:44:46,389 [INFO] PluginManage:359 - Loaded plugin power (category:power,tabindex:4)
2023-10-31 13:44:46,389 [INFO] PluginManage:310 - Check plugin projectmanager
2023-10-31 13:44:46,411 [INFO] PluginManage:359 - Loaded plugin projectmanager (category:projectmanager,tabindex:3)
2023-10-31 13:44:46,412 [INFO] PluginManage:310 - Check plugin thirdparty
2023-10-31 13:44:46,899 [INFO] PluginManage:359 - Loaded plugin thirdparty (category:base,tabindex:-1)
2023-10-31 13:44:46,899 [WARN] IntegrityCheckThread:84 - waiting for thirdparty lock release [integrity check]
2023-10-31 13:44:46,899 [INFO] PluginManage:310 - Check plugin tools
2023-10-31 13:44:46,899 [INFO] IntegrityCheckThread:86 - entering critical section [integrity check]
2023-10-31 13:44:46,900 [INFO] ThirdPartyUpdaterWithRetryManager:70 - Updater plugin not ready yet. [1/15]
2023-10-31 13:44:46,912 [INFO] PluginManage:359 - Loaded plugin tools (category:base,tabindex:7)
2023-10-31 13:44:46,913 [INFO] PluginManage:310 - Check plugin tutovideos
2023-10-31 13:44:47,228 [INFO] PluginManage:359 - Loaded plugin tutovideos (category:base,tabindex:-1)
2023-10-31 13:44:47,229 [INFO] PluginManage:310 - Check plugin updater
2023-10-31 13:44:47,247 [INFO] PluginManage:359 - Loaded plugin updater (category:base,tabindex:12)
2023-10-31 13:44:47,247 [INFO] PluginManage:310 - Check plugin userauth
2023-10-31 13:44:47,256 [INFO] UserAuth:113 - Init User Auth plugin
2023-10-31 13:44:47,257 [INFO] PluginManage:359 - Loaded plugin userauth (category:base,tabindex:14)
2023-10-31 13:44:47,257 [INFO] PluginManage:283 - PluginManage : Loaded plugins [17]
2023-10-31 13:44:48,428 [INFO] PinOutPanel:1499 - setPackage(No Configuration,No Configuration)
2023-10-31 13:44:49,310 [INFO] CADModel:165 - CPN selected for project level
2023-10-31 13:44:49,311 [INFO] CADModel:114 - Register for checkConnection events
2023-10-31 13:44:49,340 [INFO] IPUIPlugin:80 - create IPUIPlugin
2023-10-31 13:44:49,340 [INFO] PluginManager:220 - loadIPPluginJar : add adc
2023-10-31 13:44:49,378 [INFO] IPUIPlugin:80 - create IPUIPlugin
2023-10-31 13:44:49,379 [INFO] PluginManager:220 - loadIPPluginJar : add aes
2023-10-31 13:44:49,453 [INFO] IPUIPlugin:80 - create IPUIPlugin
2023-10-31 13:44:49,454 [INFO] PluginManager:220 - loadIPPluginJar : add can
2023-10-31 13:44:49,462 [INFO] IPUIPlugin:80 - create IPUIPlugin
2023-10-31 13:44:49,462 [INFO] PluginManager:220 - loadIPPluginJar : add comp
2023-10-31 13:44:49,474 [INFO] IPUIPlugin:80 - create IPUIPlugin
2023-10-31 13:44:49,474 [INFO] PluginManager:220 - loadIPPluginJar : add cryp
2023-10-31 13:44:49,482 [INFO] IPUIPlugin:80 - create IPUIPlugin
2023-10-31 13:44:49,483 [INFO] PluginManager:220 - loadIPPluginJar : add dfsdm
2023-10-31 13:44:49,496 [INFO] IPUIPlugin:80 - create IPUIPlugin
2023-10-31 13:44:49,497 [INFO] PluginManager:220 - loadIPPluginJar : add dma
2023-10-31 13:44:49,503 [INFO] IPUIPlugin:80 - create IPUIPlugin
2023-10-31 13:44:49,504 [INFO] PluginManager:220 - loadIPPluginJar : add dma3
2023-10-31 13:44:49,510 [INFO] IPUIPlugin:80 - create IPUIPlugin
2023-10-31 13:44:49,510 [INFO] PluginManager:220 - loadIPPluginJar : add fatfs
2023-10-31 13:44:49,610 [INFO] IPUIPlugin:80 - create IPUIPlugin
2023-10-31 13:44:49,610 [INFO] PluginManager:220 - loadIPPluginJar : add fmc
2023-10-31 13:44:49,633 [INFO] IPUIPlugin:80 - create IPUIPlugin
2023-10-31 13:44:49,634 [INFO] PluginManager:220 - loadIPPluginJar : add freertos
2023-10-31 13:44:49,637 [INFO] IPUIPlugin:80 - create IPUIPlugin
2023-10-31 13:44:49,637 [INFO] PluginManager:220 - loadIPPluginJar : add genericplugin
2023-10-31 13:44:49,642 [INFO] IPUIPlugin:80 - create IPUIPlugin
2023-10-31 13:44:49,642 [INFO] PluginManager:220 - loadIPPluginJar : add gfxmmu
2023-10-31 13:44:49,650 [INFO] IPUIPlugin:80 - create IPUIPlugin
2023-10-31 13:44:49,651 [INFO] PluginManager:220 - loadIPPluginJar : add gic
2023-10-31 13:44:49,658 [INFO] IPUIPlugin:80 - create IPUIPlugin
2023-10-31 13:44:49,659 [INFO] PluginManager:220 - loadIPPluginJar : add gpio
2023-10-31 13:44:49,757 [INFO] IPUIPlugin:80 - create IPUIPlugin
2023-10-31 13:44:49,757 [INFO] PluginManager:220 - loadIPPluginJar : add gtzc
2023-10-31 13:44:49,775 [INFO] IPUIPlugin:80 - create IPUIPlugin
2023-10-31 13:44:49,775 [INFO] PluginManager:220 - loadIPPluginJar : add hash
2023-10-31 13:44:49,783 [INFO] IPUIPlugin:80 - create IPUIPlugin
2023-10-31 13:44:49,783 [INFO] PluginManager:220 - loadIPPluginJar : add i2c
2023-10-31 13:44:49,901 [INFO] ThirdPartyUpdaterWithRetryManager:70 - Updater plugin not ready yet. [2/15]
2023-10-31 13:44:49,908 [INFO] IPUIPlugin:80 - create IPUIPlugin
2023-10-31 13:44:49,908 [INFO] PluginManager:220 - loadIPPluginJar : add i2s
2023-10-31 13:44:49,919 [INFO] IPUIPlugin:80 - create IPUIPlugin
2023-10-31 13:44:49,919 [INFO] PluginManager:220 - loadIPPluginJar : add i3c
2023-10-31 13:44:49,929 [INFO] IPUIPlugin:80 - create IPUIPlugin
2023-10-31 13:44:49,929 [INFO] PluginManager:220 - loadIPPluginJar : add ipddr
2023-10-31 13:44:49,946 [INFO] IPUIPlugin:80 - create IPUIPlugin
2023-10-31 13:44:49,946 [INFO] PluginManager:220 - loadIPPluginJar : add linkedlist
2023-10-31 13:44:49,956 [INFO] IPUIPlugin:80 - create IPUIPlugin
2023-10-31 13:44:49,956 [INFO] PluginManager:220 - loadIPPluginJar : add lorawan
2023-10-31 13:44:50,064 [INFO] IPUIPlugin:80 - create IPUIPlugin
2023-10-31 13:44:50,065 [INFO] PluginManager:220 - loadIPPluginJar : add ltdc
2023-10-31 13:44:50,076 [INFO] IPUIPlugin:80 - create IPUIPlugin
2023-10-31 13:44:50,076 [INFO] PluginManager:220 - loadIPPluginJar : add mdma
2023-10-31 13:44:50,083 [INFO] IPUIPlugin:80 - create IPUIPlugin
2023-10-31 13:44:50,083 [INFO] PluginManager:220 - loadIPPluginJar : add nvic
2023-10-31 13:44:50,089 [INFO] IPUIPlugin:80 - create IPUIPlugin
2023-10-31 13:44:50,090 [INFO] PluginManager:220 - loadIPPluginJar : add opamp
2023-10-31 13:44:50,095 [INFO] IPUIPlugin:80 - create IPUIPlugin
2023-10-31 13:44:50,095 [INFO] PluginManager:220 - loadIPPluginJar : add openamp
2023-10-31 13:44:50,101 [INFO] IPUIPlugin:80 - create IPUIPlugin
2023-10-31 13:44:50,101 [INFO] PluginManager:220 - loadIPPluginJar : add pdm2pcm
2023-10-31 13:44:50,112 [INFO] IPUIPlugin:80 - create IPUIPlugin
2023-10-31 13:44:50,114 [INFO] PluginManager:220 - loadIPPluginJar : add plateformsettings
2023-10-31 13:44:50,208 [INFO] IPUIPlugin:80 - create IPUIPlugin
2023-10-31 13:44:50,208 [INFO] PluginManager:220 - loadIPPluginJar : add quadspi
2023-10-31 13:44:50,230 [INFO] IPUIPlugin:80 - create IPUIPlugin
2023-10-31 13:44:50,230 [INFO] PluginManager:220 - loadIPPluginJar : add resmgrutility
2023-10-31 13:44:50,242 [INFO] IPUIPlugin:80 - create IPUIPlugin
2023-10-31 13:44:50,242 [INFO] PluginManager:220 - loadIPPluginJar : add sai
2023-10-31 13:44:50,250 [INFO] IPUIPlugin:80 - create IPUIPlugin
2023-10-31 13:44:50,250 [INFO] PluginManager:220 - loadIPPluginJar : add spi
2023-10-31 13:44:50,260 [INFO] IPUIPlugin:80 - create IPUIPlugin
2023-10-31 13:44:50,261 [INFO] PluginManager:220 - loadIPPluginJar : add stm32_wpan
2023-10-31 13:44:50,264 [INFO] IPUIPlugin:80 - create IPUIPlugin
2023-10-31 13:44:50,265 [INFO] PluginManager:220 - loadIPPluginJar : add tim
2023-10-31 13:44:50,270 [INFO] IPUIPlugin:80 - create IPUIPlugin
2023-10-31 13:44:50,270 [INFO] PluginManager:220 - loadIPPluginJar : add touchsensing
2023-10-31 13:44:50,274 [INFO] IPUIPlugin:80 - create IPUIPlugin
2023-10-31 13:44:50,274 [INFO] PluginManager:220 - loadIPPluginJar : add tracer_emb
2023-10-31 13:44:50,280 [INFO] IPUIPlugin:80 - create IPUIPlugin
2023-10-31 13:44:50,280 [INFO] PluginManager:220 - loadIPPluginJar : add ts
2023-10-31 13:44:50,284 [INFO] IPUIPlugin:80 - create IPUIPlugin
2023-10-31 13:44:50,284 [INFO] PluginManager:220 - loadIPPluginJar : add tsc
2023-10-31 13:44:50,288 [INFO] IPUIPlugin:80 - create IPUIPlugin
2023-10-31 13:44:50,288 [INFO] PluginManager:220 - loadIPPluginJar : add ucpd
2023-10-31 13:44:50,328 [INFO] IPUIPlugin:80 - create IPUIPlugin
2023-10-31 13:44:50,328 [INFO] PluginManager:220 - loadIPPluginJar : add usart
2023-10-31 13:44:50,384 [INFO] IPUIPlugin:80 - create IPUIPlugin
2023-10-31 13:44:50,384 [INFO] PluginManager:220 - loadIPPluginJar : add usbx
2023-10-31 13:44:50,664 [INFO] CADModel:165 - CPN selected for project level
2023-10-31 13:44:50,664 [INFO] CADModel:114 - Register for checkConnection events
2023-10-31 13:44:50,664 [FATAL] Updater:308 - Updater called before beeing initialized
2023-10-31 13:44:50,665 [ERROR] CADModel:125 - Updater not yet initialized, retry later 
2023-10-31 13:44:50,908 [INFO] CADModel:165 - CPN selected for project level
2023-10-31 13:44:50,908 [INFO] CADModel:114 - Register for checkConnection events
2023-10-31 13:44:50,908 [FATAL] Updater:308 - Updater called before beeing initialized
2023-10-31 13:44:50,908 [ERROR] CADModel:125 - Updater not yet initialized, retry later 
2023-10-31 13:44:50,913 [FATAL] Updater:308 - Updater called before beeing initialized
2023-10-31 13:44:51,268 [FATAL] Updater:308 - Updater called before beeing initialized
2023-10-31 13:44:51,277 [INFO] DbMcusAds:53 - JSON generation date=Tue Mar 07 03:50:55 EST 2023 (1678179055114)
2023-10-31 13:44:51,277 [FATAL] Updater:308 - Updater called before beeing initialized
2023-10-31 13:44:51,382 [WARN] DetailPanel:346 - Failed to get advertising image, set to default
2023-10-31 13:44:52,090 [FATAL] Updater:308 - Updater called before beeing initialized
2023-10-31 13:44:52,094 [FATAL] Updater:308 - Updater called before beeing initialized
2023-10-31 13:44:52,095 [FATAL] Updater:308 - Updater called before beeing initialized
2023-10-31 13:44:52,095 [WARN] DetailPanel:346 - Failed to get advertising image, set to default
2023-10-31 13:44:52,096 [FATAL] Updater:308 - Updater called before beeing initialized
2023-10-31 13:44:52,467 [ERROR] Updater:1120 - MainUpdater not yet initialized. External WinMGr cannot be set.
2023-10-31 13:44:52,476 [INFO] Updater:1056 - Updater Version found : 6.9.1
2023-10-31 13:44:52,499 [INFO] ApplicationProperties:184 - Using Application install path: C:\ST\STM32CubeIDE_1.13.1\STM32CubeIDE\plugins\com.st.stm32cube.common.mx_6.9.1.202307191849
2023-10-31 13:44:52,903 [INFO] ThirdPartyUpdaterWithRetryManager:70 - Updater plugin not ready yet. [3/15]
2023-10-31 13:44:53,682 [INFO] MainUpdater:2868 - connection check result : 10
2023-10-31 13:44:53,683 [INFO] MainUpdater:285 - Updater Check For Update Now.
2023-10-31 13:44:53,683 [INFO] MicroXplorer:498 - Change Database Version : DB.6.0.91
2023-10-31 13:44:53,900 [INFO] McuFinderGlobals:63 - Set McuFinder mode to 2 (CubeIDE integrated)
2023-10-31 13:44:53,901 [INFO] UserAuth:179 - activating auth plugin
2023-10-31 13:44:53,904 [INFO] UserAuth:393 - Internet connection configuration mode: 1
2023-10-31 13:44:54,987 [INFO] JxBrowserEngine:151 - Initiate JxBrowser Engine with user profile folder
2023-10-31 13:44:55,474 [INFO] CheckServerUpdateThread:120 - End of CheckServer Thread
2023-10-31 13:44:56,212 [WARN] PackLoader:240 - Cannot read IP mode file for STMicroelectronics.X-CUBE-SMBUS.2.1.0
2023-10-31 13:44:56,257 [WARN] PackLoader:240 - Cannot read IP mode file for STMicroelectronics.X-CUBE-AZRTOS-F7.1.1.0
2023-10-31 13:44:56,275 [WARN] PackLoader:240 - Cannot read IP mode file for STMicroelectronics.FP-SNS-MOTENV1.4.3.2
2023-10-31 13:44:56,289 [WARN] PackLoader:240 - Cannot read IP mode file for STMicroelectronics.FP-SNS-FLIGHT1.5.0.2
2023-10-31 13:44:56,305 [WARN] PackLoader:240 - Cannot read IP mode file for STMicroelectronics.X-CUBE-DISPLAY.3.0.0
2023-10-31 13:44:56,325 [WARN] PackLoader:240 - Cannot read IP mode file for STMicroelectronics.X-CUBE-BLE1.7.0.0
2023-10-31 13:44:56,336 [WARN] PackLoader:240 - Cannot read IP mode file for emotas.I-CUBE-CANOPEN.1.3.0
2023-10-31 13:44:56,348 [WARN] PackLoader:240 - Cannot read IP mode file for STMicroelectronics.X-CUBE-TOUCHGFX.4.22.0
2023-10-31 13:44:56,355 [WARN] PackLoader:240 - Cannot read IP mode file for STMicroelectronics.X-CUBE-TOUCHGFX.4.22.1
2023-10-31 13:44:56,364 [WARN] PackLoader:240 - Cannot read IP mode file for STMicroelectronics.FP-SNS-SMARTAG2.1.2.0
2023-10-31 13:44:56,379 [INFO] LogOutputStream:77 - [STDOUT_REDIRECT] 1 : Invalid condition id : UX_CORESTACK_Condition cause : null
2023-10-31 13:44:56,380 [INFO] LogOutputStream:77 - [STDOUT_REDIRECT] 1 : Invalid condition id : UX_CORESTACK_Condition cause : null
2023-10-31 13:44:56,382 [INFO] LogOutputStream:77 - [STDOUT_REDIRECT] 1 : Invalid condition id : UX_CORESTACK_Condition cause : null
2023-10-31 13:44:56,383 [INFO] LogOutputStream:77 - [STDOUT_REDIRECT] 1 : Invalid condition id : UX_CORESTACK_Condition cause : null
2023-10-31 13:44:56,385 [INFO] LogOutputStream:77 - [STDOUT_REDIRECT] 1 : Invalid condition id : UX_CORESTACK_Condition cause : null
2023-10-31 13:44:56,388 [WARN] PackLoader:240 - Cannot read IP mode file for STMicroelectronics.X-CUBE-AZRTOS-WL.2.0.0
2023-10-31 13:44:56,402 [WARN] PackLoader:240 - Cannot read IP mode file for WES.I-CUBE-Cesium.1.3.0
2023-10-31 13:44:56,409 [WARN] PackLoader:240 - Cannot read IP mode file for STMicroelectronics.X-CUBE-BLE2.3.3.0
2023-10-31 13:44:56,417 [WARN] PackLoader:240 - Cannot read IP mode file for STMicroelectronics.X-CUBE-ALGOBUILD.1.3.0
2023-10-31 13:44:56,432 [WARN] PackLoader:240 - Cannot read IP mode file for STMicroelectronics.X-CUBE-AZRTOS-G0.1.1.0
2023-10-31 13:44:56,432 [INFO] WebApp:157 - Instantiating new browser for Auth
2023-10-31 13:44:56,445 [WARN] PackLoader:240 - Cannot read IP mode file for STMicroelectronics.X-CUBE-NFC4.3.0.0
2023-10-31 13:44:56,455 [WARN] PackLoader:240 - Cannot read IP mode file for STMicroelectronics.FP-ATR-SIGFOX1.3.2.0
2023-10-31 13:44:56,514 [WARN] PackLoader:240 - Cannot read IP mode file for SEGGER.I-CUBE-embOS.1.3.1
2023-10-31 13:44:56,565 [WARN] PackLoader:240 - Cannot read IP mode file for STMicroelectronics.X-CUBE-GNSS1.6.0.0
2023-10-31 13:44:56,589 [WARN] PackLoader:240 - Cannot read IP mode file for STMicroelectronics.X-CUBE-AZRTOS-F4.1.1.0
2023-10-31 13:44:56,602 [WARN] PackLoader:240 - Cannot read IP mode file for wolfSSL.I-CUBE-wolfSSL.5.6.3
2023-10-31 13:44:56,625 [WARN] PackLoader:240 - Cannot read IP mode file for STMicroelectronics.X-CUBE-AZRTOS-L5.2.0.0
2023-10-31 13:44:56,687 [WARN] PackLoader:240 - Cannot read IP mode file for STMicroelectronics.X-CUBE-MEMS1.9.6.0
2023-10-31 13:44:56,883 [WARN] PackLoader:240 - Cannot read IP mode file for STMicroelectronics.X-CUBE-EEPRMA1.4.2.0
2023-10-31 13:44:56,895 [WARN] PackLoader:240 - Cannot read IP mode file for ITTIA_DB.I-CUBE-ITTIADB.8.8.0
2023-10-31 13:44:56,907 [WARN] PackLoader:240 - Cannot read IP mode file for STMicroelectronics.X-CUBE-BLEMGR.2.0.0
2023-10-31 13:44:56,924 [WARN] ConditionMgr:438 - getConditionDescription Invalid condition id : UX DEVICE CLASS RTOS Condition cause : null
2023-10-31 13:44:56,925 [WARN] ConditionMgr:438 - getConditionDescription Invalid condition id : UX DEVICE CLASS RTOS Condition cause : null
2023-10-31 13:44:56,926 [WARN] PackLoader:240 - Cannot read IP mode file for STMicroelectronics.X-CUBE-AZRTOS-H7.3.1.0
2023-10-31 13:44:56,932 [WARN] ConditionMgr:1039 - genDependencies : Invalid condition id : UX DEVICE CLASS RTOS Condition cause : null
2023-10-31 13:44:56,932 [WARN] ConditionMgr:1039 - genDependencies : Invalid condition id : UX DEVICE CLASS RTOS Condition cause : null
2023-10-31 13:44:56,934 [WARN] ConditionMgr:1039 - genDependencies : Invalid condition id : UX DEVICE CLASS RTOS Condition cause : null
2023-10-31 13:44:56,935 [WARN] ConditionMgr:1039 - genDependencies : Invalid condition id : UX DEVICE CLASS RTOS Condition cause : null
2023-10-31 13:44:56,935 [WARN] ConditionMgr:1039 - genDependencies : Invalid condition id : UX DEVICE CLASS RTOS Condition cause : null
2023-10-31 13:44:56,946 [WARN] PackLoader:240 - Cannot read IP mode file for STMicroelectronics.X-CUBE-NFC7.1.0.1
2023-10-31 13:44:56,962 [WARN] PackLoader:240 - Cannot read IP mode file for STMicroelectronics.X-CUBE-NFC6.3.0.0
2023-10-31 13:44:56,976 [WARN] PackLoader:240 - Cannot read IP mode file for STMicroelectronics.X-CUBE-EEPRMA1.4.1.0
2023-10-31 13:44:56,985 [WARN] PackLoader:240 - Cannot read IP mode file for STMicroelectronics.X-CUBE-AI.8.1.0
2023-10-31 13:44:56,999 [WARN] ConditionMgr:438 - getConditionDescription Invalid condition id : LAN8742 Phy interface Condition cause : null
2023-10-31 13:44:57,000 [WARN] PackLoader:240 - Cannot read IP mode file for STMicroelectronics.X-CUBE-AZRTOS-L4.2.0.0
2023-10-31 13:44:57,000 [WARN] ConditionMgr:1039 - genDependencies : Invalid condition id : LAN8742 Phy interface Condition cause : null
2023-10-31 13:44:57,001 [WARN] ConditionMgr:1039 - genDependencies : Invalid condition id : LAN8742 Phy interface Condition cause : null
2023-10-31 13:44:57,001 [WARN] ConditionMgr:1039 - genDependencies : Invalid condition id : LAN8742 Phy interface Condition cause : null
2023-10-31 13:44:57,012 [WARN] PackLoader:240 - Cannot read IP mode file for STMicroelectronics.X-CUBE-SFXS2LP1.4.0.0
2023-10-31 13:44:57,018 [WARN] PackLoader:240 - Cannot read IP mode file for STMicroelectronics.X-CUBE-ISPU.1.1.0
2023-10-31 13:44:57,030 [WARN] ConditionMgr:438 - getConditionDescription Invalid condition id : UX DEVICE CLASS RTOS Condition cause : null
2023-10-31 13:44:57,030 [WARN] ConditionMgr:438 - getConditionDescription Invalid condition id : UX DEVICE CLASS RTOS Condition cause : null
2023-10-31 13:44:57,031 [WARN] PackLoader:240 - Cannot read IP mode file for STMicroelectronics.X-CUBE-AZRTOS-WB.2.0.0
2023-10-31 13:44:57,032 [WARN] ConditionMgr:1039 - genDependencies : Invalid condition id : UX DEVICE CLASS RTOS Condition cause : null
2023-10-31 13:44:57,032 [WARN] ConditionMgr:1039 - genDependencies : Invalid condition id : UX DEVICE CLASS RTOS Condition cause : null
2023-10-31 13:44:57,032 [WARN] ConditionMgr:1039 - genDependencies : Invalid condition id : UX DEVICE CLASS RTOS Condition cause : null
2023-10-31 13:44:57,033 [WARN] ConditionMgr:1039 - genDependencies : Invalid condition id : UX DEVICE CLASS RTOS Condition cause : null
2023-10-31 13:44:57,033 [WARN] ConditionMgr:1039 - genDependencies : Invalid condition id : UX DEVICE CLASS RTOS Condition cause : null
2023-10-31 13:44:57,044 [WARN] PackLoader:240 - Cannot read IP mode file for STMicroelectronics.X-CUBE-SUBG2.5.0.0
2023-10-31 13:44:57,059 [WARN] PackLoader:240 - Cannot read IP mode file for STMicroelectronics.X-CUBE-TOF1.3.3.1
2023-10-31 13:44:57,079 [WARN] PackLoader:240 - Cannot read IP mode file for STMicroelectronics.X-CUBE-AZRTOS-G4.2.0.0
2023-10-31 13:44:57,096 [WARN] PackLoader:240 - Cannot read IP mode file for Infineon.AIROC-Wi-Fi-Bluetooth-STM32.1.5.1
2023-10-31 13:44:57,139 [WARN] PackLoader:240 - Cannot read IP mode file for STMicroelectronics.X-CUBE-MEMS1.10.0.0
2023-10-31 13:44:57,257 [WARN] PackLoader:240 - Cannot read IP mode file for STMicroelectronics.X-CUBE-FREERTOS.1.1.0
2023-10-31 13:44:57,267 [WARN] PackLoader:240 - Cannot read IP mode file for portGmbH.I-Cube-SoM-uGOAL.1.1.0
2023-10-31 13:44:57,276 [WARN] PackLoader:240 - Cannot read IP mode file for STMicroelectronics.X-CUBE-ALS.1.0.1
2023-10-31 13:44:57,284 [WARN] PackLoader:240 - Cannot read IP mode file for STMicroelectronics.FP-ATR-ASTRA1.2.0.0
2023-10-31 13:44:57,285 [INFO] ThirdParty:978 - Integrity check success = true
2023-10-31 13:44:57,285 [INFO] IntegrityCheckThread:100 - exiting critical section [integrity check]
2023-10-31 13:44:57,285 [INFO] IntegrityCheckThread:103 - End integrity checks thread
2023-10-31 13:44:57,480 [INFO] WebApp:753 - Register for checkConnection events
2023-10-31 13:44:57,481 [INFO] WebApp:390 - Apply proxy settings
2023-10-31 13:44:57,481 [INFO] WebApp:475 - Chromium requires no authentication
2023-10-31 13:44:57,495 [INFO] WebApp:418 - Direct internet connection detected
2023-10-31 13:44:57,727 [INFO] WebApp:188 - Starting web application
2023-10-31 13:44:57,728 [INFO] WebApp:520 - Web application path used C:\ST\STM32CubeIDE_1.13.1\STM32CubeIDE\plugins\com.st.stm32cube.common.mx_6.9.1.202307191849\db\plugins\mcufinder\reactClient1\index.html
2023-10-31 13:45:26,518 [ERROR] LogOutputStream:75 - [STDERR_REDIRECT] SLF4J: Failed to load class "org.slf4j.impl.StaticLoggerBinder".
2023-10-31 13:45:26,519 [ERROR] LogOutputStream:75 - [STDERR_REDIRECT] SLF4J: Defaulting to no-operation (NOP) logger implementation
2023-10-31 13:45:26,521 [ERROR] LogOutputStream:75 - [STDERR_REDIRECT] SLF4J: See http://www.slf4j.org/codes.html#StaticLoggerBinder for further details.
2023-10-31 14:34:34,747 [INFO] McuFinderGlobals:63 - Set McuFinder mode to 2 (CubeIDE integrated)
2023-10-31 14:34:34,754 [INFO] MainUpdater:2868 - connection check result : 10
2023-10-31 14:34:34,756 [INFO] MainUpdater:2868 - connection check result : 10
2023-10-31 14:34:34,810 [INFO] MicroXplorer:468 - Change Database Path : 
2023-10-31 14:34:34,811 [INFO] MicroXplorer:498 - Change Database Version : DB.6.0.91
2023-10-31 14:34:34,815 [WARN] ThirdParty:871 - waiting for thirdparty lock release [close project]
2023-10-31 14:34:34,815 [INFO] ThirdParty:873 - entering critical section [close project]
2023-10-31 14:34:34,816 [INFO] ThirdParty:883 - exiting critical section [close project]
2023-10-31 14:34:34,818 [INFO] PinOutPanel:1499 - setPackage(No Configuration,No Configuration)
2023-10-31 14:34:34,825 [INFO] UtilMem:75 - Begin LoadConfig() Used Memory: 575422592 Bytes (1055916032)
2023-10-31 14:34:34,826 [INFO] MicroXplorer:468 - Change Database Path : 
2023-10-31 14:34:34,826 [INFO] MicroXplorer:498 - Change Database Version : DB.6.0.91
2023-10-31 14:34:34,826 [INFO] OpenFileManager:308 - Change cursor
2023-10-31 14:34:34,890 [INFO] Mcu:1946 - Initializing MCU STM32L4S5VITx STM32L4S5VITx STM32L4S5VIT6
2023-10-31 14:34:37,556 [INFO] Context:659 - Trying to add GPIOservice into a context  which must be forbidden
2023-10-31 14:34:38,494 [INFO] RtosManager:555 - Registered RTOS mode: class=CMSIS, group=RTOS, mode=CMSIS_V1, owner=FREERTOS
2023-10-31 14:34:38,494 [INFO] RtosManager:555 - Registered RTOS mode: class=CMSIS, group=RTOS2, mode=CMSIS_V2, owner=FREERTOS
2023-10-31 14:34:38,494 [INFO] RtosManager:555 - Registered RTOS mode: class=RTOS, group=Core, mode=CMSIS_V1, owner=FREERTOS
2023-10-31 14:34:38,494 [INFO] RtosManager:555 - Registered RTOS mode: class=RTOS, group=Core, mode=CMSIS_V2, owner=FREERTOS
2023-10-31 14:34:38,495 [WARN] ModelIntegratedComponent:184 - Missing modes for component STMicroelectronics:FreeRTOS:0.0.1:STMicroelectronics:RTOS:FreeRTOS:Core:::10.2.0:
2023-10-31 14:34:38,507 [WARN] ModelIntegratedComponent:63 - No mode defined for component null
2023-10-31 14:34:38,507 [WARN] ModelIntegratedComponent:63 - No mode defined for component null
2023-10-31 14:34:38,507 [WARN] ModelIntegratedComponent:63 - No mode defined for component null
2023-10-31 14:34:38,507 [WARN] ModelIntegratedComponent:63 - No mode defined for component null
2023-10-31 14:34:38,507 [WARN] ModelIntegratedComponent:63 - No mode defined for component null
2023-10-31 14:34:38,507 [WARN] ModelIntegratedComponent:63 - No mode defined for component null
2023-10-31 14:34:38,507 [WARN] ModelIntegratedComponent:63 - No mode defined for component null
2023-10-31 14:34:38,507 [WARN] ModelIntegratedComponent:63 - No mode defined for component null
2023-10-31 14:34:38,507 [WARN] ModelIntegratedComponent:63 - No mode defined for component null
2023-10-31 14:34:38,507 [WARN] ModelIntegratedComponent:63 - No mode defined for component null
2023-10-31 14:34:38,507 [WARN] ModelIntegratedComponent:63 - No mode defined for component null
2023-10-31 14:34:38,507 [WARN] ModelIntegratedComponent:63 - No mode defined for component null
2023-10-31 14:34:38,507 [WARN] ModelIntegratedComponent:63 - No mode defined for component null
2023-10-31 14:34:38,507 [WARN] ModelIntegratedComponent:63 - No mode defined for component null
2023-10-31 14:34:38,507 [WARN] ModelIntegratedComponent:63 - No mode defined for component null
2023-10-31 14:34:38,507 [WARN] ModelIntegratedComponent:63 - No mode defined for component null
2023-10-31 14:34:38,507 [WARN] ModelIntegratedComponent:63 - No mode defined for component null
2023-10-31 14:34:38,507 [WARN] ModelIntegratedComponent:63 - No mode defined for component null
2023-10-31 14:34:38,508 [WARN] ModelIntegratedComponent:63 - No mode defined for component null
2023-10-31 14:34:38,508 [WARN] ModelIntegratedComponent:63 - No mode defined for component null
2023-10-31 14:34:38,508 [WARN] ModelIntegratedComponent:63 - No mode defined for component null
2023-10-31 14:34:38,508 [WARN] ModelIntegratedComponent:63 - No mode defined for component null
2023-10-31 14:34:38,508 [WARN] ModelIntegratedComponent:63 - No mode defined for component null
2023-10-31 14:34:38,508 [WARN] ModelIntegratedComponent:63 - No mode defined for component null
2023-10-31 14:34:38,508 [WARN] ModelIntegratedComponent:63 - No mode defined for component null
2023-10-31 14:34:38,508 [WARN] ModelIntegratedComponent:63 - No mode defined for component null
2023-10-31 14:34:38,508 [WARN] ModelIntegratedComponent:63 - No mode defined for component null
2023-10-31 14:34:38,508 [WARN] ModelIntegratedComponent:63 - No mode defined for component null
2023-10-31 14:34:38,508 [WARN] ModelIntegratedComponent:63 - No mode defined for component null
2023-10-31 14:34:38,508 [WARN] ModelIntegratedComponent:63 - No mode defined for component null
2023-10-31 14:34:38,508 [WARN] ModelIntegratedComponent:63 - No mode defined for component null
2023-10-31 14:34:38,508 [WARN] ModelIntegratedComponent:63 - No mode defined for component null
2023-10-31 14:34:38,508 [WARN] ModelIntegratedComponent:63 - No mode defined for component null
2023-10-31 14:34:38,582 [INFO] ThirdPartyModel:298 - Start build external matchings
2023-10-31 14:34:39,079 [INFO] ThirdPartyModel:316 - End build external matchings
2023-10-31 14:34:39,697 [INFO] UtilMem:75 - End LoadConfig() Used Memory: 715858160 Bytes (1073741824)
2023-10-31 14:34:39,837 [INFO] ApiDb:581 - Connected to CubeFinder SQLite database (C:\Users\Admin\.stmcufinder\plugins\mcufinder\mcu\cube-finder-db.db)
2023-10-31 14:34:39,938 [INFO] ApiDb:668 - CubeFinder database Data Model version=2.1
2023-10-31 14:34:39,938 [INFO] ApiDb:669 - CubeFinder database Configuration version=3.0.37
2023-10-31 14:34:39,940 [INFO] ApiDb:670 - CubeFinder database generation date=2023-08-09 (1691586011)
2023-10-31 14:34:39,940 [INFO] ApiDb:671 - CubeFinder database FW Pack versions=[FP-ATR-ASTRA1_V2.0.0, FP-SNS-FLIGHT1_V5.0.1, FP-SNS-FLIGHT1_V5.0.2, FP-SNS-MOTENV1_V4.3.1, FP-SNS-MOTENV1_V4.3.2, STM32Cube_FW_C0_V1.1.0, STM32Cube_FW_F4_V1.27.1, STM32Cube_FW_F7_V1.17.0, STM32Cube_FW_G0_V1.6.1, STM32Cube_FW_G4_V1.5.1, STM32Cube_FW_H5_V0.5.1, STM32Cube_FW_H5_V1.1.0, STM32Cube_FW_H7_V1.11.0, STM32Cube_FW_L0_V1.12.2, STM32Cube_FW_L5_V1.5.0, STM32Cube_FW_U5_V1.3.0, STM32Cube_FW_U5_V1.3.0RC4, STM32Cube_FW_WBA_V1.0.0RC1, STM32Cube_FW_WBA_V1.1.0, STM32Cube_FW_WBA_V1.1.0RC1, STM32Cube_FW_WB_V1.15.0RC1, STM32Cube_FW_WB_V1.16.0, STM32Cube_FW_WB_V1.16.0RC2, STM32Cube_FW_WB_V1.17.0, STM32Cube_FW_WL_V1.3.0, X-CUBE-ALGOBUILD_V1.3.0, X-CUBE-ALS_V1.0.1, X-CUBE-AZRTOS-F4_V1.1.0, X-CUBE-AZRTOS-F7_V1.1.0, X-CUBE-AZRTOS-G0_V1.1.0, X-CUBE-AZRTOS-G4_V2.0.0, X-CUBE-AZRTOS-H7_V3.1.0, X-CUBE-AZRTOS-L4_V1.0.0, X-CUBE-AZRTOS-L4_V2.0.0, X-CUBE-AZRTOS-L5_V1.1.0, X-CUBE-AZRTOS-WB_V1.1.0, X-CUBE-AZRTOS-WL_V2.0.0, X-CUBE-BLE1_V7.0.0, X-CUBE-BLE2_V3.3.0, X-CUBE-BLEMGR_V2.0.0, X-CUBE-EEPRMA1_V4.1.0, X-CUBE-FREERTOS_V1.1.0, X-CUBE-GNSS1_V6.0.0, X-CUBE-MEMS1_V9.1.0, X-CUBE-MEMS1_V9.4.0, X-CUBE-MEMS1_V9.6.0, X-CUBE-NFC4_V3.0.0, X-CUBE-NFC7_V1.0.0, X-CUBE-SFXS2LP1_V4.0.0, X-CUBE-SUBG2_V5.0.0, X-CUBE-TOF1_V3.3.1]
2023-10-31 14:34:41,854 [INFO] ApiDb:240 - Found 323 in-development CPN: [B-G473E-ZEST1S, B-WB1M-WPAN1, B-WL5M-SUBG1, NUCLEO-C031C6, NUCLEO-H503RB, NUCLEO-H563ZI, NUCLEO-U545RE-Q, NUCLEO-U5A5ZJ-Q, NUCLEO-WBA52CG, STEVAL-PROTEUS1, STEVAL-SMARTAG2, STEVAL-STWINBX1, STM320518-EVAL, STM32C0116-DK, STM32C011D6Y3TR, STM32C011D6Y6TR, STM32C011F4P3, STM32C011F4P6, STM32C011F4U3, STM32C011F4U6TR, STM32C011F6P3, STM32C011F6P6, STM32C011F6U3, STM32C011F6U6TR, STM32C011J4M3, STM32C011J4M6, STM32C011J6M3, STM32C011J6M6, STM32C0316-DK, STM32C031C4T3, STM32C031C4T6, STM32C031C4U3, STM32C031C4U6, STM32C031C6T3, STM32C031C6T6, STM32C031C6U3, STM32C031C6U6, STM32C031F4P3, STM32C031F4P6, STM32C031F6P3, STM32C031F6P6, STM32C031G4U3, STM32C031G4U6, STM32C031G6U3, STM32C031G6U6, STM32C031K4T3, STM32C031K4T6, STM32C031K4U3, STM32C031K4U6, STM32C031K6T3, STM32C031K6T6, STM32C031K6U3, STM32C031K6U6, STM32G071K8TXN, STM32G071K8UXN, STM32G081GBU6N, STM32G081KBT6N, STM32G081KBUXN, STM32G0B1CCT6N, STM32G0B1KCT6, STM32G0B1NEY6TR, STM32G0B1RCT6N, STM32G0C1CCT6, STM32G0C1CCT6N, STM32G0C1CCU6N, STM32G0C1CET6N, STM32G0C1CEU6N, STM32G0C1KCT6, STM32G0C1NEY6TR, STM32G0C1RCI6N, STM32G0C1RCT6N, STM32G0C1REI6N, STM32G0C1RET6N, STM32G0C1VCI6, STM32G0C1VEI6, STM32G471CCT6, STM32G471CCU6, STM32G471CET3, STM32G471CET6, STM32G471CEU3, STM32G471CEU6, STM32G471MCT6, STM32G471MET3, STM32G471MET6, STM32G471MEY6TR, STM32G471QCT6, STM32G471QET3, STM32G471RCT6, STM32G471RET3, STM32G471RET6, STM32G471VCH6, STM32G471VCI6, STM32G471VCT6, STM32G471VEH3, STM32G471VEH6, STM32G471VEI3, STM32G471VEI6, STM32G471VET3, STM32G471VET6, STM32G474CCT6, STM32H503CBT6, STM32H503CBU6, STM32H503EBY6TR, STM32H503KBU6, STM32H503RBT6, STM32H562AGI6, STM32H562AII6, STM32H562IGK6, STM32H562IGT6, STM32H562IIK6, STM32H562IIT6, STM32H562RGT6, STM32H562RGV6, STM32H562RIT6, STM32H562RIV6, STM32H562VGT6, STM32H562VIT6, STM32H562ZGT6, STM32H562ZIT6, STM32H563AGI6, STM32H563AII3Q, STM32H563AII6, STM32H563IGK6, STM32H563IGT6, STM32H563IIK3Q, STM32H563IIK6, STM32H563IIT3Q, STM32H563IIT6, STM32H563MIY3QTR, STM32H563RGT6, STM32H563RGV6, STM32H563RIT6, STM32H563RIV6, STM32H563VGT6, STM32H563VIT3Q, STM32H563VIT6, STM32H563ZGT6, STM32H563ZIT3Q, STM32H563ZIT6, STM32H573AII3Q, STM32H573AII6, STM32H573I-DK, STM32H573IIK3Q, STM32H573IIK6, STM32H573IIT3Q, STM32H573IIT6, STM32H573MIY3QTR, STM32H573RIT6, STM32H573RIV6, STM32H573VIT3Q, STM32H573VIT6, STM32H573ZIT3Q, STM32H573ZIT6, STM32L4R5QGI6STR, STM32MP131AAE3, STM32MP131AAF3, STM32MP131AAG3, STM32MP131CAE3, STM32MP131CAF3, STM32MP131CAG3, STM32MP131DAE7, STM32MP131DAF7, STM32MP131DAG7, STM32MP131FAE7, STM32MP131FAF7, STM32MP131FAG7, STM32MP133AAE3, STM32MP133AAF3, STM32MP133AAG3, STM32MP133CAE3, STM32MP133CAF3, STM32MP133CAG3, STM32MP133DAE7, STM32MP133DAF7, STM32MP133DAG7, STM32MP133FAE7, STM32MP133FAF7, STM32MP133FAG7, STM32MP135AAE3, STM32MP135AAF3, STM32MP135AAG3, STM32MP135CAE3, STM32MP135CAF3, STM32MP135CAG3, STM32MP135DAE7, STM32MP135DAF7, STM32MP135DAG7, STM32MP135F-DK, STM32MP135FAE7, STM32MP135FAF7, STM32MP135FAF7T, STM32MP135FAF7U, STM32MP135FAG7, STM32U535CBT6, STM32U535CBT6Q, STM32U535CBU6, STM32U535CBU6Q, STM32U535CCT6, STM32U535CCT6Q, STM32U535CCU6, STM32U535CCU6Q, STM32U535CET6, STM32U535CET6Q, STM32U535CEU6, STM32U535CEU6Q, STM32U535JEY6QTR, STM32U535NCY6QTR, STM32U535NEY6QTR, STM32U535RBI6, STM32U535RBI6Q, STM32U535RBT6, STM32U535RBT6Q, STM32U535RCI6, STM32U535RCI6Q, STM32U535RCT6, STM32U535RCT6Q, STM32U535REI6, STM32U535REI6Q, STM32U535RET6, STM32U535RET6Q, STM32U535VCI6, STM32U535VCI6Q, STM32U535VCT6, STM32U535VCT6Q, STM32U535VEI6, STM32U535VEI6Q, STM32U535VET6, STM32U535VET6Q, STM32U545CET6, STM32U545CET6Q, STM32U545CEU6, STM32U545CEU6Q, STM32U545JEY6QTR, STM32U545NEY6QTR, STM32U545REI6, STM32U545REI6Q, STM32U545RET6, STM32U545RET6Q, STM32U545VEI6, STM32U545VEI6Q, STM32U545VET6, STM32U545VET6Q, STM32U595AIH6, STM32U595AIH6Q, STM32U595AJH6, STM32U595AJH6Q, STM32U595QII6, STM32U595QII6Q, STM32U595QJI6, STM32U595QJI6Q, STM32U595RIT6, STM32U595RIT6Q, STM32U595RJT6, STM32U595RJT6Q, STM32U595VIT6, STM32U595VIT6Q, STM32U595VJT6, STM32U595VJT6Q, STM32U595ZIT6, STM32U595ZIT6Q, STM32U595ZIY6QTR, STM32U595ZJT6, STM32U595ZJT6Q, STM32U595ZJY6QTR, STM32U599BJY6QTR, STM32U599NIH6Q, STM32U599NJH6Q, STM32U599VIT6Q, STM32U599VJT6, STM32U599VJT6Q, STM32U599ZIT6Q, STM32U599ZIY6QTR, STM32U599ZJT6Q, STM32U599ZJY6QTR, STM32U5A5AJH6, STM32U5A5AJH6Q, STM32U5A5QJI6, STM32U5A5QJI6Q, STM32U5A5RJT6, STM32U5A5RJT6Q, STM32U5A5VJT6, STM32U5A5VJT6Q, STM32U5A5ZJT6, STM32U5A5ZJT6Q, STM32U5A5ZJY6QTR, STM32U5A9BJY6QTR, STM32U5A9J-DK, STM32U5A9NJH6Q, STM32U5A9VJT6Q, STM32U5A9ZJT6Q, STM32U5A9ZJY6QTR, STM32U5F7VIT6, STM32U5F7VIT6Q, STM32U5F7VJT6, STM32U5F7VJT6Q, STM32U5F9BJY6QTR, STM32U5F9NJH6Q, STM32U5F9VIT6Q, STM32U5F9VJT6Q, STM32U5F9ZIJ6QTR, STM32U5F9ZIT6Q, STM32U5F9ZJJ6QTR, STM32U5F9ZJT6Q, STM32U5G7VJT6, STM32U5G7VJT6Q, STM32U5G9BJY6QTR, STM32U5G9J-DK1, STM32U5G9J-DK2, STM32U5G9NJH6Q, STM32U5G9VJT6Q, STM32U5G9ZJJ6QTR, STM32U5G9ZJT6Q, STM32WB1MMCH6, STM32WBA52CEU6, STM32WBA52CEU6T, STM32WBA52CGU6, STM32WBA52CGU6T, STM32WBA52KEU6, STM32WBA52KEU6T, STM32WBA52KGU6, STM32WBA52KGU6T, STM32WL5MOCH6, STM32WL5MOCH6TR]
2023-10-31 14:34:41,856 [INFO] DbMcus:217 - Found 3848 MCUs, 3848 are supported
2023-10-31 14:34:41,858 [INFO] ApiDb:423 - Load user favorites file C:\Users\Admin/.stm32cubeide/favorites.mcus.txt: 0 item(s)
2023-10-31 14:34:41,858 [INFO] ApiDb:427 - User favorites MCUs=[]
2023-10-31 14:34:41,858 [INFO] DbMcus:223 - Set 0 / 0 favorites MCUs
2023-10-31 14:34:42,167 [WARN] ThirdParty:833 - waiting for thirdparty lock release [change project]
2023-10-31 14:34:42,167 [INFO] ThirdParty:835 - entering critical section [change project]
2023-10-31 14:34:42,167 [INFO] ThirdParty:1030 - CMSIS Pack Vendor :STMicroelectronics X-CUBE-ISPU 1.1.0
2023-10-31 14:34:42,167 [INFO] ThirdParty:1030 - CMSIS Pack Vendor :STMicroelectronics USBPD 4.1
2023-10-31 14:34:42,168 [INFO] ThirdParty:1030 - CMSIS Pack Vendor :STMicroelectronics X-CUBE-GNSS1 6.0.0
2023-10-31 14:34:42,168 [INFO] ThirdParty:1030 - CMSIS Pack Vendor :STMicroelectronics USB_HOST 2.0.0
2023-10-31 14:34:42,168 [INFO] ThirdParty:1030 - CMSIS Pack Vendor :STMicroelectronics X-CUBE-AZRTOS-F4 1.1.0
2023-10-31 14:34:42,168 [INFO] ThirdParty:1030 - CMSIS Pack Vendor :STMicroelectronics LIBJPEG 8.0.0
2023-10-31 14:34:42,168 [INFO] ThirdParty:1030 - CMSIS Pack Vendor :wolfSSL I-CUBE-wolfSSL 5.6.3
2023-10-31 14:34:42,168 [INFO] ThirdParty:1030 - CMSIS Pack Vendor :STMicroelectronics X-CUBE-SMBUS 2.1.0
2023-10-31 14:34:42,168 [INFO] ThirdParty:1030 - CMSIS Pack Vendor :STMicroelectronics USB_DEVICE 3.0.0
2023-10-31 14:34:42,168 [INFO] ThirdParty:1030 - CMSIS Pack Vendor :STMicroelectronics X-CUBE-AZRTOS-WB 2.0.0
2023-10-31 14:34:42,168 [INFO] ThirdParty:1030 - CMSIS Pack Vendor :STMicroelectronics X-CUBE-AZRTOS-F7 1.1.0
2023-10-31 14:34:42,168 [INFO] ThirdParty:1030 - CMSIS Pack Vendor :STMicroelectronics X-CUBE-AZRTOS-L5 2.0.0
2023-10-31 14:34:42,168 [INFO] ThirdParty:1030 - CMSIS Pack Vendor :STMicroelectronics USB_DEVICE 2.0.0
2023-10-31 14:34:42,168 [INFO] ThirdParty:1030 - CMSIS Pack Vendor :STMicroelectronics X-CUBE-MEMS1 9.6.0
2023-10-31 14:34:42,168 [INFO] ThirdParty:1030 - CMSIS Pack Vendor :STMicroelectronics X-CUBE-EEPRMA1 4.2.0
2023-10-31 14:34:42,168 [INFO] ThirdParty:1030 - CMSIS Pack Vendor :ITTIA_DB I-CUBE-ITTIADB 8.8.0
2023-10-31 14:34:42,168 [INFO] ThirdParty:1030 - CMSIS Pack Vendor :STMicroelectronics FP-SNS-MOTENV1 4.3.2
2023-10-31 14:34:42,168 [INFO] ThirdParty:1030 - CMSIS Pack Vendor :STMicroelectronics X-CUBE-ALGOBUILD 1.3.0
2023-10-31 14:34:42,168 [INFO] ThirdParty:1030 - CMSIS Pack Vendor :STMicroelectronics FreeRTOS 0.0.1
2023-10-31 14:34:42,168 [INFO] ThirdParty:1030 - CMSIS Pack Vendor :STMicroelectronics X-CUBE-AZRTOS-G0 1.1.0
2023-10-31 14:34:42,168 [INFO] ThirdParty:1030 - CMSIS Pack Vendor :STMicroelectronics X-CUBE-BLEMGR 2.0.0
2023-10-31 14:34:42,168 [INFO] ThirdParty:1030 - CMSIS Pack Vendor :STMicroelectronics X-CUBE-NFC4 3.0.0
2023-10-31 14:34:42,168 [INFO] ThirdParty:1030 - CMSIS Pack Vendor :STMicroelectronics X-CUBE-SUBG2 5.0.0
2023-10-31 14:34:42,168 [INFO] ThirdParty:1030 - CMSIS Pack Vendor :STMicroelectronics STM32_WPAN 1.0.0
2023-10-31 14:34:42,168 [INFO] ThirdParty:1030 - CMSIS Pack Vendor :STMicroelectronics lwIP 2.0.3
2023-10-31 14:34:42,168 [INFO] ThirdParty:1030 - CMSIS Pack Vendor :STMicroelectronics FP-SNS-FLIGHT1 5.0.2
2023-10-31 14:34:42,168 [INFO] ThirdParty:1030 - CMSIS Pack Vendor :STMicroelectronics USB_HOST 1.0.0
2023-10-31 14:34:42,168 [INFO] ThirdParty:1030 - CMSIS Pack Vendor :STMicroelectronics X-CUBE-TOF1 3.3.1
2023-10-31 14:34:42,168 [INFO] ThirdParty:1030 - CMSIS Pack Vendor :STMicroelectronics X-CUBE-AZRTOS-G4 2.0.0
2023-10-31 14:34:42,168 [INFO] ThirdParty:1030 - CMSIS Pack Vendor :STMicroelectronics PDM2PCM 3.1.0
2023-10-31 14:34:42,168 [INFO] ThirdParty:1030 - CMSIS Pack Vendor :STMicroelectronics X-CUBE-AZRTOS-H7 3.1.0
2023-10-31 14:34:42,169 [INFO] ThirdParty:1030 - CMSIS Pack Vendor :Infineon AIROC-Wi-Fi-Bluetooth-STM32 1.5.1
2023-10-31 14:34:42,169 [INFO] ThirdParty:1030 - CMSIS Pack Vendor :STMicroelectronics PDM2PCM 3.3.0
2023-10-31 14:34:42,169 [INFO] ThirdParty:1030 - CMSIS Pack Vendor :STMicroelectronics X-CUBE-DISPLAY 3.0.0
2023-10-31 14:34:42,169 [INFO] ThirdParty:1030 - CMSIS Pack Vendor :STMicroelectronics X-CUBE-BLE1 7.0.0
2023-10-31 14:34:42,169 [INFO] ThirdParty:1030 - CMSIS Pack Vendor :STMicroelectronics FP-ATR-SIGFOX1 3.2.0
2023-10-31 14:34:42,169 [INFO] ThirdParty:1030 - CMSIS Pack Vendor :STMicroelectronics HAL Drivers 0.0.0
2023-10-31 14:34:42,170 [INFO] ThirdParty:1030 - CMSIS Pack Vendor :STMicroelectronics MBEDTLS 2.16.2
2023-10-31 14:34:42,170 [INFO] ThirdParty:1030 - CMSIS Pack Vendor :emotas I-CUBE-CANOPEN 1.3.0
2023-10-31 14:34:42,170 [INFO] ThirdParty:1030 - CMSIS Pack Vendor :STMicroelectronics X-CUBE-MEMS1 10.0.0
2023-10-31 14:34:42,170 [INFO] ThirdParty:1030 - CMSIS Pack Vendor :STMicroelectronics X-CUBE-FREERTOS 1.1.0
2023-10-31 14:34:42,170 [INFO] ThirdParty:1030 - CMSIS Pack Vendor :STMicroelectronics X-CUBE-TOUCHGFX 4.22.0
2023-10-31 14:34:42,170 [INFO] ThirdParty:1030 - CMSIS Pack Vendor :STMicroelectronics X-CUBE-NFC7 1.0.1
2023-10-31 14:34:42,170 [INFO] ThirdParty:1030 - CMSIS Pack Vendor :STMicroelectronics MBEDTLS 2.14.1
2023-10-31 14:34:42,170 [INFO] ThirdParty:1030 - CMSIS Pack Vendor :STMicroelectronics X-CUBE-TOUCHGFX 4.22.1
2023-10-31 14:34:42,170 [INFO] ThirdParty:1030 - CMSIS Pack Vendor :STMicroelectronics X-CUBE-NFC6 3.0.0
2023-10-31 14:34:42,170 [INFO] ThirdParty:1030 - CMSIS Pack Vendor :STMicroelectronics X-CUBE-EEPRMA1 4.1.0
2023-10-31 14:34:42,170 [INFO] ThirdParty:1030 - CMSIS Pack Vendor :portGmbH I-Cube-SoM-uGOAL 1.1.0
2023-10-31 14:34:42,170 [INFO] ThirdParty:1030 - CMSIS Pack Vendor :STMicroelectronics X-CUBE-ALS 1.0.1
2023-10-31 14:34:42,170 [INFO] ThirdParty:1030 - CMSIS Pack Vendor :STMicroelectronics ThreadX 1.0.0
2023-10-31 14:34:42,170 [INFO] ThirdParty:1030 - CMSIS Pack Vendor :STMicroelectronics FP-SNS-SMARTAG2 1.2.0
2023-10-31 14:34:42,170 [INFO] ThirdParty:1030 - CMSIS Pack Vendor :STMicroelectronics X-CUBE-AZRTOS-WL 2.0.0
2023-10-31 14:34:42,170 [INFO] ThirdParty:1030 - CMSIS Pack Vendor :SEGGER I-CUBE-embOS 1.3.1
2023-10-31 14:34:42,170 [INFO] ThirdParty:1030 - CMSIS Pack Vendor :STMicroelectronics USB_DEVICE 1.0.0
2023-10-31 14:34:42,170 [INFO] ThirdParty:1030 - CMSIS Pack Vendor :STMicroelectronics X-CUBE-AI 8.1.0
2023-10-31 14:34:42,170 [INFO] ThirdParty:1030 - CMSIS Pack Vendor :STMicroelectronics X-CUBE-AZRTOS-L4 2.0.0
2023-10-31 14:34:42,170 [INFO] ThirdParty:1030 - CMSIS Pack Vendor :STMicroelectronics ThreadX 0.0.2
2023-10-31 14:34:42,170 [INFO] ThirdParty:1030 - CMSIS Pack Vendor :WES I-CUBE-Cesium 1.3.0
2023-10-31 14:34:42,170 [INFO] ThirdParty:1030 - CMSIS Pack Vendor :STMicroelectronics FP-ATR-ASTRA1 2.0.0
2023-10-31 14:34:42,170 [INFO] ThirdParty:1030 - CMSIS Pack Vendor :STMicroelectronics lwIP 2.1.2
2023-10-31 14:34:42,170 [INFO] ThirdParty:1030 - CMSIS Pack Vendor :STMicroelectronics X-CUBE-SFXS2LP1 4.0.0
2023-10-31 14:34:42,170 [INFO] ThirdParty:1030 - CMSIS Pack Vendor :STMicroelectronics X-CUBE-BLE2 3.3.0
2023-10-31 14:34:42,170 [INFO] ThirdParty:1030 - CMSIS Pack Vendor :STMicroelectronics PDM2PCM 3.2.0
2023-10-31 14:34:42,170 [INFO] ThirdParty:841 - exiting critical section [change project]
2023-10-31 14:34:42,747 [INFO] PinOutPanel:1499 - setPackage(No Configuration,No Configuration)
2023-10-31 14:34:42,749 [INFO] PinOutPanel:1499 - setPackage(STM32L4S5VITx,LQFP100)
2023-10-31 14:34:43,338 [INFO] UtilMem:75 - Before build in PCC Used Memory: 618113128 Bytes (1073741824)
2023-10-31 14:34:44,422 [INFO] UtilMem:75 - After build in PCC Used Memory: 763865208 Bytes (1073741824)
2023-10-31 14:34:44,456 [INFO] IPUIPlugin:80 - create IPUIPlugin
2023-10-31 14:34:44,457 [INFO] IPUIPlugin:80 - create IPUIPlugin
2023-10-31 14:34:44,457 [INFO] IPUIPlugin:80 - create IPUIPlugin
2023-10-31 14:34:44,457 [INFO] IPUIPlugin:80 - create IPUIPlugin
2023-10-31 14:34:44,457 [INFO] IPUIPlugin:80 - create IPUIPlugin
2023-10-31 14:34:44,457 [INFO] IPUIPlugin:80 - create IPUIPlugin
2023-10-31 14:34:44,457 [INFO] IPUIPlugin:80 - create IPUIPlugin
2023-10-31 14:34:44,457 [INFO] IPUIPlugin:80 - create IPUIPlugin
2023-10-31 14:34:44,457 [INFO] IPUIPlugin:80 - create IPUIPlugin
2023-10-31 14:34:44,457 [INFO] IPUIPlugin:80 - create IPUIPlugin
2023-10-31 14:34:44,458 [INFO] IPUIPlugin:80 - create IPUIPlugin
2023-10-31 14:34:44,458 [INFO] IPUIPlugin:80 - create IPUIPlugin
2023-10-31 14:34:44,458 [INFO] IPUIPlugin:80 - create IPUIPlugin
2023-10-31 14:34:44,458 [INFO] IPUIPlugin:80 - create IPUIPlugin
2023-10-31 14:34:44,458 [INFO] IPUIPlugin:80 - create IPUIPlugin
2023-10-31 14:34:44,458 [INFO] IPUIPlugin:80 - create IPUIPlugin
2023-10-31 14:34:44,458 [INFO] IPUIPlugin:80 - create IPUIPlugin
2023-10-31 14:34:44,458 [INFO] IPUIPlugin:80 - create IPUIPlugin
2023-10-31 14:34:44,458 [INFO] IPUIPlugin:80 - create IPUIPlugin
2023-10-31 14:34:44,458 [INFO] IPUIPlugin:80 - create IPUIPlugin
2023-10-31 14:34:44,459 [INFO] IPUIPlugin:80 - create IPUIPlugin
2023-10-31 14:34:44,459 [INFO] IPUIPlugin:80 - create IPUIPlugin
2023-10-31 14:34:44,459 [INFO] IPUIPlugin:80 - create IPUIPlugin
2023-10-31 14:34:44,459 [INFO] IPUIPlugin:80 - create IPUIPlugin
2023-10-31 14:34:44,460 [INFO] IPUIPlugin:80 - create IPUIPlugin
2023-10-31 14:34:44,460 [INFO] IPUIPlugin:80 - create IPUIPlugin
2023-10-31 14:34:44,460 [INFO] IPUIPlugin:80 - create IPUIPlugin
2023-10-31 14:34:44,460 [INFO] IPUIPlugin:80 - create IPUIPlugin
2023-10-31 14:34:44,461 [INFO] IPUIPlugin:80 - create IPUIPlugin
2023-10-31 14:34:44,461 [INFO] IPUIPlugin:80 - create IPUIPlugin
2023-10-31 14:34:44,461 [INFO] IPUIPlugin:80 - create IPUIPlugin
2023-10-31 14:34:44,461 [INFO] IPUIPlugin:80 - create IPUIPlugin
2023-10-31 14:34:44,461 [INFO] IPUIPlugin:80 - create IPUIPlugin
2023-10-31 14:34:44,462 [INFO] IPUIPlugin:80 - create IPUIPlugin
2023-10-31 14:34:44,462 [INFO] IPUIPlugin:80 - create IPUIPlugin
2023-10-31 14:34:44,462 [INFO] IPUIPlugin:80 - create IPUIPlugin
2023-10-31 14:34:44,462 [INFO] IPUIPlugin:80 - create IPUIPlugin
2023-10-31 14:34:44,463 [INFO] IPUIPlugin:80 - create IPUIPlugin
2023-10-31 14:34:44,463 [INFO] IPUIPlugin:80 - create IPUIPlugin
2023-10-31 14:34:44,463 [INFO] IPUIPlugin:80 - create IPUIPlugin
2023-10-31 14:34:44,464 [INFO] IPUIPlugin:80 - create IPUIPlugin
2023-10-31 14:34:44,464 [INFO] IPUIPlugin:80 - create IPUIPlugin
2023-10-31 14:34:44,465 [INFO] IPUIPlugin:80 - create IPUIPlugin
2023-10-31 14:34:44,465 [INFO] IPUIPlugin:80 - create IPUIPlugin
2023-10-31 14:34:44,465 [INFO] IPUIPlugin:80 - create IPUIPlugin
2023-10-31 14:34:44,465 [INFO] IPUIPlugin:80 - create IPUIPlugin
2023-10-31 14:34:44,465 [INFO] IPUIPlugin:80 - create IPUIPlugin
2023-10-31 14:34:44,466 [INFO] IPUIPlugin:80 - create IPUIPlugin
2023-10-31 14:34:44,466 [INFO] IPUIPlugin:80 - create IPUIPlugin
2023-10-31 14:34:44,466 [INFO] IPUIPlugin:80 - create IPUIPlugin
2023-10-31 14:34:44,467 [INFO] IPUIPlugin:80 - create IPUIPlugin
2023-10-31 14:34:44,467 [INFO] IPUIPlugin:80 - create IPUIPlugin
2023-10-31 14:34:44,467 [INFO] IPUIPlugin:80 - create IPUIPlugin
2023-10-31 14:34:44,467 [INFO] IPUIPlugin:80 - create IPUIPlugin
2023-10-31 14:34:44,468 [INFO] IPUIPlugin:80 - create IPUIPlugin
2023-10-31 14:34:44,468 [INFO] IPUIPlugin:80 - create IPUIPlugin
2023-10-31 14:34:44,468 [INFO] IPUIPlugin:80 - create IPUIPlugin
2023-10-31 14:34:44,468 [INFO] IPUIPlugin:80 - create IPUIPlugin
2023-10-31 14:34:44,469 [INFO] IPUIPlugin:80 - create IPUIPlugin
2023-10-31 14:34:44,469 [INFO] IPUIPlugin:80 - create IPUIPlugin
2023-10-31 14:34:44,470 [INFO] IPUIPlugin:80 - create IPUIPlugin
2023-10-31 14:34:44,470 [INFO] IPUIPlugin:80 - create IPUIPlugin
2023-10-31 14:34:44,470 [INFO] IPUIPlugin:80 - create IPUIPlugin
2023-10-31 14:34:44,811 [INFO] CADModel:165 - CPN selected for project levelSTM32L4S5VIT6
2023-10-31 14:34:44,811 [INFO] CADModel:114 - Register for checkConnection events
2023-10-31 14:34:44,875 [INFO] OpenFileManager:328 - Restore cursor
2023-10-31 14:34:59,182 [WARN] IP:2114 - MaxTran not found: check if there is a RefParameter without a condition.
2023-10-31 14:34:59,182 [WARN] IP:2114 - Refresh not found: check if there is a RefParameter without a condition.
2023-10-31 14:34:59,183 [WARN] IP:2114 - MaxTran not found: check if there is a RefParameter without a condition.
2023-10-31 14:34:59,183 [WARN] IP:2114 - Refresh not found: check if there is a RefParameter without a condition.
2023-10-31 14:34:59,279 [WARN] IP:2114 - MaxTran not found: check if there is a RefParameter without a condition.
2023-10-31 14:34:59,279 [WARN] IP:2114 - Refresh not found: check if there is a RefParameter without a condition.
2023-10-31 14:36:02,669 [WARN] IP:2114 - MaxTran not found: check if there is a RefParameter without a condition.
2023-10-31 14:36:02,669 [WARN] IP:2114 - Refresh not found: check if there is a RefParameter without a condition.
2023-10-31 14:36:02,670 [WARN] IP:2114 - MaxTran not found: check if there is a RefParameter without a condition.
2023-10-31 14:36:02,670 [WARN] IP:2114 - Refresh not found: check if there is a RefParameter without a condition.
2023-10-31 14:36:02,699 [WARN] IP:2114 - MaxTran not found: check if there is a RefParameter without a condition.
2023-10-31 14:36:02,699 [WARN] IP:2114 - Refresh not found: check if there is a RefParameter without a condition.
2023-10-31 14:36:02,733 [WARN] IP:2114 - MaxTran not found: check if there is a RefParameter without a condition.
2023-10-31 14:36:02,733 [WARN] IP:2114 - Refresh not found: check if there is a RefParameter without a condition.
2023-10-31 14:36:16,689 [WARN] IP:2114 - MaxTran not found: check if there is a RefParameter without a condition.
2023-10-31 14:36:16,689 [WARN] IP:2114 - Refresh not found: check if there is a RefParameter without a condition.
2023-10-31 14:36:16,690 [WARN] IP:2114 - MaxTran not found: check if there is a RefParameter without a condition.
2023-10-31 14:36:16,690 [WARN] IP:2114 - Refresh not found: check if there is a RefParameter without a condition.
2023-10-31 14:36:16,730 [WARN] IP:2114 - MaxTran not found: check if there is a RefParameter without a condition.
2023-10-31 14:36:16,731 [WARN] IP:2114 - Refresh not found: check if there is a RefParameter without a condition.
2023-10-31 14:36:16,789 [WARN] IP:2114 - MaxTran not found: check if there is a RefParameter without a condition.
2023-10-31 14:36:16,789 [WARN] IP:2114 - Refresh not found: check if there is a RefParameter without a condition.
2023-10-31 14:36:22,430 [WARN] IP:2114 - MaxTran not found: check if there is a RefParameter without a condition.
2023-10-31 14:36:22,431 [WARN] IP:2114 - Refresh not found: check if there is a RefParameter without a condition.
2023-10-31 14:36:22,431 [WARN] IP:2114 - MaxTran not found: check if there is a RefParameter without a condition.
2023-10-31 14:36:22,431 [WARN] IP:2114 - Refresh not found: check if there is a RefParameter without a condition.
2023-10-31 14:36:22,450 [WARN] IP:2114 - MaxTran not found: check if there is a RefParameter without a condition.
2023-10-31 14:36:22,450 [WARN] IP:2114 - Refresh not found: check if there is a RefParameter without a condition.
2023-10-31 14:36:22,469 [WARN] IP:2114 - MaxTran not found: check if there is a RefParameter without a condition.
2023-10-31 14:36:22,469 [WARN] IP:2114 - Refresh not found: check if there is a RefParameter without a condition.
2023-10-31 14:36:24,628 [WARN] IP:2114 - MaxTran not found: check if there is a RefParameter without a condition.
2023-10-31 14:36:24,628 [WARN] IP:2114 - Refresh not found: check if there is a RefParameter without a condition.
2023-10-31 14:36:24,628 [WARN] IP:2114 - MaxTran not found: check if there is a RefParameter without a condition.
2023-10-31 14:36:24,628 [WARN] IP:2114 - Refresh not found: check if there is a RefParameter without a condition.
2023-10-31 14:36:24,660 [WARN] IP:2114 - MaxTran not found: check if there is a RefParameter without a condition.
2023-10-31 14:36:24,660 [WARN] IP:2114 - Refresh not found: check if there is a RefParameter without a condition.
2023-10-31 14:36:24,687 [WARN] IP:2114 - MaxTran not found: check if there is a RefParameter without a condition.
2023-10-31 14:36:24,687 [WARN] IP:2114 - Refresh not found: check if there is a RefParameter without a condition.
2023-10-31 14:36:26,931 [WARN] IP:2114 - MaxTran not found: check if there is a RefParameter without a condition.
2023-10-31 14:36:26,931 [WARN] IP:2114 - Refresh not found: check if there is a RefParameter without a condition.
2023-10-31 14:36:26,932 [WARN] IP:2114 - MaxTran not found: check if there is a RefParameter without a condition.
2023-10-31 14:36:26,932 [WARN] IP:2114 - Refresh not found: check if there is a RefParameter without a condition.
2023-10-31 14:36:26,959 [WARN] IP:2114 - MaxTran not found: check if there is a RefParameter without a condition.
2023-10-31 14:36:26,959 [WARN] IP:2114 - Refresh not found: check if there is a RefParameter without a condition.
2023-10-31 14:36:26,991 [WARN] IP:2114 - MaxTran not found: check if there is a RefParameter without a condition.
2023-10-31 14:36:26,992 [WARN] IP:2114 - Refresh not found: check if there is a RefParameter without a condition.
2023-10-31 14:36:45,089 [WARN] IP:2114 - MaxTran not found: check if there is a RefParameter without a condition.
2023-10-31 14:36:45,089 [WARN] IP:2114 - Refresh not found: check if there is a RefParameter without a condition.
2023-10-31 14:36:45,090 [WARN] IP:2114 - MaxTran not found: check if there is a RefParameter without a condition.
2023-10-31 14:36:45,090 [WARN] IP:2114 - Refresh not found: check if there is a RefParameter without a condition.
2023-10-31 14:36:45,120 [WARN] IP:2114 - MaxTran not found: check if there is a RefParameter without a condition.
2023-10-31 14:36:45,120 [WARN] IP:2114 - Refresh not found: check if there is a RefParameter without a condition.
2023-10-31 14:36:45,152 [WARN] IP:2114 - MaxTran not found: check if there is a RefParameter without a condition.
2023-10-31 14:36:45,152 [WARN] IP:2114 - Refresh not found: check if there is a RefParameter without a condition.
2023-10-31 14:39:51,380 [INFO] UtilMem:75 - End SaveConfig() Used Memory: 745375864 Bytes (1073741824)
2023-10-31 14:39:51,580 [INFO] UtilMem:75 - End SaveConfig() Used Memory: 773834472 Bytes (1073741824)
2023-10-31 14:39:52,525 [INFO] UtilMem:75 - End SaveConfig() Used Memory: 894273656 Bytes (1073741824)
2023-10-31 14:39:53,140 [INFO] BlockDiagram:2759 - set Specific Code input for plugin: SYS
2023-10-31 14:39:53,140 [INFO] BlockDiagram:2759 - set Specific Code input for plugin: RCC
2023-10-31 14:39:53,140 [INFO] BlockDiagram:2759 - set Specific Code input for plugin: I2C
2023-10-31 14:39:53,141 [INFO] BlockDiagram:2759 - set Specific Code input for plugin: NVIC
2023-10-31 14:39:53,141 [INFO] BlockDiagram:2759 - set Specific Code input for plugin: USART
2023-10-31 14:39:53,141 [INFO] BlockDiagram:2759 - set Specific Code input for plugin: OCTOSPI
2023-10-31 14:39:53,141 [INFO] BlockDiagram:2759 - set Specific Code input for plugin: GPIO
2023-10-31 14:39:53,144 [INFO] CodeGenerator:799 - code generatio: config db path: C:\ST\STM32CubeIDE_1.13.1\STM32CubeIDE\plugins\com.st.stm32cube.common.mx_6.9.1.202307191849\\db\
2023-10-31 14:39:53,155 [WARN] IP:2114 - MaxTran not found: check if there is a RefParameter without a condition.
2023-10-31 14:39:53,155 [WARN] IP:2114 - Refresh not found: check if there is a RefParameter without a condition.
2023-10-31 14:39:53,494 [INFO] CodeEngine:255 - oldGeneratedFile, C:\Users\Admin\OneDrive\Documents\GitHub\444\Lab_4\MXTmpFiles\license.tmp_save
2023-10-31 14:39:53,920 [INFO] CodeEngine:279 - Generated code: C:\Users\Admin\OneDrive\Documents\GitHub\444\Lab_4\MXTmpFiles\license.tmp
2023-10-31 14:39:54,138 [INFO] CodeEngine:255 - oldGeneratedFile, C:\Users\Admin\OneDrive\Documents\GitHub\444\Lab_4\MXTmpFiles\gpio.tmp_save
2023-10-31 14:39:54,572 [INFO] CodeEngine:279 - Generated code: C:\Users\Admin\OneDrive\Documents\GitHub\444\Lab_4\MXTmpFiles\gpio.tmp
2023-10-31 14:39:55,194 [INFO] CodeEngine:255 - oldGeneratedFile, C:\Users\Admin\OneDrive\Documents\GitHub\444\Lab_4\Core\Src\stm32l4xx_it.c_save
2023-10-31 14:39:55,369 [INFO] CodeEngine:279 - Generated code: C:\Users\Admin\OneDrive\Documents\GitHub\444\Lab_4\Core\Src\stm32l4xx_it.c
2023-10-31 14:39:55,401 [INFO] CodeEngine:255 - oldGeneratedFile, C:\Users\Admin\OneDrive\Documents\GitHub\444\Lab_4\Core\Inc\stm32l4xx_it.h_save
2023-10-31 14:39:55,510 [INFO] CodeEngine:279 - Generated code: C:\Users\Admin\OneDrive\Documents\GitHub\444\Lab_4\Core\Inc\stm32l4xx_it.h
2023-10-31 14:39:55,598 [INFO] CodeEngine:255 - oldGeneratedFile, C:\Users\Admin\OneDrive\Documents\GitHub\444\Lab_4\Core\Src\stm32l4xx_hal_msp.c_save
2023-10-31 14:39:55,743 [INFO] CodeEngine:279 - Generated code: C:\Users\Admin\OneDrive\Documents\GitHub\444\Lab_4\Core\Src\stm32l4xx_hal_msp.c
2023-10-31 14:39:55,818 [INFO] CodeEngine:255 - oldGeneratedFile, C:\Users\Admin\OneDrive\Documents\GitHub\444\Lab_4\MXTmpFiles\system.tmp_save
2023-10-31 14:39:55,903 [INFO] CodeEngine:279 - Generated code: C:\Users\Admin\OneDrive\Documents\GitHub\444\Lab_4\MXTmpFiles\system.tmp
2023-10-31 14:39:56,141 [INFO] CodeEngine:311 - oldGeneratedFile, C:\Users\Admin\OneDrive\Documents\GitHub\444\Lab_4\Core\Inc\stm32l4xx_hal_conf.h_save
2023-10-31 14:39:56,380 [INFO] CodeEngine:335 - Generated code: C:\Users\Admin\OneDrive\Documents\GitHub\444\Lab_4\Core\Inc\stm32l4xx_hal_conf.h
2023-10-31 14:39:56,722 [INFO] CodeEngine:255 - oldGeneratedFile, C:\Users\Admin\OneDrive\Documents\GitHub\444\Lab_4\Core\Inc\main.h_save
2023-10-31 14:39:56,901 [INFO] CodeEngine:279 - Generated code: C:\Users\Admin\OneDrive\Documents\GitHub\444\Lab_4\Core\Inc\main.h
2023-10-31 14:39:57,002 [INFO] CodeEngine:255 - oldGeneratedFile, C:\Users\Admin\OneDrive\Documents\GitHub\444\Lab_4\Core\Src\main.c_save
2023-10-31 14:39:57,388 [INFO] CodeEngine:279 - Generated code: C:\Users\Admin\OneDrive\Documents\GitHub\444\Lab_4\Core\Src\main.c
2023-10-31 14:39:59,591 [INFO] ProjectBuilder:3064 - Time for Copy HAL[1] : 1728mS.
2023-10-31 14:39:59,601 [INFO] ProjectBuilder:4404 - Project Generator version: 4.1.0
2023-10-31 14:39:59,955 [INFO] ConfigFileManager:1457 - The Die is : DIE470
2023-10-31 14:39:59,971 [INFO] ApiDbMcu:507 - Load IP Config File for FATFS
2023-10-31 14:39:59,979 [INFO] ApiDbMcu:507 - Load IP Config File for FREERTOS
2023-10-31 14:39:59,999 [INFO] ApiDbMcu:507 - Load IP Config File for TOUCHSENSING
2023-10-31 14:40:00,028 [INFO] ApiDbMcu:507 - Load IP Config File for USB_DEVICE
2023-10-31 14:40:00,034 [INFO] ApiDbMcu:507 - Load IP Config File for USB_HOST
2023-10-31 14:40:00,800 [INFO] LogOutputStream:77 - [STDOUT_REDIRECT] 
2023-10-31 14:40:02,532 [INFO] ProjectBuilder:4626 - Time for Generating toolchain IDE Files: 2931mS.
2023-10-31 14:40:02,535 [INFO] ProjectBuilder:2935 - Time for Copy CMSIS : 1mS.
2023-10-31 14:40:02,539 [INFO] ProjectBuilder:2935 - Time for Copy CMSIS : 0mS.
2023-10-31 14:41:57,106 [WARN] IP:2114 - MaxTran not found: check if there is a RefParameter without a condition.
2023-10-31 14:41:57,106 [WARN] IP:2114 - Refresh not found: check if there is a RefParameter without a condition.
2023-10-31 14:41:57,175 [WARN] IP:2114 - MaxTran not found: check if there is a RefParameter without a condition.
2023-10-31 14:41:57,176 [WARN] IP:2114 - Refresh not found: check if there is a RefParameter without a condition.
2023-10-31 14:41:57,176 [WARN] IP:2114 - MaxTran not found: check if there is a RefParameter without a condition.
2023-10-31 14:41:57,176 [WARN] IP:2114 - Refresh not found: check if there is a RefParameter without a condition.
2023-10-31 14:41:57,422 [WARN] IP:2114 - MaxTran not found: check if there is a RefParameter without a condition.
2023-10-31 14:41:57,422 [WARN] IP:2114 - Refresh not found: check if there is a RefParameter without a condition.
2023-10-31 14:41:57,423 [WARN] IP:2114 - MaxTran not found: check if there is a RefParameter without a condition.
2023-10-31 14:41:57,423 [WARN] IP:2114 - Refresh not found: check if there is a RefParameter without a condition.
2023-10-31 14:42:00,242 [WARN] IP:2114 - MaxTran not found: check if there is a RefParameter without a condition.
2023-10-31 14:42:00,242 [WARN] IP:2114 - Refresh not found: check if there is a RefParameter without a condition.
2023-10-31 14:42:00,287 [WARN] IP:2114 - MaxTran not found: check if there is a RefParameter without a condition.
2023-10-31 14:42:00,287 [WARN] IP:2114 - Refresh not found: check if there is a RefParameter without a condition.
2023-10-31 14:42:00,288 [WARN] IP:2114 - MaxTran not found: check if there is a RefParameter without a condition.
2023-10-31 14:42:00,289 [WARN] IP:2114 - Refresh not found: check if there is a RefParameter without a condition.
2023-10-31 14:42:00,389 [WARN] IP:2114 - MaxTran not found: check if there is a RefParameter without a condition.
2023-10-31 14:42:00,389 [WARN] IP:2114 - Refresh not found: check if there is a RefParameter without a condition.
2023-10-31 14:42:00,390 [WARN] IP:2114 - MaxTran not found: check if there is a RefParameter without a condition.
2023-10-31 14:42:00,390 [WARN] IP:2114 - Refresh not found: check if there is a RefParameter without a condition.
2023-10-31 14:42:05,042 [WARN] IP:2114 - MaxTran not found: check if there is a RefParameter without a condition.
2023-10-31 14:42:05,042 [WARN] IP:2114 - Refresh not found: check if there is a RefParameter without a condition.
2023-10-31 14:42:05,090 [WARN] IP:2114 - MaxTran not found: check if there is a RefParameter without a condition.
2023-10-31 14:42:05,090 [WARN] IP:2114 - Refresh not found: check if there is a RefParameter without a condition.
2023-10-31 14:42:05,091 [WARN] IP:2114 - MaxTran not found: check if there is a RefParameter without a condition.
2023-10-31 14:42:05,091 [WARN] IP:2114 - Refresh not found: check if there is a RefParameter without a condition.
2023-10-31 14:42:05,161 [WARN] IP:2114 - MaxTran not found: check if there is a RefParameter without a condition.
2023-10-31 14:42:05,161 [WARN] IP:2114 - Refresh not found: check if there is a RefParameter without a condition.
2023-10-31 14:42:05,162 [WARN] IP:2114 - MaxTran not found: check if there is a RefParameter without a condition.
2023-10-31 14:42:05,162 [WARN] IP:2114 - Refresh not found: check if there is a RefParameter without a condition.
2023-10-31 14:42:13,930 [WARN] IP:2114 - MaxTran not found: check if there is a RefParameter without a condition.
2023-10-31 14:42:13,930 [WARN] IP:2114 - Refresh not found: check if there is a RefParameter without a condition.
2023-10-31 14:42:13,930 [WARN] IP:2114 - MaxTran not found: check if there is a RefParameter without a condition.
2023-10-31 14:42:13,930 [WARN] IP:2114 - Refresh not found: check if there is a RefParameter without a condition.
2023-10-31 14:42:13,990 [WARN] IP:2114 - MaxTran not found: check if there is a RefParameter without a condition.
2023-10-31 14:42:13,990 [WARN] IP:2114 - Refresh not found: check if there is a RefParameter without a condition.
2023-10-31 14:42:29,489 [INFO] UtilMem:75 - End SaveConfig() Used Memory: 757337624 Bytes (1073741824)
2023-10-31 14:42:29,694 [INFO] UtilMem:75 - End SaveConfig() Used Memory: 786173464 Bytes (1073741824)
2023-10-31 14:42:30,476 [INFO] UtilMem:75 - End SaveConfig() Used Memory: 900992512 Bytes (1073741824)
2023-10-31 14:42:30,864 [INFO] BlockDiagram:2759 - set Specific Code input for plugin: SYS
2023-10-31 14:42:30,864 [INFO] BlockDiagram:2759 - set Specific Code input for plugin: RCC
2023-10-31 14:42:30,864 [INFO] BlockDiagram:2759 - set Specific Code input for plugin: I2C
2023-10-31 14:42:30,864 [INFO] BlockDiagram:2759 - set Specific Code input for plugin: NVIC
2023-10-31 14:42:30,864 [INFO] BlockDiagram:2759 - set Specific Code input for plugin: USART
2023-10-31 14:42:30,864 [INFO] BlockDiagram:2759 - set Specific Code input for plugin: OCTOSPI
2023-10-31 14:42:30,865 [INFO] BlockDiagram:2759 - set Specific Code input for plugin: GPIO
2023-10-31 14:42:30,868 [INFO] CodeGenerator:799 - code generatio: config db path: C:\ST\STM32CubeIDE_1.13.1\STM32CubeIDE\plugins\com.st.stm32cube.common.mx_6.9.1.202307191849\\db\
2023-10-31 14:42:30,873 [WARN] IP:2114 - MaxTran not found: check if there is a RefParameter without a condition.
2023-10-31 14:42:30,873 [WARN] IP:2114 - Refresh not found: check if there is a RefParameter without a condition.
2023-10-31 14:42:31,102 [INFO] CodeEngine:255 - oldGeneratedFile, C:\Users\Admin\OneDrive\Documents\GitHub\444\Lab_4\MXTmpFiles\license.tmp_save
2023-10-31 14:42:31,234 [INFO] CodeEngine:279 - Generated code: C:\Users\Admin\OneDrive\Documents\GitHub\444\Lab_4\MXTmpFiles\license.tmp
2023-10-31 14:42:31,410 [INFO] CodeEngine:255 - oldGeneratedFile, C:\Users\Admin\OneDrive\Documents\GitHub\444\Lab_4\MXTmpFiles\gpio.tmp_save
2023-10-31 14:42:31,509 [INFO] CodeEngine:279 - Generated code: C:\Users\Admin\OneDrive\Documents\GitHub\444\Lab_4\MXTmpFiles\gpio.tmp
2023-10-31 14:42:31,819 [INFO] CodeEngine:255 - oldGeneratedFile, C:\Users\Admin\OneDrive\Documents\GitHub\444\Lab_4\Core\Src\stm32l4xx_it.c_save
2023-10-31 14:42:32,205 [INFO] CodeEngine:279 - Generated code: C:\Users\Admin\OneDrive\Documents\GitHub\444\Lab_4\Core\Src\stm32l4xx_it.c
2023-10-31 14:42:32,244 [INFO] CodeEngine:255 - oldGeneratedFile, C:\Users\Admin\OneDrive\Documents\GitHub\444\Lab_4\Core\Inc\stm32l4xx_it.h_save
2023-10-31 14:42:32,444 [INFO] CodeEngine:279 - Generated code: C:\Users\Admin\OneDrive\Documents\GitHub\444\Lab_4\Core\Inc\stm32l4xx_it.h
2023-10-31 14:42:32,700 [INFO] CodeEngine:255 - oldGeneratedFile, C:\Users\Admin\OneDrive\Documents\GitHub\444\Lab_4\Core\Src\stm32l4xx_hal_msp.c_save
2023-10-31 14:42:32,887 [INFO] CodeEngine:279 - Generated code: C:\Users\Admin\OneDrive\Documents\GitHub\444\Lab_4\Core\Src\stm32l4xx_hal_msp.c
2023-10-31 14:42:32,924 [INFO] CodeEngine:255 - oldGeneratedFile, C:\Users\Admin\OneDrive\Documents\GitHub\444\Lab_4\MXTmpFiles\system.tmp_save
2023-10-31 14:42:33,027 [INFO] CodeEngine:279 - Generated code: C:\Users\Admin\OneDrive\Documents\GitHub\444\Lab_4\MXTmpFiles\system.tmp
2023-10-31 14:42:33,201 [INFO] CodeEngine:311 - oldGeneratedFile, C:\Users\Admin\OneDrive\Documents\GitHub\444\Lab_4\Core\Inc\stm32l4xx_hal_conf.h_save
2023-10-31 14:42:33,415 [INFO] CodeEngine:335 - Generated code: C:\Users\Admin\OneDrive\Documents\GitHub\444\Lab_4\Core\Inc\stm32l4xx_hal_conf.h
2023-10-31 14:42:33,599 [INFO] CodeEngine:255 - oldGeneratedFile, C:\Users\Admin\OneDrive\Documents\GitHub\444\Lab_4\Core\Inc\main.h_save
2023-10-31 14:42:33,695 [INFO] CodeEngine:279 - Generated code: C:\Users\Admin\OneDrive\Documents\GitHub\444\Lab_4\Core\Inc\main.h
2023-10-31 14:42:33,754 [INFO] CodeEngine:255 - oldGeneratedFile, C:\Users\Admin\OneDrive\Documents\GitHub\444\Lab_4\Core\Src\main.c_save
2023-10-31 14:42:33,990 [INFO] CodeEngine:279 - Generated code: C:\Users\Admin\OneDrive\Documents\GitHub\444\Lab_4\Core\Src\main.c
2023-10-31 14:42:35,417 [INFO] ProjectBuilder:3064 - Time for Copy HAL[1] : 982mS.
2023-10-31 14:42:35,428 [INFO] ProjectBuilder:4404 - Project Generator version: 4.1.0
2023-10-31 14:42:35,689 [INFO] ConfigFileManager:1457 - The Die is : DIE470
2023-10-31 14:42:37,530 [INFO] ProjectBuilder:4626 - Time for Generating toolchain IDE Files: 2101mS.
2023-10-31 14:42:37,531 [INFO] ProjectBuilder:2935 - Time for Copy CMSIS : 1mS.
2023-10-31 14:42:37,535 [INFO] ProjectBuilder:2935 - Time for Copy CMSIS : 0mS.
2023-10-31 14:57:06,063 [WARN] IP:2114 - MaxTran not found: check if there is a RefParameter without a condition.
2023-10-31 14:57:06,063 [WARN] IP:2114 - Refresh not found: check if there is a RefParameter without a condition.
2023-10-31 14:57:06,133 [WARN] IP:2114 - MaxTran not found: check if there is a RefParameter without a condition.
2023-10-31 14:57:06,133 [WARN] IP:2114 - Refresh not found: check if there is a RefParameter without a condition.
2023-10-31 14:57:06,134 [WARN] IP:2114 - MaxTran not found: check if there is a RefParameter without a condition.
2023-10-31 14:57:06,134 [WARN] IP:2114 - Refresh not found: check if there is a RefParameter without a condition.
2023-10-31 14:57:06,164 [WARN] IP:2114 - MaxTran not found: check if there is a RefParameter without a condition.
2023-10-31 14:57:06,164 [WARN] IP:2114 - Refresh not found: check if there is a RefParameter without a condition.
2023-10-31 14:57:06,186 [WARN] IP:2114 - MaxTran not found: check if there is a RefParameter without a condition.
2023-10-31 14:57:06,186 [WARN] IP:2114 - Refresh not found: check if there is a RefParameter without a condition.
2023-10-31 14:57:21,022 [WARN] IP:2114 - MaxTran not found: check if there is a RefParameter without a condition.
2023-10-31 14:57:21,022 [WARN] IP:2114 - Refresh not found: check if there is a RefParameter without a condition.
2023-10-31 14:57:21,085 [WARN] IP:2114 - MaxTran not found: check if there is a RefParameter without a condition.
2023-10-31 14:57:21,085 [WARN] IP:2114 - Refresh not found: check if there is a RefParameter without a condition.
2023-10-31 14:57:21,085 [WARN] IP:2114 - MaxTran not found: check if there is a RefParameter without a condition.
2023-10-31 14:57:21,085 [WARN] IP:2114 - Refresh not found: check if there is a RefParameter without a condition.
2023-10-31 14:57:21,103 [WARN] IP:2114 - MaxTran not found: check if there is a RefParameter without a condition.
2023-10-31 14:57:21,103 [WARN] IP:2114 - Refresh not found: check if there is a RefParameter without a condition.
2023-10-31 14:57:21,128 [WARN] IP:2114 - MaxTran not found: check if there is a RefParameter without a condition.
2023-10-31 14:57:21,128 [WARN] IP:2114 - Refresh not found: check if there is a RefParameter without a condition.
2023-10-31 14:57:49,394 [INFO] UtilMem:75 - End SaveConfig() Used Memory: 841235784 Bytes (1073741824)
2023-10-31 14:57:49,710 [INFO] UtilMem:75 - End SaveConfig() Used Memory: 880183768 Bytes (1073741824)
2023-10-31 14:57:51,040 [INFO] UtilMem:75 - End SaveConfig() Used Memory: 628521856 Bytes (1073741824)
2023-10-31 14:57:51,401 [INFO] BlockDiagram:2759 - set Specific Code input for plugin: SYS
2023-10-31 14:57:51,402 [INFO] BlockDiagram:2759 - set Specific Code input for plugin: RCC
2023-10-31 14:57:51,402 [INFO] BlockDiagram:2759 - set Specific Code input for plugin: I2C
2023-10-31 14:57:51,402 [INFO] BlockDiagram:2759 - set Specific Code input for plugin: NVIC
2023-10-31 14:57:51,402 [INFO] BlockDiagram:2759 - set Specific Code input for plugin: USART
2023-10-31 14:57:51,402 [INFO] BlockDiagram:2759 - set Specific Code input for plugin: OCTOSPI
2023-10-31 14:57:51,402 [INFO] BlockDiagram:2759 - set Specific Code input for plugin: GPIO
2023-10-31 14:57:51,404 [INFO] CodeGenerator:799 - code generatio: config db path: C:\ST\STM32CubeIDE_1.13.1\STM32CubeIDE\plugins\com.st.stm32cube.common.mx_6.9.1.202307191849\\db\
2023-10-31 14:57:51,408 [WARN] IP:2114 - MaxTran not found: check if there is a RefParameter without a condition.
2023-10-31 14:57:51,408 [WARN] IP:2114 - Refresh not found: check if there is a RefParameter without a condition.
2023-10-31 14:57:51,587 [INFO] CodeEngine:255 - oldGeneratedFile, C:\Users\Admin\OneDrive\Documents\GitHub\444\Lab_4\MXTmpFiles\license.tmp_save
2023-10-31 14:57:51,824 [INFO] CodeEngine:279 - Generated code: C:\Users\Admin\OneDrive\Documents\GitHub\444\Lab_4\MXTmpFiles\license.tmp
2023-10-31 14:57:51,956 [INFO] CodeEngine:255 - oldGeneratedFile, C:\Users\Admin\OneDrive\Documents\GitHub\444\Lab_4\MXTmpFiles\gpio.tmp_save
2023-10-31 14:57:52,059 [INFO] CodeEngine:279 - Generated code: C:\Users\Admin\OneDrive\Documents\GitHub\444\Lab_4\MXTmpFiles\gpio.tmp
2023-10-31 14:57:58,063 [INFO] CodeEngine:255 - oldGeneratedFile, C:\Users\Admin\OneDrive\Documents\GitHub\444\Lab_4\Core\Src\stm32l4xx_it.c_save
2023-10-31 14:57:58,915 [INFO] CodeEngine:279 - Generated code: C:\Users\Admin\OneDrive\Documents\GitHub\444\Lab_4\Core\Src\stm32l4xx_it.c
2023-10-31 14:57:59,184 [INFO] CodeEngine:255 - oldGeneratedFile, C:\Users\Admin\OneDrive\Documents\GitHub\444\Lab_4\Core\Inc\stm32l4xx_it.h_save
2023-10-31 14:58:04,995 [INFO] CodeEngine:279 - Generated code: C:\Users\Admin\OneDrive\Documents\GitHub\444\Lab_4\Core\Inc\stm32l4xx_it.h
2023-10-31 14:58:05,870 [INFO] CodeEngine:255 - oldGeneratedFile, C:\Users\Admin\OneDrive\Documents\GitHub\444\Lab_4\Core\Src\stm32l4xx_hal_msp.c_save
2023-10-31 14:58:06,565 [INFO] CodeEngine:279 - Generated code: C:\Users\Admin\OneDrive\Documents\GitHub\444\Lab_4\Core\Src\stm32l4xx_hal_msp.c
2023-10-31 14:58:06,717 [INFO] CodeEngine:255 - oldGeneratedFile, C:\Users\Admin\OneDrive\Documents\GitHub\444\Lab_4\MXTmpFiles\system.tmp_save
2023-10-31 14:58:07,147 [INFO] CodeEngine:279 - Generated code: C:\Users\Admin\OneDrive\Documents\GitHub\444\Lab_4\MXTmpFiles\system.tmp
2023-10-31 14:58:09,191 [INFO] CodeEngine:311 - oldGeneratedFile, C:\Users\Admin\OneDrive\Documents\GitHub\444\Lab_4\Core\Inc\stm32l4xx_hal_conf.h_save
2023-10-31 14:58:10,139 [INFO] CodeEngine:335 - Generated code: C:\Users\Admin\OneDrive\Documents\GitHub\444\Lab_4\Core\Inc\stm32l4xx_hal_conf.h
2023-10-31 14:58:10,498 [INFO] CodeEngine:255 - oldGeneratedFile, C:\Users\Admin\OneDrive\Documents\GitHub\444\Lab_4\Core\Inc\main.h_save
2023-10-31 14:58:10,597 [INFO] CodeEngine:279 - Generated code: C:\Users\Admin\OneDrive\Documents\GitHub\444\Lab_4\Core\Inc\main.h
2023-10-31 14:58:10,637 [INFO] CodeEngine:255 - oldGeneratedFile, C:\Users\Admin\OneDrive\Documents\GitHub\444\Lab_4\Core\Src\main.c_save
2023-10-31 14:58:10,761 [INFO] CodeEngine:279 - Generated code: C:\Users\Admin\OneDrive\Documents\GitHub\444\Lab_4\Core\Src\main.c
2023-10-31 14:58:12,970 [INFO] ProjectBuilder:3064 - Time for Copy HAL[1] : 1965mS.
2023-10-31 14:58:12,977 [INFO] ProjectBuilder:4404 - Project Generator version: 4.1.0
2023-10-31 14:58:13,198 [INFO] ConfigFileManager:1457 - The Die is : DIE470
2023-10-31 14:58:15,129 [INFO] ProjectBuilder:4626 - Time for Generating toolchain IDE Files: 2152mS.
2023-10-31 14:58:15,138 [INFO] ProjectBuilder:2935 - Time for Copy CMSIS : 9mS.
2023-10-31 14:58:15,138 [INFO] ProjectBuilder:2935 - Time for Copy CMSIS : 0mS.
2023-10-31 15:30:13,818 [ERROR] LogOutputStream:75 - [STDERR_REDIRECT] 
